<?xml version="1.0" encoding="utf-8" ?>
<!DOCTYPE html PUBLIC "-//W3C//DTD XHTML 1.0 Strict//EN"
        "http://www.w3.org/TR/xhtml1/DTD/xhtml1-strict.dtd">
<html xmlns="http://www.w3.org/1999/xhtml" xml:lang="" lang="">
<head>
  <title>Test Results Report - Test on Internet Explorer</title>
  <meta http-equiv="Content-Type" content="text/html;charset=utf-8" />
  <meta name="description" content="TestNG unit test results." />
  <link href="reportng.css" rel="stylesheet" type="text/css" />
    <script type="text/javascript" src="reportng.js"></script>
</head>
<body>
<h1>Test on Internet Explorer</h1>
<p>
  Test duration: 43,418s
</p>



  <table class="resultsTable">
    <tr><th colspan="3" class="header failed">Failed Tests</th></tr>
          <tr>
        <td colspan="3" class="group">test.java.TestPlayer</td>
      </tr>
            
<tr>
  <td class="method">
                  <span class="description" title="Play trailer after login">testPlayerSuccess</span>
      </td>
  <td class="duration">
    35,629s
  </td>
  <td class="result">
        
    
            <div class="testOutput">
                        Found element:By.xpath: //img[starts-with(@id, 'play-button-')]
                                Found element:By.xpath: //img[starts-with(@id, 'play-button-')]
                                Found element:By.id: playbackControls
                                Found element:By.id: playbackTitle
                                Found element:By.id: playbackInfo
                                Found element:By.id: seekbar
                                Found element:By.id: playbackElapsedTime
                                Found element:By.xpath: //img[starts-with(@id, 'play-button-')]
                                Script run: var evObj = document.createEvent('MouseEvents');evObj.initMouseEvent("mouseover",true, false, window, 0, 0, 0, 0, 0, false, false, false, false, 0, null);arguments[0].dispatchEvent(evObj);
                                Found element:By.id: play_dropdown
                                Found element:By.tagName: a
                                Script run: PlayerManager.handlePlay('PlayContent', '894d224d-00d6-43f7-92df-6ac52c4cdfc4'); 
                                                 GoogleHelper.track('VideoPlay','PlayContent','Game of Thrones IV. (1): Two Swords'); 
                                                 return false;
                                Found element:By.id: playbackTitle
                                Found element:By.id: playbackTitle
                                Found element:By.id: playbackTitle
                                Element found: By.id: playbackTitle with text TRÓNOK HARCA
                                Found element:By.id: playbackControls
                                Found element:By.id: playbackControls
                                Script run: var evObj = document.createEvent('MouseEvents');evObj.initMouseEvent("mouseover",true, false, window, 0, 0, 0, 0, 0, false, false, false, false, 0, null);arguments[0].dispatchEvent(evObj);
                                Found element:By.id: playbackControls
                                Found element:By.id: playPause
                                Script run: PlayerManager.playPause()
                                Found element:By.id: seekbar
                                Script run: var evObj = document.createEvent('MouseEvents');evObj.initMouseEvent("mouseover",true, false, window, 0, 0, 0, 0, 0, false, false, false, false, 0, null);arguments[0].dispatchEvent(evObj);
                                Found element:By.id: playbackControls
                                Found element:By.id: playPause
                                Script run: PlayerManager.playPause()
                                Found element:By.id: playbackElapsedTime
                                Script run: return jQuery(arguments[0]).text();
                                Found element:By.id: playbackElapsedTime
                                Script run: return jQuery(arguments[0]).text();
                                Found element:By.id: playbackElapsedTime
                                Script run: return jQuery(arguments[0]).text();
                                Found element:By.id: playbackElapsedTime
                                Script run: return jQuery(arguments[0]).text();
                                Found element:By.id: playbackElapsedTime
                                Script run: return jQuery(arguments[0]).text();
                                Found element:By.id: playbackElapsedTime
                                Script run: return jQuery(arguments[0]).text();
                                Found element:By.id: playbackElapsedTime
                                Script run: return jQuery(arguments[0]).text();
                                Found element:By.id: playbackElapsedTime
                                Script run: return jQuery(arguments[0]).text();
                                Completed executing following method : TestPlayer.testPlayerSuccess
                                Completed executing following method : TestPlayer.testPlayerSuccess
                                Completed executing following method : TestPlayer.testPlayerSuccess
                                Completed executing following method : TestPlayer.testPlayerSuccess
                                Completed executing following method : TestPlayer.testPlayerSuccess
                                Completed executing following method : TestPlayer.testPlayerSuccess
                                Completed executing following method : TestPlayer.testPlayerSuccess
                                Completed executing following method : TestPlayer.testPlayerSuccess
                                Test Method resides in test.java.TestPlayer
                                Test Status: Failed
                                <a href="C:/Users/igeorge1982/Documents/Tests/INTERNET_EXPLORER-testPlayerSuccess(test.java.TestPlayer)-2015-2-20-15-23-58-617.png"><p align="left">Error screenshot at Fri Mar 20 15:23:59 CET 2015</p>
                                <p><img width="50%" src="C:\Users\igeorge1982\Documents\Tests\INTERNET_EXPLORER-testPlayerSuccess(test.java.TestPlayer)-2015-2-20-15-23-58-617.png" alt="screenshot at Fri Mar 20 15:23:59 CET 2015"/></p></a><br />
                                Fuck<br>
                  </div>
    

        <a href="javascript:toggleElement('exception-0', 'block')" title="Click to expand/collapse"><b>java.lang.AssertionError: expected [true] but found [false]</b></a><br />
    <div class="stackTrace" id="exception-0">
              org.testng.Assert.fail(Assert.java:94)<br />
              org.testng.Assert.failNotEquals(Assert.java:494)<br />
              org.testng.Assert.assertTrue(Assert.java:42)<br />
              org.testng.Assert.assertTrue(Assert.java:52)<br />
              main.TestBase.assertTrue(TestBase.java:101)<br />
              pageObjects.PlayMainContent.playMainContent(PlayMainContent.java:133)<br />
              test.java.TestPlayer.testPlayerSuccess(TestPlayer.java:84)<br />
              sun.reflect.NativeMethodAccessorImpl.invoke0(Native Method)<br />
              sun.reflect.NativeMethodAccessorImpl.invoke(NativeMethodAccessorImpl.java:62)<br />
              sun.reflect.DelegatingMethodAccessorImpl.invoke(DelegatingMethodAccessorImpl.java:43)<br />
              java.lang.reflect.Method.invoke(Method.java:483)<br />
              org.testng.internal.MethodInvocationHelper.invokeMethod(MethodInvocationHelper.java:84)<br />
              org.testng.internal.Invoker.invokeMethod(Invoker.java:714)<br />
              org.testng.internal.Invoker.invokeTestMethod(Invoker.java:901)<br />
              org.testng.internal.Invoker.invokeTestMethods(Invoker.java:1231)<br />
              org.testng.internal.TestMethodWorker.invokeTestMethods(TestMethodWorker.java:127)<br />
              org.testng.internal.TestMethodWorker.run(TestMethodWorker.java:111)<br />
              org.testng.TestRunner.privateRun(TestRunner.java:767)<br />
              org.testng.TestRunner.run(TestRunner.java:617)<br />
              org.testng.SuiteRunner.runTest(SuiteRunner.java:334)<br />
              org.testng.SuiteRunner.runSequentially(SuiteRunner.java:329)<br />
              org.testng.SuiteRunner.privateRun(SuiteRunner.java:291)<br />
              org.testng.SuiteRunner.run(SuiteRunner.java:240)<br />
              org.testng.SuiteRunnerWorker.runSuite(SuiteRunnerWorker.java:52)<br />
              org.testng.SuiteRunnerWorker.run(SuiteRunnerWorker.java:86)<br />
              org.testng.TestNG.runSuitesSequentially(TestNG.java:1224)<br />
              org.testng.TestNG.runSuitesLocally(TestNG.java:1149)<br />
              org.testng.TestNG.run(TestNG.java:1057)<br />
              org.testng.remote.RemoteTestNG.run(RemoteTestNG.java:111)<br />
              org.testng.remote.RemoteTestNG.initAndRun(RemoteTestNG.java:204)<br />
              org.testng.remote.RemoteTestNG.main(RemoteTestNG.java:175)<br />
                </div>
      </td>
</tr>
<tr>
  <td class="method">
                  <span class="description" title="HBO login">testSignInSuccess</span>
      </td>
  <td class="duration">
    3,617s
  </td>
  <td class="result">
        
          <i>Method arguments: </i><span class="arguments">"OperatorId_f320aa2c-e40e-49c2-8cdd-1ebef2ac6f26"</span><br />
    
            <div class="testOutput">
                        Found element:By.id: headerButtonLogin
                                Found element:By.id: headerButtonLogin
                                Completed executing following method : TestPlayer.testSignInSuccess
                                Completed executing following method : TestPlayer.testSignInSuccess
                                Completed executing following method : TestPlayer.testSignInSuccess
                                Completed executing following method : TestPlayer.testSignInSuccess
                                Completed executing following method : TestPlayer.testSignInSuccess
                                Completed executing following method : TestPlayer.testSignInSuccess
                                Completed executing following method : TestPlayer.testSignInSuccess
                                Completed executing following method : TestPlayer.testSignInSuccess
                                Test Method resides in test.java.TestPlayer
                                Test Method had the following parameters : nullOperatorId_f320aa2c-e40e-49c2-8cdd-1ebef2ac6f26,
                                Test Status: Failed
                                <a href="C:/Users/igeorge1982/Documents/Tests/INTERNET_EXPLORER-testSignInSuccess(test.java.TestPlayer)-2015-2-20-15-23-22-412.png"><p align="left">Error screenshot at Fri Mar 20 15:23:22 CET 2015</p>
                                <p><img width="50%" src="C:\Users\igeorge1982\Documents\Tests\INTERNET_EXPLORER-testSignInSuccess(test.java.TestPlayer)-2015-2-20-15-23-22-412.png" alt="screenshot at Fri Mar 20 15:23:22 CET 2015"/></p></a><br />
                                Fuck<br>
                  </div>
    

        <a href="javascript:toggleElement('exception-1', 'block')" title="Click to expand/collapse"><b>org.openqa.selenium.ElementNotVisibleException: Cannot click on element (WARNING: The server did not provide any stacktrace information)<br/>
Command duration or timeout: 141 milliseconds<br/>
Build info: version: &apos;2.45.0&apos;, revision: &apos;5017cb8&apos;, time: &apos;2015-02-27 00:00:10&apos;<br/>
System info: host: &apos;Gyuri&apos;, ip: &apos;192.168.21.50&apos;, os.name: &apos;Windows 8.1&apos;, os.arch: &apos;amd64&apos;, os.version: &apos;6.3&apos;, java.version: &apos;1.8.0_25&apos;<br/>
Driver info: org.openqa.selenium.ie.InternetExplorerDriver<br/>
Capabilities [{browserAttachTimeout=0, enablePersistentHover=false, ie.forceCreateProcessApi=false, ie.usePerProcessProxy=false, ignoreZoomSetting=false, handlesAlerts=true, version=11, platform=WINDOWS, nativeEvents=true, ie.ensureCleanSession=false, elementScrollBehavior=0, ie.browserCommandLineSwitches=, requireWindowFocus=false, browserName=internet explorer, initialBrowserUrl=http://localhost:39390/, takesScreenshot=true, javascriptEnabled=true, ignoreProtectedModeSettings=true, enableElementCacheCleanup=true, cssSelectorsEnabled=true, unexpectedAlertBehaviour=dismiss}]<br/>
Session ID: 8679805e-3f0c-48ef-a6fc-d0bb22ee9849</b></a><br />
    <div class="stackTrace" id="exception-1">
              sun.reflect.NativeConstructorAccessorImpl.newInstance0(Native Method)<br />
              sun.reflect.NativeConstructorAccessorImpl.newInstance(NativeConstructorAccessorImpl.java:62)<br />
              sun.reflect.DelegatingConstructorAccessorImpl.newInstance(DelegatingConstructorAccessorImpl.java:45)<br />
              java.lang.reflect.Constructor.newInstance(Constructor.java:408)<br />
              org.openqa.selenium.remote.ErrorHandler.createThrowable(ErrorHandler.java:204)<br />
              org.openqa.selenium.remote.ErrorHandler.throwIfResponseFailed(ErrorHandler.java:156)<br />
              org.openqa.selenium.remote.RemoteWebDriver.execute(RemoteWebDriver.java:599)<br />
              org.openqa.selenium.remote.RemoteWebElement.execute(RemoteWebElement.java:268)<br />
              org.openqa.selenium.remote.RemoteWebElement.click(RemoteWebElement.java:79)<br />
              sun.reflect.NativeMethodAccessorImpl.invoke0(Native Method)<br />
              sun.reflect.NativeMethodAccessorImpl.invoke(NativeMethodAccessorImpl.java:62)<br />
              sun.reflect.DelegatingMethodAccessorImpl.invoke(DelegatingMethodAccessorImpl.java:43)<br />
              java.lang.reflect.Method.invoke(Method.java:483)<br />
              org.openqa.selenium.support.events.EventFiringWebDriver$EventFiringWebElement$1.invoke(EventFiringWebDriver.java:331)<br />
              com.sun.proxy.$Proxy12.click(Unknown Source)<br />
              org.openqa.selenium.support.events.EventFiringWebDriver$EventFiringWebElement.click(EventFiringWebDriver.java:344)<br />
              sun.reflect.NativeMethodAccessorImpl.invoke0(Native Method)<br />
              sun.reflect.NativeMethodAccessorImpl.invoke(NativeMethodAccessorImpl.java:62)<br />
              sun.reflect.DelegatingMethodAccessorImpl.invoke(DelegatingMethodAccessorImpl.java:43)<br />
              java.lang.reflect.Method.invoke(Method.java:483)<br />
              org.openqa.selenium.support.events.EventFiringWebDriver$EventFiringWebElement$1.invoke(EventFiringWebDriver.java:331)<br />
              com.sun.proxy.$Proxy13.click(Unknown Source)<br />
              org.openqa.selenium.support.events.EventFiringWebDriver$EventFiringWebElement.click(EventFiringWebDriver.java:344)<br />
              pageObjects.HboSignIn.selectOperator(HboSignIn.java:32)<br />
              test.java.TestPlayer.testSignInSuccess(TestPlayer.java:63)<br />
              sun.reflect.NativeMethodAccessorImpl.invoke0(Native Method)<br />
              sun.reflect.NativeMethodAccessorImpl.invoke(NativeMethodAccessorImpl.java:62)<br />
              sun.reflect.DelegatingMethodAccessorImpl.invoke(DelegatingMethodAccessorImpl.java:43)<br />
              java.lang.reflect.Method.invoke(Method.java:483)<br />
              org.testng.internal.MethodInvocationHelper.invokeMethod(MethodInvocationHelper.java:84)<br />
              org.testng.internal.Invoker.invokeMethod(Invoker.java:714)<br />
              org.testng.internal.Invoker.invokeTestMethod(Invoker.java:901)<br />
              org.testng.internal.Invoker.invokeTestMethods(Invoker.java:1231)<br />
              org.testng.internal.TestMethodWorker.invokeTestMethods(TestMethodWorker.java:127)<br />
              org.testng.internal.TestMethodWorker.run(TestMethodWorker.java:111)<br />
              org.testng.TestRunner.privateRun(TestRunner.java:767)<br />
              org.testng.TestRunner.run(TestRunner.java:617)<br />
              org.testng.SuiteRunner.runTest(SuiteRunner.java:334)<br />
              org.testng.SuiteRunner.runSequentially(SuiteRunner.java:329)<br />
              org.testng.SuiteRunner.privateRun(SuiteRunner.java:291)<br />
              org.testng.SuiteRunner.run(SuiteRunner.java:240)<br />
              org.testng.SuiteRunnerWorker.runSuite(SuiteRunnerWorker.java:52)<br />
              org.testng.SuiteRunnerWorker.run(SuiteRunnerWorker.java:86)<br />
              org.testng.TestNG.runSuitesSequentially(TestNG.java:1224)<br />
              org.testng.TestNG.runSuitesLocally(TestNG.java:1149)<br />
              org.testng.TestNG.run(TestNG.java:1057)<br />
              org.testng.remote.RemoteTestNG.run(RemoteTestNG.java:111)<br />
              org.testng.remote.RemoteTestNG.initAndRun(RemoteTestNG.java:204)<br />
              org.testng.remote.RemoteTestNG.main(RemoteTestNG.java:175)<br />
                </div>
      </td>
</tr>
      </table>


  
</body>
</html>
