<?xml version="1.0" encoding="utf-8" ?>
<!DOCTYPE html PUBLIC "-//W3C//DTD XHTML 1.0 Strict//EN"
        "http://www.w3.org/TR/xhtml1/DTD/xhtml1-strict.dtd">
<html xmlns="http://www.w3.org/1999/xhtml" xml:lang="" lang="">
<head>
  <title>Test Results Report - Test on Chrome</title>
  <meta http-equiv="Content-Type" content="text/html;charset=utf-8" />
  <meta name="description" content="TestNG unit test results." />
  <link href="reportng.css" rel="stylesheet" type="text/css" />
    <script type="text/javascript" src="reportng.js"></script>
</head>
<body>
<h1>Test on Chrome</h1>
<p>
  Test duration: 99,461s
</p>



  <table class="resultsTable">
    <tr><th colspan="3" class="header failed">Failed Tests</th></tr>
          <tr>
        <td colspan="3" class="group">test.java.TestMouseHover</td>
      </tr>
            
<tr>
  <td class="method">
                  testMouseHover
      </td>
  <td class="duration">
    39,211s
  </td>
  <td class="result">
        
    
            <div class="testOutput">
                        Found element:By.xpath: .//*[@id='content-inner']/div[1]/div[1]/div[2]
                                Found element:By.xpath: .//*[@id='content-inner']/div[1]/div[1]/div[2]
                                Found element:By.id: play_dropdown
                                Found element:By.linkText: Epizód megtekintése
                                Clicked on:[[ChromeDriver: chrome on MAC (ecacf9fe0d34f55bbdb077a3741daae0)] -> link text: Epizód megtekintése]
                                Found element:By.id: play_dropdown
                                Found element:By.tagName: a
                                Script run: PlayerManager.handlePlay('PlayFreeInteractive', '5cb82268-2275-4df2-9c15-b8bfa88a6341'); 
                                                 GoogleHelper.track('VideoPlay','PlayFreeInteractive','Game of Thrones (1): Winter Is Coming'); 
                                                 return false;
                                Found element:By.id: playbackElapsedTime
                                Script run: return jQuery(arguments[0]).text();
                                Found element:By.id: playbackElapsedTime
                                Script run: return jQuery(arguments[0]).text();
                                Completed executing following method : TestMouseHover.testMouseHover
                                Completed executing following method : TestMouseHover.testMouseHover
                                Completed executing following method : TestMouseHover.testMouseHover
                                Completed executing following method : TestMouseHover.testMouseHover
                                Completed executing following method : TestMouseHover.testMouseHover
                                Completed executing following method : TestMouseHover.testMouseHover
                                Completed executing following method : TestMouseHover.testMouseHover
                                Completed executing following method : TestMouseHover.testMouseHover
                                Completed executing following method : TestMouseHover.testMouseHover
                                Completed executing following method : TestMouseHover.testMouseHover
                                <a href="/Users/georgegaspar/Documents/Tests/CHROME-testMouseHover(test.java.TestMouseHover)-2015-3-1-2-20-34-672.png"><p align="left">Error screenshot at Wed Apr 01 02:20:35 CEST 2015</p>
                                <p><img width="50%" src="/Users/georgegaspar/Documents/Tests/CHROME-testMouseHover(test.java.TestMouseHover)-2015-3-1-2-20-34-672.png" alt="screenshot at Wed Apr 01 02:20:35 CEST 2015"/></p></a><br />
                                Fuck<br>
                                Test Method resides in test.java.TestMouseHover
                                Test Status: Failed
                  </div>
    

        <a href="javascript:toggleElement('exception-0', 'block')" title="Click to expand/collapse"><b>java.lang.AssertionError: Playback stopped after 10000 seconds! expected [true] but found [false]</b></a><br />
    <div class="stackTrace" id="exception-0">
              org.testng.Assert.fail(Assert.java:94)<br />
              org.testng.Assert.failNotEquals(Assert.java:494)<br />
              org.testng.Assert.assertTrue(Assert.java:42)<br />
              main.TestBase.assertTrue(TestBase.java:143)<br />
              main.TestBase.isPlayBackRunning(TestBase.java:705)<br />
              pageObjects.MouseHover.mouseHover(MouseHover.java:48)<br />
              test.java.TestMouseHover.testMouseHover(TestMouseHover.java:46)<br />
              sun.reflect.NativeMethodAccessorImpl.invoke0(Native Method)<br />
              sun.reflect.NativeMethodAccessorImpl.invoke(NativeMethodAccessorImpl.java:62)<br />
              sun.reflect.DelegatingMethodAccessorImpl.invoke(DelegatingMethodAccessorImpl.java:43)<br />
              java.lang.reflect.Method.invoke(Method.java:483)<br />
              org.testng.internal.MethodInvocationHelper.invokeMethod(MethodInvocationHelper.java:84)<br />
              org.testng.internal.Invoker.invokeMethod(Invoker.java:714)<br />
              org.testng.internal.Invoker.invokeTestMethod(Invoker.java:901)<br />
              org.testng.internal.Invoker.invokeTestMethods(Invoker.java:1231)<br />
              org.testng.internal.TestMethodWorker.invokeTestMethods(TestMethodWorker.java:127)<br />
              org.testng.internal.TestMethodWorker.run(TestMethodWorker.java:111)<br />
              org.testng.TestRunner.privateRun(TestRunner.java:767)<br />
              org.testng.TestRunner.run(TestRunner.java:617)<br />
              org.testng.SuiteRunner.runTest(SuiteRunner.java:334)<br />
              org.testng.SuiteRunner.runSequentially(SuiteRunner.java:329)<br />
              org.testng.SuiteRunner.privateRun(SuiteRunner.java:291)<br />
              org.testng.SuiteRunner.run(SuiteRunner.java:240)<br />
              org.testng.SuiteRunnerWorker.runSuite(SuiteRunnerWorker.java:52)<br />
              org.testng.SuiteRunnerWorker.run(SuiteRunnerWorker.java:86)<br />
              org.testng.TestNG.runSuitesSequentially(TestNG.java:1224)<br />
              org.testng.TestNG.runSuitesLocally(TestNG.java:1149)<br />
              org.testng.TestNG.run(TestNG.java:1057)<br />
              org.testng.remote.RemoteTestNG.run(RemoteTestNG.java:111)<br />
              org.testng.remote.RemoteTestNG.initAndRun(RemoteTestNG.java:204)<br />
              org.testng.remote.RemoteTestNG.main(RemoteTestNG.java:175)<br />
                </div>
      </td>
</tr>
<tr>
  <td class="method">
                  <span class="description" title="HBO login">testSignInSuccess</span>
      </td>
  <td class="duration">
    42,571s
  </td>
  <td class="result">
        
          <i>Method arguments: </i><span class="arguments">"OperatorId_f320aa2c-e40e-49c2-8cdd-1ebef2ac6f26"</span><br />
    
            <div class="testOutput">
                        Found element:By.id: headerButtonLogin
                                Found element:By.id: headerButtonLogin
                                Clicked on:[[ChromeDriver: chrome on MAC (ecacf9fe0d34f55bbdb077a3741daae0)] -> id: headerButtonLogin]
                                Found element:By.id: OperatorId
                                Found element:By.id: OperatorId
                                Clicked on:[[ChromeDriver: chrome on MAC (ecacf9fe0d34f55bbdb077a3741daae0)] -> id: OperatorId]
                                Found element:By.id: OperatorId_f320aa2c-e40e-49c2-8cdd-1ebef2ac6f26
                                Found element:By.id: OperatorId_f320aa2c-e40e-49c2-8cdd-1ebef2ac6f26
                                Clicked on:[[ChromeDriver: chrome on MAC (ecacf9fe0d34f55bbdb077a3741daae0)] -> id: OperatorId_f320aa2c-e40e-49c2-8cdd-1ebef2ac6f26]
                                Found element:By.name: EmailAddress
                                Found element:By.name: EmailAddress
                                Found element:By.name: EmailAddress
                                Found element:By.name: Password
                                Found element:By.name: Password
                                Found element:By.name: Password
                                <p>selectOperator test is done<br></p>
                                Found element:By.cssSelector: #sign-in-buttons > button.button_submit
                                Found element:By.cssSelector: #sign-in-buttons > button.button_submit
                                Clicked on:[[ChromeDriver: chrome on MAC (ecacf9fe0d34f55bbdb077a3741daae0)] -> css selector: #sign-in-buttons > button.button_submit]
                                Completed executing following method : TestMouseHover.testSignInSuccess
                                Completed executing following method : TestMouseHover.testSignInSuccess
                                Completed executing following method : TestMouseHover.testSignInSuccess
                                Completed executing following method : TestMouseHover.testSignInSuccess
                                Completed executing following method : TestMouseHover.testSignInSuccess
                                Completed executing following method : TestMouseHover.testSignInSuccess
                                Completed executing following method : TestMouseHover.testSignInSuccess
                                Completed executing following method : TestMouseHover.testSignInSuccess
                                Completed executing following method : TestMouseHover.testSignInSuccess
                                Completed executing following method : TestMouseHover.testSignInSuccess
                                <a href="/Users/georgegaspar/Documents/Tests/CHROME-testSignInSuccess(test.java.TestMouseHover)-2015-3-1-2-19-54-808.png"><p align="left">Error screenshot at Wed Apr 01 02:19:55 CEST 2015</p>
                                <p><img width="50%" src="/Users/georgegaspar/Documents/Tests/CHROME-testSignInSuccess(test.java.TestMouseHover)-2015-3-1-2-19-54-808.png" alt="screenshot at Wed Apr 01 02:19:55 CEST 2015"/></p></a><br />
                                Fuck<br>
                                Test Method resides in test.java.TestMouseHover
                                Test Method had the following parameters : nullOperatorId_f320aa2c-e40e-49c2-8cdd-1ebef2ac6f26,
                                Test Status: Failed
                  </div>
    

        <a href="javascript:toggleElement('exception-1', 'block')" title="Click to expand/collapse"><b>java.lang.AssertionError: expected [true] but found [false]</b></a><br />
    <div class="stackTrace" id="exception-1">
              org.testng.Assert.fail(Assert.java:94)<br />
              org.testng.Assert.failNotEquals(Assert.java:494)<br />
              org.testng.Assert.assertTrue(Assert.java:42)<br />
              org.testng.Assert.assertTrue(Assert.java:52)<br />
              main.TestBase.assertTrue(TestBase.java:139)<br />
              test.java.TestMouseHover.testSignInSuccess(TestMouseHover.java:29)<br />
              sun.reflect.NativeMethodAccessorImpl.invoke0(Native Method)<br />
              sun.reflect.NativeMethodAccessorImpl.invoke(NativeMethodAccessorImpl.java:62)<br />
              sun.reflect.DelegatingMethodAccessorImpl.invoke(DelegatingMethodAccessorImpl.java:43)<br />
              java.lang.reflect.Method.invoke(Method.java:483)<br />
              org.testng.internal.MethodInvocationHelper.invokeMethod(MethodInvocationHelper.java:84)<br />
              org.testng.internal.Invoker.invokeMethod(Invoker.java:714)<br />
              org.testng.internal.Invoker.invokeTestMethod(Invoker.java:901)<br />
              org.testng.internal.Invoker.invokeTestMethods(Invoker.java:1231)<br />
              org.testng.internal.TestMethodWorker.invokeTestMethods(TestMethodWorker.java:127)<br />
              org.testng.internal.TestMethodWorker.run(TestMethodWorker.java:111)<br />
              org.testng.TestRunner.privateRun(TestRunner.java:767)<br />
              org.testng.TestRunner.run(TestRunner.java:617)<br />
              org.testng.SuiteRunner.runTest(SuiteRunner.java:334)<br />
              org.testng.SuiteRunner.runSequentially(SuiteRunner.java:329)<br />
              org.testng.SuiteRunner.privateRun(SuiteRunner.java:291)<br />
              org.testng.SuiteRunner.run(SuiteRunner.java:240)<br />
              org.testng.SuiteRunnerWorker.runSuite(SuiteRunnerWorker.java:52)<br />
              org.testng.SuiteRunnerWorker.run(SuiteRunnerWorker.java:86)<br />
              org.testng.TestNG.runSuitesSequentially(TestNG.java:1224)<br />
              org.testng.TestNG.runSuitesLocally(TestNG.java:1149)<br />
              org.testng.TestNG.run(TestNG.java:1057)<br />
              org.testng.remote.RemoteTestNG.run(RemoteTestNG.java:111)<br />
              org.testng.remote.RemoteTestNG.initAndRun(RemoteTestNG.java:204)<br />
              org.testng.remote.RemoteTestNG.main(RemoteTestNG.java:175)<br />
                </div>
      </td>
</tr>
      </table>


  
</body>
</html>
