<?xml version="1.0" encoding="utf-8" ?>
<!DOCTYPE html PUBLIC "-//W3C//DTD XHTML 1.0 Strict//EN"
        "http://www.w3.org/TR/xhtml1/DTD/xhtml1-strict.dtd">
<html xmlns="http://www.w3.org/1999/xhtml" xml:lang="" lang="">
<head>
  <title>Test Results Report - Test on Firefox</title>
  <meta http-equiv="Content-Type" content="text/html;charset=utf-8" />
  <meta name="description" content="TestNG unit test results." />
  <link href="reportng.css" rel="stylesheet" type="text/css" />
    <script type="text/javascript" src="reportng.js"></script>
</head>
<body>
<h1>Test on Firefox</h1>
<p>
  Test duration: 208,305s
</p>



  <table class="resultsTable">
    <tr><th colspan="3" class="header failed">Failed Tests</th></tr>
          <tr>
        <td colspan="3" class="group">test.java.TestSearchEngines</td>
      </tr>
            
<tr>
  <td class="method">
                  Yahoo
      </td>
  <td class="duration">
    14,469s
  </td>
  <td class="result">
        
          <i>Method arguments: </i><span class="arguments">"purple"</span><br />
    
            <div class="testOutput">
                        Found element:By.name: p
                                Found element:By.name: p
                                Found element:By.name: p
                                Found element:By.name: p
                                Found element:By.id: main
                                Found element:By.id: hd
                                <a href="/Users/georgegaspar/Documents/Tests/Firefox-2015-2-3-8-39-37-524.png"><p align="left"Element screenshot at Tue Mar 03 08:39:39 CET 2015</p>
                                <p><img width="50%" src="/Users/georgegaspar/Documents/Tests/Firefox-2015-2-3-8-39-37-524.png" alt="screenshot at Tue Mar 03 08:39:39 CET 2015"/></p></a><br />
                                Completed executing following method : TestSearchEngines.Yahoo
                                Completed executing following method : TestSearchEngines.Yahoo
                                Completed executing following method : TestSearchEngines.Yahoo
                                Completed executing following method : TestSearchEngines.Yahoo
                                Completed executing following method : TestSearchEngines.Yahoo
                                Completed executing following method : TestSearchEngines.Yahoo
                                Test Method resides in test.java.TestSearchEngines
                                Test Method had the following parameters : nullpurple,
                                Test Status: Failed
                                Fuck<br>
                                <a href="/Users/georgegaspar/Documents/Tests/Firefox-Yahoo(test.java.TestSearchEngines)-2015-2-3-8-39-42-925.png"><p align="left">Error screenshot at Tue Mar 03 08:39:44 CET 2015</p>
                                <p><img width="50%" src="/Users/georgegaspar/Documents/Tests/Firefox-Yahoo(test.java.TestSearchEngines)-2015-2-3-8-39-42-925.png" alt="screenshot at Tue Mar 03 08:39:44 CET 2015"/></p></a><br />
                  </div>
    

        <a href="javascript:toggleElement('exception-0', 'block')" title="Click to expand/collapse"><b>org.openqa.selenium.NoAlertPresentException: No alert is present (WARNING: The server did not provide any stacktrace information)<br/>
Command duration or timeout: 2.25 seconds<br/>
Build info: version: &apos;2.45.0&apos;, revision: &apos;5017cb8e7ca8e37638dc3091b2440b90a1d8686f&apos;, time: &apos;2015-02-27 09:10:26&apos;<br/>
System info: host: &apos;igeorge.local&apos;, ip: &apos;192.168.1.101&apos;, os.name: &apos;Mac OS X&apos;, os.arch: &apos;x86_64&apos;, os.version: &apos;10.7.5&apos;, java.version: &apos;1.8.0_25&apos;<br/>
Driver info: org.openqa.selenium.firefox.FirefoxDriver<br/>
Capabilities [{applicationCacheEnabled=true, rotatable=false, handlesAlerts=true, databaseEnabled=true, version=35.0.1, platform=MAC, nativeEvents=false, acceptSslCerts=true, webStorageEnabled=true, locationContextEnabled=true, browserName=firefox, takesScreenshot=true, javascriptEnabled=true, cssSelectorsEnabled=true}]<br/>
Session ID: 1ead2465-1af0-7b4e-bfc2-1db154c3185b</b></a><br />
    <div class="stackTrace" id="exception-0">
              sun.reflect.NativeConstructorAccessorImpl.newInstance0(Native Method)<br />
              sun.reflect.NativeConstructorAccessorImpl.newInstance(NativeConstructorAccessorImpl.java:62)<br />
              sun.reflect.DelegatingConstructorAccessorImpl.newInstance(DelegatingConstructorAccessorImpl.java:45)<br />
              java.lang.reflect.Constructor.newInstance(Constructor.java:408)<br />
              org.openqa.selenium.remote.ErrorHandler.createThrowable(ErrorHandler.java:204)<br />
              org.openqa.selenium.remote.ErrorHandler.throwIfResponseFailed(ErrorHandler.java:156)<br />
              org.openqa.selenium.remote.RemoteWebDriver.execute(RemoteWebDriver.java:599)<br />
              org.openqa.selenium.remote.RemoteWebDriver.execute(RemoteWebDriver.java:622)<br />
              org.openqa.selenium.remote.RemoteWebDriver$RemoteAlert.getText(RemoteWebDriver.java:926)<br />
              main.TestBase.getAlertConfirmation(TestBase.java:74)<br />
              pageObjects.Yahoo.test(Yahoo.java:57)<br />
              test.java.TestSearchEngines.Yahoo(TestSearchEngines.java:45)<br />
              sun.reflect.NativeMethodAccessorImpl.invoke0(Native Method)<br />
              sun.reflect.NativeMethodAccessorImpl.invoke(NativeMethodAccessorImpl.java:62)<br />
              sun.reflect.DelegatingMethodAccessorImpl.invoke(DelegatingMethodAccessorImpl.java:43)<br />
              java.lang.reflect.Method.invoke(Method.java:483)<br />
              org.testng.internal.MethodInvocationHelper.invokeMethod(MethodInvocationHelper.java:84)<br />
              org.testng.internal.Invoker.invokeMethod(Invoker.java:714)<br />
              org.testng.internal.Invoker.invokeTestMethod(Invoker.java:901)<br />
              org.testng.internal.Invoker.invokeTestMethods(Invoker.java:1231)<br />
              org.testng.internal.TestMethodWorker.invokeTestMethods(TestMethodWorker.java:127)<br />
              org.testng.internal.TestMethodWorker.run(TestMethodWorker.java:111)<br />
              org.testng.TestRunner.privateRun(TestRunner.java:767)<br />
              org.testng.TestRunner.run(TestRunner.java:617)<br />
              org.testng.SuiteRunner.runTest(SuiteRunner.java:334)<br />
              org.testng.SuiteRunner.runSequentially(SuiteRunner.java:329)<br />
              org.testng.SuiteRunner.privateRun(SuiteRunner.java:291)<br />
              org.testng.SuiteRunner.run(SuiteRunner.java:240)<br />
              org.testng.SuiteRunnerWorker.runSuite(SuiteRunnerWorker.java:52)<br />
              org.testng.SuiteRunnerWorker.run(SuiteRunnerWorker.java:86)<br />
              org.testng.TestNG.runSuitesSequentially(TestNG.java:1224)<br />
              org.testng.TestNG.runSuitesLocally(TestNG.java:1149)<br />
              org.testng.TestNG.run(TestNG.java:1057)<br />
              org.testng.remote.RemoteTestNG.run(RemoteTestNG.java:111)<br />
              org.testng.remote.RemoteTestNG.initAndRun(RemoteTestNG.java:204)<br />
              org.testng.remote.RemoteTestNG.main(RemoteTestNG.java:175)<br />
                </div>
      </td>
</tr>
<tr>
  <td class="method">
                  Yahoo
      </td>
  <td class="duration">
    12,797s
  </td>
  <td class="result">
        
          <i>Method arguments: </i><span class="arguments">"olive"</span><br />
    
            <div class="testOutput">
                        Found element:By.name: p
                                Found element:By.name: p
                                Found element:By.name: p
                                Found element:By.name: p
                                Found element:By.id: main
                                Found element:By.id: hd
                                <a href="/Users/georgegaspar/Documents/Tests/Firefox-2015-2-3-8-40-31-4.png"><p align="left"Element screenshot at Tue Mar 03 08:40:33 CET 2015</p>
                                <p><img width="50%" src="/Users/georgegaspar/Documents/Tests/Firefox-2015-2-3-8-40-31-4.png" alt="screenshot at Tue Mar 03 08:40:33 CET 2015"/></p></a><br />
                                Completed executing following method : TestSearchEngines.Yahoo
                                Completed executing following method : TestSearchEngines.Yahoo
                                Completed executing following method : TestSearchEngines.Yahoo
                                Completed executing following method : TestSearchEngines.Yahoo
                                Completed executing following method : TestSearchEngines.Yahoo
                                Completed executing following method : TestSearchEngines.Yahoo
                                Test Method resides in test.java.TestSearchEngines
                                Test Method had the following parameters : nullolive,
                                Test Status: Failed
                                Fuck<br>
                                <a href="/Users/georgegaspar/Documents/Tests/Firefox-Yahoo(test.java.TestSearchEngines)-2015-2-3-8-40-36-491.png"><p align="left">Error screenshot at Tue Mar 03 08:40:38 CET 2015</p>
                                <p><img width="50%" src="/Users/georgegaspar/Documents/Tests/Firefox-Yahoo(test.java.TestSearchEngines)-2015-2-3-8-40-36-491.png" alt="screenshot at Tue Mar 03 08:40:38 CET 2015"/></p></a><br />
                  </div>
    

        <a href="javascript:toggleElement('exception-1', 'block')" title="Click to expand/collapse"><b>org.openqa.selenium.NoAlertPresentException: No alert is present (WARNING: The server did not provide any stacktrace information)<br/>
Command duration or timeout: 2.25 seconds<br/>
Build info: version: &apos;2.45.0&apos;, revision: &apos;5017cb8e7ca8e37638dc3091b2440b90a1d8686f&apos;, time: &apos;2015-02-27 09:10:26&apos;<br/>
System info: host: &apos;igeorge.local&apos;, ip: &apos;192.168.1.101&apos;, os.name: &apos;Mac OS X&apos;, os.arch: &apos;x86_64&apos;, os.version: &apos;10.7.5&apos;, java.version: &apos;1.8.0_25&apos;<br/>
Driver info: org.openqa.selenium.firefox.FirefoxDriver<br/>
Capabilities [{applicationCacheEnabled=true, rotatable=false, handlesAlerts=true, databaseEnabled=true, version=35.0.1, platform=MAC, nativeEvents=false, acceptSslCerts=true, webStorageEnabled=true, locationContextEnabled=true, browserName=firefox, takesScreenshot=true, javascriptEnabled=true, cssSelectorsEnabled=true}]<br/>
Session ID: 1ead2465-1af0-7b4e-bfc2-1db154c3185b</b></a><br />
    <div class="stackTrace" id="exception-1">
              sun.reflect.NativeConstructorAccessorImpl.newInstance0(Native Method)<br />
              sun.reflect.NativeConstructorAccessorImpl.newInstance(NativeConstructorAccessorImpl.java:62)<br />
              sun.reflect.DelegatingConstructorAccessorImpl.newInstance(DelegatingConstructorAccessorImpl.java:45)<br />
              java.lang.reflect.Constructor.newInstance(Constructor.java:408)<br />
              org.openqa.selenium.remote.ErrorHandler.createThrowable(ErrorHandler.java:204)<br />
              org.openqa.selenium.remote.ErrorHandler.throwIfResponseFailed(ErrorHandler.java:156)<br />
              org.openqa.selenium.remote.RemoteWebDriver.execute(RemoteWebDriver.java:599)<br />
              org.openqa.selenium.remote.RemoteWebDriver.execute(RemoteWebDriver.java:622)<br />
              org.openqa.selenium.remote.RemoteWebDriver$RemoteAlert.getText(RemoteWebDriver.java:926)<br />
              main.TestBase.getAlertConfirmation(TestBase.java:74)<br />
              pageObjects.Yahoo.test(Yahoo.java:57)<br />
              test.java.TestSearchEngines.Yahoo(TestSearchEngines.java:45)<br />
              sun.reflect.NativeMethodAccessorImpl.invoke0(Native Method)<br />
              sun.reflect.NativeMethodAccessorImpl.invoke(NativeMethodAccessorImpl.java:62)<br />
              sun.reflect.DelegatingMethodAccessorImpl.invoke(DelegatingMethodAccessorImpl.java:43)<br />
              java.lang.reflect.Method.invoke(Method.java:483)<br />
              org.testng.internal.MethodInvocationHelper.invokeMethod(MethodInvocationHelper.java:84)<br />
              org.testng.internal.Invoker.invokeMethod(Invoker.java:714)<br />
              org.testng.internal.Invoker.invokeTestMethod(Invoker.java:901)<br />
              org.testng.internal.Invoker.invokeTestMethods(Invoker.java:1231)<br />
              org.testng.internal.TestMethodWorker.invokeTestMethods(TestMethodWorker.java:127)<br />
              org.testng.internal.TestMethodWorker.run(TestMethodWorker.java:111)<br />
              org.testng.TestRunner.privateRun(TestRunner.java:767)<br />
              org.testng.TestRunner.run(TestRunner.java:617)<br />
              org.testng.SuiteRunner.runTest(SuiteRunner.java:334)<br />
              org.testng.SuiteRunner.runSequentially(SuiteRunner.java:329)<br />
              org.testng.SuiteRunner.privateRun(SuiteRunner.java:291)<br />
              org.testng.SuiteRunner.run(SuiteRunner.java:240)<br />
              org.testng.SuiteRunnerWorker.runSuite(SuiteRunnerWorker.java:52)<br />
              org.testng.SuiteRunnerWorker.run(SuiteRunnerWorker.java:86)<br />
              org.testng.TestNG.runSuitesSequentially(TestNG.java:1224)<br />
              org.testng.TestNG.runSuitesLocally(TestNG.java:1149)<br />
              org.testng.TestNG.run(TestNG.java:1057)<br />
              org.testng.remote.RemoteTestNG.run(RemoteTestNG.java:111)<br />
              org.testng.remote.RemoteTestNG.initAndRun(RemoteTestNG.java:204)<br />
              org.testng.remote.RemoteTestNG.main(RemoteTestNG.java:175)<br />
                </div>
      </td>
</tr>
<tr>
  <td class="method">
                  Yahoo
      </td>
  <td class="duration">
    10,915s
  </td>
  <td class="result">
        
          <i>Method arguments: </i><span class="arguments">"black"</span><br />
    
            <div class="testOutput">
                        Found element:By.name: p
                                Found element:By.name: p
                                Found element:By.name: p
                                Found element:By.name: p
                                Found element:By.id: main
                                Found element:By.id: hd
                                <a href="/Users/georgegaspar/Documents/Tests/Firefox-2015-2-3-8-39-50-669.png"><p align="left"Element screenshot at Tue Mar 03 08:39:52 CET 2015</p>
                                <p><img width="50%" src="/Users/georgegaspar/Documents/Tests/Firefox-2015-2-3-8-39-50-669.png" alt="screenshot at Tue Mar 03 08:39:52 CET 2015"/></p></a><br />
                                Completed executing following method : TestSearchEngines.Yahoo
                                Completed executing following method : TestSearchEngines.Yahoo
                                Completed executing following method : TestSearchEngines.Yahoo
                                Completed executing following method : TestSearchEngines.Yahoo
                                Completed executing following method : TestSearchEngines.Yahoo
                                Completed executing following method : TestSearchEngines.Yahoo
                                Test Method resides in test.java.TestSearchEngines
                                Test Method had the following parameters : nullblack,
                                Test Status: Failed
                                Fuck<br>
                                <a href="/Users/georgegaspar/Documents/Tests/Firefox-Yahoo(test.java.TestSearchEngines)-2015-2-3-8-39-55-290.png"><p align="left">Error screenshot at Tue Mar 03 08:39:56 CET 2015</p>
                                <p><img width="50%" src="/Users/georgegaspar/Documents/Tests/Firefox-Yahoo(test.java.TestSearchEngines)-2015-2-3-8-39-55-290.png" alt="screenshot at Tue Mar 03 08:39:56 CET 2015"/></p></a><br />
                  </div>
    

        <a href="javascript:toggleElement('exception-2', 'block')" title="Click to expand/collapse"><b>org.openqa.selenium.NoAlertPresentException: No alert is present (WARNING: The server did not provide any stacktrace information)<br/>
Command duration or timeout: 2.25 seconds<br/>
Build info: version: &apos;2.45.0&apos;, revision: &apos;5017cb8e7ca8e37638dc3091b2440b90a1d8686f&apos;, time: &apos;2015-02-27 09:10:26&apos;<br/>
System info: host: &apos;igeorge.local&apos;, ip: &apos;192.168.1.101&apos;, os.name: &apos;Mac OS X&apos;, os.arch: &apos;x86_64&apos;, os.version: &apos;10.7.5&apos;, java.version: &apos;1.8.0_25&apos;<br/>
Driver info: org.openqa.selenium.firefox.FirefoxDriver<br/>
Capabilities [{applicationCacheEnabled=true, rotatable=false, handlesAlerts=true, databaseEnabled=true, version=35.0.1, platform=MAC, nativeEvents=false, acceptSslCerts=true, webStorageEnabled=true, locationContextEnabled=true, browserName=firefox, takesScreenshot=true, javascriptEnabled=true, cssSelectorsEnabled=true}]<br/>
Session ID: 1ead2465-1af0-7b4e-bfc2-1db154c3185b</b></a><br />
    <div class="stackTrace" id="exception-2">
              sun.reflect.NativeConstructorAccessorImpl.newInstance0(Native Method)<br />
              sun.reflect.NativeConstructorAccessorImpl.newInstance(NativeConstructorAccessorImpl.java:62)<br />
              sun.reflect.DelegatingConstructorAccessorImpl.newInstance(DelegatingConstructorAccessorImpl.java:45)<br />
              java.lang.reflect.Constructor.newInstance(Constructor.java:408)<br />
              org.openqa.selenium.remote.ErrorHandler.createThrowable(ErrorHandler.java:204)<br />
              org.openqa.selenium.remote.ErrorHandler.throwIfResponseFailed(ErrorHandler.java:156)<br />
              org.openqa.selenium.remote.RemoteWebDriver.execute(RemoteWebDriver.java:599)<br />
              org.openqa.selenium.remote.RemoteWebDriver.execute(RemoteWebDriver.java:622)<br />
              org.openqa.selenium.remote.RemoteWebDriver$RemoteAlert.getText(RemoteWebDriver.java:926)<br />
              main.TestBase.getAlertConfirmation(TestBase.java:74)<br />
              pageObjects.Yahoo.test(Yahoo.java:57)<br />
              test.java.TestSearchEngines.Yahoo(TestSearchEngines.java:45)<br />
              sun.reflect.NativeMethodAccessorImpl.invoke0(Native Method)<br />
              sun.reflect.NativeMethodAccessorImpl.invoke(NativeMethodAccessorImpl.java:62)<br />
              sun.reflect.DelegatingMethodAccessorImpl.invoke(DelegatingMethodAccessorImpl.java:43)<br />
              java.lang.reflect.Method.invoke(Method.java:483)<br />
              org.testng.internal.MethodInvocationHelper.invokeMethod(MethodInvocationHelper.java:84)<br />
              org.testng.internal.Invoker.invokeMethod(Invoker.java:714)<br />
              org.testng.internal.Invoker.invokeTestMethod(Invoker.java:901)<br />
              org.testng.internal.Invoker.invokeTestMethods(Invoker.java:1231)<br />
              org.testng.internal.TestMethodWorker.invokeTestMethods(TestMethodWorker.java:127)<br />
              org.testng.internal.TestMethodWorker.run(TestMethodWorker.java:111)<br />
              org.testng.TestRunner.privateRun(TestRunner.java:767)<br />
              org.testng.TestRunner.run(TestRunner.java:617)<br />
              org.testng.SuiteRunner.runTest(SuiteRunner.java:334)<br />
              org.testng.SuiteRunner.runSequentially(SuiteRunner.java:329)<br />
              org.testng.SuiteRunner.privateRun(SuiteRunner.java:291)<br />
              org.testng.SuiteRunner.run(SuiteRunner.java:240)<br />
              org.testng.SuiteRunnerWorker.runSuite(SuiteRunnerWorker.java:52)<br />
              org.testng.SuiteRunnerWorker.run(SuiteRunnerWorker.java:86)<br />
              org.testng.TestNG.runSuitesSequentially(TestNG.java:1224)<br />
              org.testng.TestNG.runSuitesLocally(TestNG.java:1149)<br />
              org.testng.TestNG.run(TestNG.java:1057)<br />
              org.testng.remote.RemoteTestNG.run(RemoteTestNG.java:111)<br />
              org.testng.remote.RemoteTestNG.initAndRun(RemoteTestNG.java:204)<br />
              org.testng.remote.RemoteTestNG.main(RemoteTestNG.java:175)<br />
                </div>
      </td>
</tr>
<tr>
  <td class="method">
                  Yahoo
      </td>
  <td class="duration">
    11,589s
  </td>
  <td class="result">
        
          <i>Method arguments: </i><span class="arguments">"red"</span><br />
    
            <div class="testOutput">
                        Found element:By.name: p
                                Found element:By.name: p
                                Found element:By.name: p
                                Found element:By.name: p
                                Found element:By.id: main
                                Found element:By.id: hd
                                <a href="/Users/georgegaspar/Documents/Tests/Firefox-2015-2-3-8-37-46-86.png"><p align="left"Element screenshot at Tue Mar 03 08:37:47 CET 2015</p>
                                <p><img width="50%" src="/Users/georgegaspar/Documents/Tests/Firefox-2015-2-3-8-37-46-86.png" alt="screenshot at Tue Mar 03 08:37:47 CET 2015"/></p></a><br />
                                Completed executing following method : TestSearchEngines.Yahoo
                                Completed executing following method : TestSearchEngines.Yahoo
                                Completed executing following method : TestSearchEngines.Yahoo
                                Completed executing following method : TestSearchEngines.Yahoo
                                Completed executing following method : TestSearchEngines.Yahoo
                                Completed executing following method : TestSearchEngines.Yahoo
                                Test Method resides in test.java.TestSearchEngines
                                Test Method had the following parameters : nullred,
                                Test Status: Failed
                                Fuck<br>
                                <a href="/Users/georgegaspar/Documents/Tests/Firefox-Yahoo(test.java.TestSearchEngines)-2015-2-3-8-37-51-16.png"><p align="left">Error screenshot at Tue Mar 03 08:37:52 CET 2015</p>
                                <p><img width="50%" src="/Users/georgegaspar/Documents/Tests/Firefox-Yahoo(test.java.TestSearchEngines)-2015-2-3-8-37-51-16.png" alt="screenshot at Tue Mar 03 08:37:52 CET 2015"/></p></a><br />
                  </div>
    

        <a href="javascript:toggleElement('exception-3', 'block')" title="Click to expand/collapse"><b>org.openqa.selenium.NoAlertPresentException: No alert is present (WARNING: The server did not provide any stacktrace information)<br/>
Command duration or timeout: 2.25 seconds<br/>
Build info: version: &apos;2.45.0&apos;, revision: &apos;5017cb8e7ca8e37638dc3091b2440b90a1d8686f&apos;, time: &apos;2015-02-27 09:10:26&apos;<br/>
System info: host: &apos;igeorge.local&apos;, ip: &apos;192.168.1.101&apos;, os.name: &apos;Mac OS X&apos;, os.arch: &apos;x86_64&apos;, os.version: &apos;10.7.5&apos;, java.version: &apos;1.8.0_25&apos;<br/>
Driver info: org.openqa.selenium.firefox.FirefoxDriver<br/>
Capabilities [{applicationCacheEnabled=true, rotatable=false, handlesAlerts=true, databaseEnabled=true, version=35.0.1, platform=MAC, nativeEvents=false, acceptSslCerts=true, webStorageEnabled=true, locationContextEnabled=true, browserName=firefox, takesScreenshot=true, javascriptEnabled=true, cssSelectorsEnabled=true}]<br/>
Session ID: 1ead2465-1af0-7b4e-bfc2-1db154c3185b</b></a><br />
    <div class="stackTrace" id="exception-3">
              sun.reflect.NativeConstructorAccessorImpl.newInstance0(Native Method)<br />
              sun.reflect.NativeConstructorAccessorImpl.newInstance(NativeConstructorAccessorImpl.java:62)<br />
              sun.reflect.DelegatingConstructorAccessorImpl.newInstance(DelegatingConstructorAccessorImpl.java:45)<br />
              java.lang.reflect.Constructor.newInstance(Constructor.java:408)<br />
              org.openqa.selenium.remote.ErrorHandler.createThrowable(ErrorHandler.java:204)<br />
              org.openqa.selenium.remote.ErrorHandler.throwIfResponseFailed(ErrorHandler.java:156)<br />
              org.openqa.selenium.remote.RemoteWebDriver.execute(RemoteWebDriver.java:599)<br />
              org.openqa.selenium.remote.RemoteWebDriver.execute(RemoteWebDriver.java:622)<br />
              org.openqa.selenium.remote.RemoteWebDriver$RemoteAlert.getText(RemoteWebDriver.java:926)<br />
              main.TestBase.getAlertConfirmation(TestBase.java:74)<br />
              pageObjects.Yahoo.test(Yahoo.java:57)<br />
              test.java.TestSearchEngines.Yahoo(TestSearchEngines.java:45)<br />
              sun.reflect.NativeMethodAccessorImpl.invoke0(Native Method)<br />
              sun.reflect.NativeMethodAccessorImpl.invoke(NativeMethodAccessorImpl.java:62)<br />
              sun.reflect.DelegatingMethodAccessorImpl.invoke(DelegatingMethodAccessorImpl.java:43)<br />
              java.lang.reflect.Method.invoke(Method.java:483)<br />
              org.testng.internal.MethodInvocationHelper.invokeMethod(MethodInvocationHelper.java:84)<br />
              org.testng.internal.Invoker.invokeMethod(Invoker.java:714)<br />
              org.testng.internal.Invoker.invokeTestMethod(Invoker.java:901)<br />
              org.testng.internal.Invoker.invokeTestMethods(Invoker.java:1231)<br />
              org.testng.internal.TestMethodWorker.invokeTestMethods(TestMethodWorker.java:127)<br />
              org.testng.internal.TestMethodWorker.run(TestMethodWorker.java:111)<br />
              org.testng.TestRunner.privateRun(TestRunner.java:767)<br />
              org.testng.TestRunner.run(TestRunner.java:617)<br />
              org.testng.SuiteRunner.runTest(SuiteRunner.java:334)<br />
              org.testng.SuiteRunner.runSequentially(SuiteRunner.java:329)<br />
              org.testng.SuiteRunner.privateRun(SuiteRunner.java:291)<br />
              org.testng.SuiteRunner.run(SuiteRunner.java:240)<br />
              org.testng.SuiteRunnerWorker.runSuite(SuiteRunnerWorker.java:52)<br />
              org.testng.SuiteRunnerWorker.run(SuiteRunnerWorker.java:86)<br />
              org.testng.TestNG.runSuitesSequentially(TestNG.java:1224)<br />
              org.testng.TestNG.runSuitesLocally(TestNG.java:1149)<br />
              org.testng.TestNG.run(TestNG.java:1057)<br />
              org.testng.remote.RemoteTestNG.run(RemoteTestNG.java:111)<br />
              org.testng.remote.RemoteTestNG.initAndRun(RemoteTestNG.java:204)<br />
              org.testng.remote.RemoteTestNG.main(RemoteTestNG.java:175)<br />
                </div>
      </td>
</tr>
<tr>
  <td class="method">
                  Yahoo
      </td>
  <td class="duration">
    12,268s
  </td>
  <td class="result">
        
          <i>Method arguments: </i><span class="arguments">"teal"</span><br />
    
            <div class="testOutput">
                        Found element:By.name: p
                                Found element:By.name: p
                                Found element:By.name: p
                                Found element:By.name: p
                                Found element:By.id: main
                                Found element:By.id: hd
                                <a href="/Users/georgegaspar/Documents/Tests/Firefox-2015-2-3-8-39-22-543.png"><p align="left"Element screenshot at Tue Mar 03 08:39:24 CET 2015</p>
                                <p><img width="50%" src="/Users/georgegaspar/Documents/Tests/Firefox-2015-2-3-8-39-22-543.png" alt="screenshot at Tue Mar 03 08:39:24 CET 2015"/></p></a><br />
                                Completed executing following method : TestSearchEngines.Yahoo
                                Completed executing following method : TestSearchEngines.Yahoo
                                Completed executing following method : TestSearchEngines.Yahoo
                                Completed executing following method : TestSearchEngines.Yahoo
                                Completed executing following method : TestSearchEngines.Yahoo
                                Completed executing following method : TestSearchEngines.Yahoo
                                Test Method resides in test.java.TestSearchEngines
                                Test Method had the following parameters : nullteal,
                                Test Status: Failed
                                Fuck<br>
                                <a href="/Users/georgegaspar/Documents/Tests/Firefox-Yahoo(test.java.TestSearchEngines)-2015-2-3-8-39-27-446.png"><p align="left">Error screenshot at Tue Mar 03 08:39:28 CET 2015</p>
                                <p><img width="50%" src="/Users/georgegaspar/Documents/Tests/Firefox-Yahoo(test.java.TestSearchEngines)-2015-2-3-8-39-27-446.png" alt="screenshot at Tue Mar 03 08:39:28 CET 2015"/></p></a><br />
                  </div>
    

        <a href="javascript:toggleElement('exception-4', 'block')" title="Click to expand/collapse"><b>org.openqa.selenium.NoAlertPresentException: No alert is present (WARNING: The server did not provide any stacktrace information)<br/>
Command duration or timeout: 2.26 seconds<br/>
Build info: version: &apos;2.45.0&apos;, revision: &apos;5017cb8e7ca8e37638dc3091b2440b90a1d8686f&apos;, time: &apos;2015-02-27 09:10:26&apos;<br/>
System info: host: &apos;igeorge.local&apos;, ip: &apos;192.168.1.101&apos;, os.name: &apos;Mac OS X&apos;, os.arch: &apos;x86_64&apos;, os.version: &apos;10.7.5&apos;, java.version: &apos;1.8.0_25&apos;<br/>
Driver info: org.openqa.selenium.firefox.FirefoxDriver<br/>
Capabilities [{applicationCacheEnabled=true, rotatable=false, handlesAlerts=true, databaseEnabled=true, version=35.0.1, platform=MAC, nativeEvents=false, acceptSslCerts=true, webStorageEnabled=true, locationContextEnabled=true, browserName=firefox, takesScreenshot=true, javascriptEnabled=true, cssSelectorsEnabled=true}]<br/>
Session ID: 1ead2465-1af0-7b4e-bfc2-1db154c3185b</b></a><br />
    <div class="stackTrace" id="exception-4">
              sun.reflect.NativeConstructorAccessorImpl.newInstance0(Native Method)<br />
              sun.reflect.NativeConstructorAccessorImpl.newInstance(NativeConstructorAccessorImpl.java:62)<br />
              sun.reflect.DelegatingConstructorAccessorImpl.newInstance(DelegatingConstructorAccessorImpl.java:45)<br />
              java.lang.reflect.Constructor.newInstance(Constructor.java:408)<br />
              org.openqa.selenium.remote.ErrorHandler.createThrowable(ErrorHandler.java:204)<br />
              org.openqa.selenium.remote.ErrorHandler.throwIfResponseFailed(ErrorHandler.java:156)<br />
              org.openqa.selenium.remote.RemoteWebDriver.execute(RemoteWebDriver.java:599)<br />
              org.openqa.selenium.remote.RemoteWebDriver.execute(RemoteWebDriver.java:622)<br />
              org.openqa.selenium.remote.RemoteWebDriver$RemoteAlert.getText(RemoteWebDriver.java:926)<br />
              main.TestBase.getAlertConfirmation(TestBase.java:74)<br />
              pageObjects.Yahoo.test(Yahoo.java:57)<br />
              test.java.TestSearchEngines.Yahoo(TestSearchEngines.java:45)<br />
              sun.reflect.NativeMethodAccessorImpl.invoke0(Native Method)<br />
              sun.reflect.NativeMethodAccessorImpl.invoke(NativeMethodAccessorImpl.java:62)<br />
              sun.reflect.DelegatingMethodAccessorImpl.invoke(DelegatingMethodAccessorImpl.java:43)<br />
              java.lang.reflect.Method.invoke(Method.java:483)<br />
              org.testng.internal.MethodInvocationHelper.invokeMethod(MethodInvocationHelper.java:84)<br />
              org.testng.internal.Invoker.invokeMethod(Invoker.java:714)<br />
              org.testng.internal.Invoker.invokeTestMethod(Invoker.java:901)<br />
              org.testng.internal.Invoker.invokeTestMethods(Invoker.java:1231)<br />
              org.testng.internal.TestMethodWorker.invokeTestMethods(TestMethodWorker.java:127)<br />
              org.testng.internal.TestMethodWorker.run(TestMethodWorker.java:111)<br />
              org.testng.TestRunner.privateRun(TestRunner.java:767)<br />
              org.testng.TestRunner.run(TestRunner.java:617)<br />
              org.testng.SuiteRunner.runTest(SuiteRunner.java:334)<br />
              org.testng.SuiteRunner.runSequentially(SuiteRunner.java:329)<br />
              org.testng.SuiteRunner.privateRun(SuiteRunner.java:291)<br />
              org.testng.SuiteRunner.run(SuiteRunner.java:240)<br />
              org.testng.SuiteRunnerWorker.runSuite(SuiteRunnerWorker.java:52)<br />
              org.testng.SuiteRunnerWorker.run(SuiteRunnerWorker.java:86)<br />
              org.testng.TestNG.runSuitesSequentially(TestNG.java:1224)<br />
              org.testng.TestNG.runSuitesLocally(TestNG.java:1149)<br />
              org.testng.TestNG.run(TestNG.java:1057)<br />
              org.testng.remote.RemoteTestNG.run(RemoteTestNG.java:111)<br />
              org.testng.remote.RemoteTestNG.initAndRun(RemoteTestNG.java:204)<br />
              org.testng.remote.RemoteTestNG.main(RemoteTestNG.java:175)<br />
                </div>
      </td>
</tr>
<tr>
  <td class="method">
                  Yahoo
      </td>
  <td class="duration">
    11,120s
  </td>
  <td class="result">
        
          <i>Method arguments: </i><span class="arguments">"navy"</span><br />
    
            <div class="testOutput">
                        Found element:By.name: p
                                Found element:By.name: p
                                Found element:By.name: p
                                Found element:By.name: p
                                Found element:By.id: main
                                Found element:By.id: hd
                                <a href="/Users/georgegaspar/Documents/Tests/Firefox-2015-2-3-8-38-29-935.png"><p align="left"Element screenshot at Tue Mar 03 08:38:31 CET 2015</p>
                                <p><img width="50%" src="/Users/georgegaspar/Documents/Tests/Firefox-2015-2-3-8-38-29-935.png" alt="screenshot at Tue Mar 03 08:38:31 CET 2015"/></p></a><br />
                                Completed executing following method : TestSearchEngines.Yahoo
                                Completed executing following method : TestSearchEngines.Yahoo
                                Completed executing following method : TestSearchEngines.Yahoo
                                Completed executing following method : TestSearchEngines.Yahoo
                                Completed executing following method : TestSearchEngines.Yahoo
                                Completed executing following method : TestSearchEngines.Yahoo
                                Test Method resides in test.java.TestSearchEngines
                                Test Method had the following parameters : nullnavy,
                                Test Status: Failed
                                Fuck<br>
                                <a href="/Users/georgegaspar/Documents/Tests/Firefox-Yahoo(test.java.TestSearchEngines)-2015-2-3-8-38-34-803.png"><p align="left">Error screenshot at Tue Mar 03 08:38:35 CET 2015</p>
                                <p><img width="50%" src="/Users/georgegaspar/Documents/Tests/Firefox-Yahoo(test.java.TestSearchEngines)-2015-2-3-8-38-34-803.png" alt="screenshot at Tue Mar 03 08:38:35 CET 2015"/></p></a><br />
                  </div>
    

        <a href="javascript:toggleElement('exception-5', 'block')" title="Click to expand/collapse"><b>org.openqa.selenium.NoAlertPresentException: No alert is present (WARNING: The server did not provide any stacktrace information)<br/>
Command duration or timeout: 2.24 seconds<br/>
Build info: version: &apos;2.45.0&apos;, revision: &apos;5017cb8e7ca8e37638dc3091b2440b90a1d8686f&apos;, time: &apos;2015-02-27 09:10:26&apos;<br/>
System info: host: &apos;igeorge.local&apos;, ip: &apos;192.168.1.101&apos;, os.name: &apos;Mac OS X&apos;, os.arch: &apos;x86_64&apos;, os.version: &apos;10.7.5&apos;, java.version: &apos;1.8.0_25&apos;<br/>
Driver info: org.openqa.selenium.firefox.FirefoxDriver<br/>
Capabilities [{applicationCacheEnabled=true, rotatable=false, handlesAlerts=true, databaseEnabled=true, version=35.0.1, platform=MAC, nativeEvents=false, acceptSslCerts=true, webStorageEnabled=true, locationContextEnabled=true, browserName=firefox, takesScreenshot=true, javascriptEnabled=true, cssSelectorsEnabled=true}]<br/>
Session ID: 1ead2465-1af0-7b4e-bfc2-1db154c3185b</b></a><br />
    <div class="stackTrace" id="exception-5">
              sun.reflect.NativeConstructorAccessorImpl.newInstance0(Native Method)<br />
              sun.reflect.NativeConstructorAccessorImpl.newInstance(NativeConstructorAccessorImpl.java:62)<br />
              sun.reflect.DelegatingConstructorAccessorImpl.newInstance(DelegatingConstructorAccessorImpl.java:45)<br />
              java.lang.reflect.Constructor.newInstance(Constructor.java:408)<br />
              org.openqa.selenium.remote.ErrorHandler.createThrowable(ErrorHandler.java:204)<br />
              org.openqa.selenium.remote.ErrorHandler.throwIfResponseFailed(ErrorHandler.java:156)<br />
              org.openqa.selenium.remote.RemoteWebDriver.execute(RemoteWebDriver.java:599)<br />
              org.openqa.selenium.remote.RemoteWebDriver.execute(RemoteWebDriver.java:622)<br />
              org.openqa.selenium.remote.RemoteWebDriver$RemoteAlert.getText(RemoteWebDriver.java:926)<br />
              main.TestBase.getAlertConfirmation(TestBase.java:74)<br />
              pageObjects.Yahoo.test(Yahoo.java:57)<br />
              test.java.TestSearchEngines.Yahoo(TestSearchEngines.java:45)<br />
              sun.reflect.NativeMethodAccessorImpl.invoke0(Native Method)<br />
              sun.reflect.NativeMethodAccessorImpl.invoke(NativeMethodAccessorImpl.java:62)<br />
              sun.reflect.DelegatingMethodAccessorImpl.invoke(DelegatingMethodAccessorImpl.java:43)<br />
              java.lang.reflect.Method.invoke(Method.java:483)<br />
              org.testng.internal.MethodInvocationHelper.invokeMethod(MethodInvocationHelper.java:84)<br />
              org.testng.internal.Invoker.invokeMethod(Invoker.java:714)<br />
              org.testng.internal.Invoker.invokeTestMethod(Invoker.java:901)<br />
              org.testng.internal.Invoker.invokeTestMethods(Invoker.java:1231)<br />
              org.testng.internal.TestMethodWorker.invokeTestMethods(TestMethodWorker.java:127)<br />
              org.testng.internal.TestMethodWorker.run(TestMethodWorker.java:111)<br />
              org.testng.TestRunner.privateRun(TestRunner.java:767)<br />
              org.testng.TestRunner.run(TestRunner.java:617)<br />
              org.testng.SuiteRunner.runTest(SuiteRunner.java:334)<br />
              org.testng.SuiteRunner.runSequentially(SuiteRunner.java:329)<br />
              org.testng.SuiteRunner.privateRun(SuiteRunner.java:291)<br />
              org.testng.SuiteRunner.run(SuiteRunner.java:240)<br />
              org.testng.SuiteRunnerWorker.runSuite(SuiteRunnerWorker.java:52)<br />
              org.testng.SuiteRunnerWorker.run(SuiteRunnerWorker.java:86)<br />
              org.testng.TestNG.runSuitesSequentially(TestNG.java:1224)<br />
              org.testng.TestNG.runSuitesLocally(TestNG.java:1149)<br />
              org.testng.TestNG.run(TestNG.java:1057)<br />
              org.testng.remote.RemoteTestNG.run(RemoteTestNG.java:111)<br />
              org.testng.remote.RemoteTestNG.initAndRun(RemoteTestNG.java:204)<br />
              org.testng.remote.RemoteTestNG.main(RemoteTestNG.java:175)<br />
                </div>
      </td>
</tr>
<tr>
  <td class="method">
                  Yahoo
      </td>
  <td class="duration">
    12,526s
  </td>
  <td class="result">
        
          <i>Method arguments: </i><span class="arguments">"green"</span><br />
    
            <div class="testOutput">
                        Found element:By.name: p
                                Found element:By.name: p
                                Found element:By.name: p
                                Found element:By.name: p
                                Found element:By.id: main
                                Found element:By.id: hd
                                <a href="/Users/georgegaspar/Documents/Tests/Firefox-2015-2-3-8-40-16-663.png"><p align="left"Element screenshot at Tue Mar 03 08:40:18 CET 2015</p>
                                <p><img width="50%" src="/Users/georgegaspar/Documents/Tests/Firefox-2015-2-3-8-40-16-663.png" alt="screenshot at Tue Mar 03 08:40:18 CET 2015"/></p></a><br />
                                Completed executing following method : TestSearchEngines.Yahoo
                                Completed executing following method : TestSearchEngines.Yahoo
                                Completed executing following method : TestSearchEngines.Yahoo
                                Completed executing following method : TestSearchEngines.Yahoo
                                Completed executing following method : TestSearchEngines.Yahoo
                                Completed executing following method : TestSearchEngines.Yahoo
                                Test Method resides in test.java.TestSearchEngines
                                Test Method had the following parameters : nullgreen,
                                Test Status: Failed
                                Fuck<br>
                                <a href="/Users/georgegaspar/Documents/Tests/Firefox-Yahoo(test.java.TestSearchEngines)-2015-2-3-8-40-22-152.png"><p align="left">Error screenshot at Tue Mar 03 08:40:23 CET 2015</p>
                                <p><img width="50%" src="/Users/georgegaspar/Documents/Tests/Firefox-Yahoo(test.java.TestSearchEngines)-2015-2-3-8-40-22-152.png" alt="screenshot at Tue Mar 03 08:40:23 CET 2015"/></p></a><br />
                  </div>
    

        <a href="javascript:toggleElement('exception-6', 'block')" title="Click to expand/collapse"><b>org.openqa.selenium.NoAlertPresentException: No alert is present (WARNING: The server did not provide any stacktrace information)<br/>
Command duration or timeout: 2.25 seconds<br/>
Build info: version: &apos;2.45.0&apos;, revision: &apos;5017cb8e7ca8e37638dc3091b2440b90a1d8686f&apos;, time: &apos;2015-02-27 09:10:26&apos;<br/>
System info: host: &apos;igeorge.local&apos;, ip: &apos;192.168.1.101&apos;, os.name: &apos;Mac OS X&apos;, os.arch: &apos;x86_64&apos;, os.version: &apos;10.7.5&apos;, java.version: &apos;1.8.0_25&apos;<br/>
Driver info: org.openqa.selenium.firefox.FirefoxDriver<br/>
Capabilities [{applicationCacheEnabled=true, rotatable=false, handlesAlerts=true, databaseEnabled=true, version=35.0.1, platform=MAC, nativeEvents=false, acceptSslCerts=true, webStorageEnabled=true, locationContextEnabled=true, browserName=firefox, takesScreenshot=true, javascriptEnabled=true, cssSelectorsEnabled=true}]<br/>
Session ID: 1ead2465-1af0-7b4e-bfc2-1db154c3185b</b></a><br />
    <div class="stackTrace" id="exception-6">
              sun.reflect.NativeConstructorAccessorImpl.newInstance0(Native Method)<br />
              sun.reflect.NativeConstructorAccessorImpl.newInstance(NativeConstructorAccessorImpl.java:62)<br />
              sun.reflect.DelegatingConstructorAccessorImpl.newInstance(DelegatingConstructorAccessorImpl.java:45)<br />
              java.lang.reflect.Constructor.newInstance(Constructor.java:408)<br />
              org.openqa.selenium.remote.ErrorHandler.createThrowable(ErrorHandler.java:204)<br />
              org.openqa.selenium.remote.ErrorHandler.throwIfResponseFailed(ErrorHandler.java:156)<br />
              org.openqa.selenium.remote.RemoteWebDriver.execute(RemoteWebDriver.java:599)<br />
              org.openqa.selenium.remote.RemoteWebDriver.execute(RemoteWebDriver.java:622)<br />
              org.openqa.selenium.remote.RemoteWebDriver$RemoteAlert.getText(RemoteWebDriver.java:926)<br />
              main.TestBase.getAlertConfirmation(TestBase.java:74)<br />
              pageObjects.Yahoo.test(Yahoo.java:57)<br />
              test.java.TestSearchEngines.Yahoo(TestSearchEngines.java:45)<br />
              sun.reflect.NativeMethodAccessorImpl.invoke0(Native Method)<br />
              sun.reflect.NativeMethodAccessorImpl.invoke(NativeMethodAccessorImpl.java:62)<br />
              sun.reflect.DelegatingMethodAccessorImpl.invoke(DelegatingMethodAccessorImpl.java:43)<br />
              java.lang.reflect.Method.invoke(Method.java:483)<br />
              org.testng.internal.MethodInvocationHelper.invokeMethod(MethodInvocationHelper.java:84)<br />
              org.testng.internal.Invoker.invokeMethod(Invoker.java:714)<br />
              org.testng.internal.Invoker.invokeTestMethod(Invoker.java:901)<br />
              org.testng.internal.Invoker.invokeTestMethods(Invoker.java:1231)<br />
              org.testng.internal.TestMethodWorker.invokeTestMethods(TestMethodWorker.java:127)<br />
              org.testng.internal.TestMethodWorker.run(TestMethodWorker.java:111)<br />
              org.testng.TestRunner.privateRun(TestRunner.java:767)<br />
              org.testng.TestRunner.run(TestRunner.java:617)<br />
              org.testng.SuiteRunner.runTest(SuiteRunner.java:334)<br />
              org.testng.SuiteRunner.runSequentially(SuiteRunner.java:329)<br />
              org.testng.SuiteRunner.privateRun(SuiteRunner.java:291)<br />
              org.testng.SuiteRunner.run(SuiteRunner.java:240)<br />
              org.testng.SuiteRunnerWorker.runSuite(SuiteRunnerWorker.java:52)<br />
              org.testng.SuiteRunnerWorker.run(SuiteRunnerWorker.java:86)<br />
              org.testng.TestNG.runSuitesSequentially(TestNG.java:1224)<br />
              org.testng.TestNG.runSuitesLocally(TestNG.java:1149)<br />
              org.testng.TestNG.run(TestNG.java:1057)<br />
              org.testng.remote.RemoteTestNG.run(RemoteTestNG.java:111)<br />
              org.testng.remote.RemoteTestNG.initAndRun(RemoteTestNG.java:204)<br />
              org.testng.remote.RemoteTestNG.main(RemoteTestNG.java:175)<br />
                </div>
      </td>
</tr>
<tr>
  <td class="method">
                  Yahoo
      </td>
  <td class="duration">
    11,827s
  </td>
  <td class="result">
        
          <i>Method arguments: </i><span class="arguments">"gray"</span><br />
    
            <div class="testOutput">
                        Found element:By.name: p
                                Found element:By.name: p
                                Found element:By.name: p
                                Found element:By.name: p
                                Found element:By.id: main
                                Found element:By.id: hd
                                <a href="/Users/georgegaspar/Documents/Tests/Firefox-2015-2-3-8-39-8-605.png"><p align="left"Element screenshot at Tue Mar 03 08:39:10 CET 2015</p>
                                <p><img width="50%" src="/Users/georgegaspar/Documents/Tests/Firefox-2015-2-3-8-39-8-605.png" alt="screenshot at Tue Mar 03 08:39:10 CET 2015"/></p></a><br />
                                Completed executing following method : TestSearchEngines.Yahoo
                                Completed executing following method : TestSearchEngines.Yahoo
                                Completed executing following method : TestSearchEngines.Yahoo
                                Completed executing following method : TestSearchEngines.Yahoo
                                Completed executing following method : TestSearchEngines.Yahoo
                                Completed executing following method : TestSearchEngines.Yahoo
                                Test Method resides in test.java.TestSearchEngines
                                Test Method had the following parameters : nullgray,
                                Test Status: Failed
                                Fuck<br>
                                <a href="/Users/georgegaspar/Documents/Tests/Firefox-Yahoo(test.java.TestSearchEngines)-2015-2-3-8-39-13-910.png"><p align="left">Error screenshot at Tue Mar 03 08:39:15 CET 2015</p>
                                <p><img width="50%" src="/Users/georgegaspar/Documents/Tests/Firefox-Yahoo(test.java.TestSearchEngines)-2015-2-3-8-39-13-910.png" alt="screenshot at Tue Mar 03 08:39:15 CET 2015"/></p></a><br />
                  </div>
    

        <a href="javascript:toggleElement('exception-7', 'block')" title="Click to expand/collapse"><b>org.openqa.selenium.NoAlertPresentException: No alert is present (WARNING: The server did not provide any stacktrace information)<br/>
Command duration or timeout: 2.29 seconds<br/>
Build info: version: &apos;2.45.0&apos;, revision: &apos;5017cb8e7ca8e37638dc3091b2440b90a1d8686f&apos;, time: &apos;2015-02-27 09:10:26&apos;<br/>
System info: host: &apos;igeorge.local&apos;, ip: &apos;192.168.1.101&apos;, os.name: &apos;Mac OS X&apos;, os.arch: &apos;x86_64&apos;, os.version: &apos;10.7.5&apos;, java.version: &apos;1.8.0_25&apos;<br/>
Driver info: org.openqa.selenium.firefox.FirefoxDriver<br/>
Capabilities [{applicationCacheEnabled=true, rotatable=false, handlesAlerts=true, databaseEnabled=true, version=35.0.1, platform=MAC, nativeEvents=false, acceptSslCerts=true, webStorageEnabled=true, locationContextEnabled=true, browserName=firefox, takesScreenshot=true, javascriptEnabled=true, cssSelectorsEnabled=true}]<br/>
Session ID: 1ead2465-1af0-7b4e-bfc2-1db154c3185b</b></a><br />
    <div class="stackTrace" id="exception-7">
              sun.reflect.NativeConstructorAccessorImpl.newInstance0(Native Method)<br />
              sun.reflect.NativeConstructorAccessorImpl.newInstance(NativeConstructorAccessorImpl.java:62)<br />
              sun.reflect.DelegatingConstructorAccessorImpl.newInstance(DelegatingConstructorAccessorImpl.java:45)<br />
              java.lang.reflect.Constructor.newInstance(Constructor.java:408)<br />
              org.openqa.selenium.remote.ErrorHandler.createThrowable(ErrorHandler.java:204)<br />
              org.openqa.selenium.remote.ErrorHandler.throwIfResponseFailed(ErrorHandler.java:156)<br />
              org.openqa.selenium.remote.RemoteWebDriver.execute(RemoteWebDriver.java:599)<br />
              org.openqa.selenium.remote.RemoteWebDriver.execute(RemoteWebDriver.java:622)<br />
              org.openqa.selenium.remote.RemoteWebDriver$RemoteAlert.getText(RemoteWebDriver.java:926)<br />
              main.TestBase.getAlertConfirmation(TestBase.java:74)<br />
              pageObjects.Yahoo.test(Yahoo.java:57)<br />
              test.java.TestSearchEngines.Yahoo(TestSearchEngines.java:45)<br />
              sun.reflect.NativeMethodAccessorImpl.invoke0(Native Method)<br />
              sun.reflect.NativeMethodAccessorImpl.invoke(NativeMethodAccessorImpl.java:62)<br />
              sun.reflect.DelegatingMethodAccessorImpl.invoke(DelegatingMethodAccessorImpl.java:43)<br />
              java.lang.reflect.Method.invoke(Method.java:483)<br />
              org.testng.internal.MethodInvocationHelper.invokeMethod(MethodInvocationHelper.java:84)<br />
              org.testng.internal.Invoker.invokeMethod(Invoker.java:714)<br />
              org.testng.internal.Invoker.invokeTestMethod(Invoker.java:901)<br />
              org.testng.internal.Invoker.invokeTestMethods(Invoker.java:1231)<br />
              org.testng.internal.TestMethodWorker.invokeTestMethods(TestMethodWorker.java:127)<br />
              org.testng.internal.TestMethodWorker.run(TestMethodWorker.java:111)<br />
              org.testng.TestRunner.privateRun(TestRunner.java:767)<br />
              org.testng.TestRunner.run(TestRunner.java:617)<br />
              org.testng.SuiteRunner.runTest(SuiteRunner.java:334)<br />
              org.testng.SuiteRunner.runSequentially(SuiteRunner.java:329)<br />
              org.testng.SuiteRunner.privateRun(SuiteRunner.java:291)<br />
              org.testng.SuiteRunner.run(SuiteRunner.java:240)<br />
              org.testng.SuiteRunnerWorker.runSuite(SuiteRunnerWorker.java:52)<br />
              org.testng.SuiteRunnerWorker.run(SuiteRunnerWorker.java:86)<br />
              org.testng.TestNG.runSuitesSequentially(TestNG.java:1224)<br />
              org.testng.TestNG.runSuitesLocally(TestNG.java:1149)<br />
              org.testng.TestNG.run(TestNG.java:1057)<br />
              org.testng.remote.RemoteTestNG.run(RemoteTestNG.java:111)<br />
              org.testng.remote.RemoteTestNG.initAndRun(RemoteTestNG.java:204)<br />
              org.testng.remote.RemoteTestNG.main(RemoteTestNG.java:175)<br />
                </div>
      </td>
</tr>
<tr>
  <td class="method">
                  Yahoo
      </td>
  <td class="duration">
    11,716s
  </td>
  <td class="result">
        
          <i>Method arguments: </i><span class="arguments">"yellow"</span><br />
    
            <div class="testOutput">
                        Found element:By.name: p
                                Found element:By.name: p
                                Found element:By.name: p
                                Found element:By.name: p
                                Found element:By.id: main
                                Found element:By.id: hd
                                <a href="/Users/georgegaspar/Documents/Tests/Firefox-2015-2-3-8-38-42-170.png"><p align="left"Element screenshot at Tue Mar 03 08:38:44 CET 2015</p>
                                <p><img width="50%" src="/Users/georgegaspar/Documents/Tests/Firefox-2015-2-3-8-38-42-170.png" alt="screenshot at Tue Mar 03 08:38:44 CET 2015"/></p></a><br />
                                Completed executing following method : TestSearchEngines.Yahoo
                                Completed executing following method : TestSearchEngines.Yahoo
                                Completed executing following method : TestSearchEngines.Yahoo
                                Completed executing following method : TestSearchEngines.Yahoo
                                Completed executing following method : TestSearchEngines.Yahoo
                                Completed executing following method : TestSearchEngines.Yahoo
                                Test Method resides in test.java.TestSearchEngines
                                Test Method had the following parameters : nullyellow,
                                Test Status: Failed
                                Fuck<br>
                                <a href="/Users/georgegaspar/Documents/Tests/Firefox-Yahoo(test.java.TestSearchEngines)-2015-2-3-8-38-47-547.png"><p align="left">Error screenshot at Tue Mar 03 08:38:49 CET 2015</p>
                                <p><img width="50%" src="/Users/georgegaspar/Documents/Tests/Firefox-Yahoo(test.java.TestSearchEngines)-2015-2-3-8-38-47-547.png" alt="screenshot at Tue Mar 03 08:38:49 CET 2015"/></p></a><br />
                  </div>
    

        <a href="javascript:toggleElement('exception-8', 'block')" title="Click to expand/collapse"><b>org.openqa.selenium.NoAlertPresentException: No alert is present (WARNING: The server did not provide any stacktrace information)<br/>
Command duration or timeout: 2.24 seconds<br/>
Build info: version: &apos;2.45.0&apos;, revision: &apos;5017cb8e7ca8e37638dc3091b2440b90a1d8686f&apos;, time: &apos;2015-02-27 09:10:26&apos;<br/>
System info: host: &apos;igeorge.local&apos;, ip: &apos;192.168.1.101&apos;, os.name: &apos;Mac OS X&apos;, os.arch: &apos;x86_64&apos;, os.version: &apos;10.7.5&apos;, java.version: &apos;1.8.0_25&apos;<br/>
Driver info: org.openqa.selenium.firefox.FirefoxDriver<br/>
Capabilities [{applicationCacheEnabled=true, rotatable=false, handlesAlerts=true, databaseEnabled=true, version=35.0.1, platform=MAC, nativeEvents=false, acceptSslCerts=true, webStorageEnabled=true, locationContextEnabled=true, browserName=firefox, takesScreenshot=true, javascriptEnabled=true, cssSelectorsEnabled=true}]<br/>
Session ID: 1ead2465-1af0-7b4e-bfc2-1db154c3185b</b></a><br />
    <div class="stackTrace" id="exception-8">
              sun.reflect.NativeConstructorAccessorImpl.newInstance0(Native Method)<br />
              sun.reflect.NativeConstructorAccessorImpl.newInstance(NativeConstructorAccessorImpl.java:62)<br />
              sun.reflect.DelegatingConstructorAccessorImpl.newInstance(DelegatingConstructorAccessorImpl.java:45)<br />
              java.lang.reflect.Constructor.newInstance(Constructor.java:408)<br />
              org.openqa.selenium.remote.ErrorHandler.createThrowable(ErrorHandler.java:204)<br />
              org.openqa.selenium.remote.ErrorHandler.throwIfResponseFailed(ErrorHandler.java:156)<br />
              org.openqa.selenium.remote.RemoteWebDriver.execute(RemoteWebDriver.java:599)<br />
              org.openqa.selenium.remote.RemoteWebDriver.execute(RemoteWebDriver.java:622)<br />
              org.openqa.selenium.remote.RemoteWebDriver$RemoteAlert.getText(RemoteWebDriver.java:926)<br />
              main.TestBase.getAlertConfirmation(TestBase.java:74)<br />
              pageObjects.Yahoo.test(Yahoo.java:57)<br />
              test.java.TestSearchEngines.Yahoo(TestSearchEngines.java:45)<br />
              sun.reflect.NativeMethodAccessorImpl.invoke0(Native Method)<br />
              sun.reflect.NativeMethodAccessorImpl.invoke(NativeMethodAccessorImpl.java:62)<br />
              sun.reflect.DelegatingMethodAccessorImpl.invoke(DelegatingMethodAccessorImpl.java:43)<br />
              java.lang.reflect.Method.invoke(Method.java:483)<br />
              org.testng.internal.MethodInvocationHelper.invokeMethod(MethodInvocationHelper.java:84)<br />
              org.testng.internal.Invoker.invokeMethod(Invoker.java:714)<br />
              org.testng.internal.Invoker.invokeTestMethod(Invoker.java:901)<br />
              org.testng.internal.Invoker.invokeTestMethods(Invoker.java:1231)<br />
              org.testng.internal.TestMethodWorker.invokeTestMethods(TestMethodWorker.java:127)<br />
              org.testng.internal.TestMethodWorker.run(TestMethodWorker.java:111)<br />
              org.testng.TestRunner.privateRun(TestRunner.java:767)<br />
              org.testng.TestRunner.run(TestRunner.java:617)<br />
              org.testng.SuiteRunner.runTest(SuiteRunner.java:334)<br />
              org.testng.SuiteRunner.runSequentially(SuiteRunner.java:329)<br />
              org.testng.SuiteRunner.privateRun(SuiteRunner.java:291)<br />
              org.testng.SuiteRunner.run(SuiteRunner.java:240)<br />
              org.testng.SuiteRunnerWorker.runSuite(SuiteRunnerWorker.java:52)<br />
              org.testng.SuiteRunnerWorker.run(SuiteRunnerWorker.java:86)<br />
              org.testng.TestNG.runSuitesSequentially(TestNG.java:1224)<br />
              org.testng.TestNG.runSuitesLocally(TestNG.java:1149)<br />
              org.testng.TestNG.run(TestNG.java:1057)<br />
              org.testng.remote.RemoteTestNG.run(RemoteTestNG.java:111)<br />
              org.testng.remote.RemoteTestNG.initAndRun(RemoteTestNG.java:204)<br />
              org.testng.remote.RemoteTestNG.main(RemoteTestNG.java:175)<br />
                </div>
      </td>
</tr>
<tr>
  <td class="method">
                  Yahoo
      </td>
  <td class="duration">
    15,873s
  </td>
  <td class="result">
        
          <i>Method arguments: </i><span class="arguments">"white"</span><br />
    
            <div class="testOutput">
                        Found element:By.name: p
                                Found element:By.name: p
                                Found element:By.name: p
                                Found element:By.name: p
                                Found element:By.id: main
                                Found element:By.id: hd
                                <a href="/Users/georgegaspar/Documents/Tests/Firefox-2015-2-3-8-38-3-348.png"><p align="left"Element screenshot at Tue Mar 03 08:38:04 CET 2015</p>
                                <p><img width="50%" src="/Users/georgegaspar/Documents/Tests/Firefox-2015-2-3-8-38-3-348.png" alt="screenshot at Tue Mar 03 08:38:04 CET 2015"/></p></a><br />
                                Completed executing following method : TestSearchEngines.Yahoo
                                Completed executing following method : TestSearchEngines.Yahoo
                                Completed executing following method : TestSearchEngines.Yahoo
                                Completed executing following method : TestSearchEngines.Yahoo
                                Completed executing following method : TestSearchEngines.Yahoo
                                Completed executing following method : TestSearchEngines.Yahoo
                                Test Method resides in test.java.TestSearchEngines
                                Test Method had the following parameters : nullwhite,
                                Test Status: Failed
                                Fuck<br>
                                <a href="/Users/georgegaspar/Documents/Tests/Firefox-Yahoo(test.java.TestSearchEngines)-2015-2-3-8-38-8-90.png"><p align="left">Error screenshot at Tue Mar 03 08:38:08 CET 2015</p>
                                <p><img width="50%" src="/Users/georgegaspar/Documents/Tests/Firefox-Yahoo(test.java.TestSearchEngines)-2015-2-3-8-38-8-90.png" alt="screenshot at Tue Mar 03 08:38:08 CET 2015"/></p></a><br />
                  </div>
    

        <a href="javascript:toggleElement('exception-9', 'block')" title="Click to expand/collapse"><b>org.openqa.selenium.NoAlertPresentException: No alert is present (WARNING: The server did not provide any stacktrace information)<br/>
Command duration or timeout: 2.23 seconds<br/>
Build info: version: &apos;2.45.0&apos;, revision: &apos;5017cb8e7ca8e37638dc3091b2440b90a1d8686f&apos;, time: &apos;2015-02-27 09:10:26&apos;<br/>
System info: host: &apos;igeorge.local&apos;, ip: &apos;192.168.1.101&apos;, os.name: &apos;Mac OS X&apos;, os.arch: &apos;x86_64&apos;, os.version: &apos;10.7.5&apos;, java.version: &apos;1.8.0_25&apos;<br/>
Driver info: org.openqa.selenium.firefox.FirefoxDriver<br/>
Capabilities [{applicationCacheEnabled=true, rotatable=false, handlesAlerts=true, databaseEnabled=true, version=35.0.1, platform=MAC, nativeEvents=false, acceptSslCerts=true, webStorageEnabled=true, locationContextEnabled=true, browserName=firefox, takesScreenshot=true, javascriptEnabled=true, cssSelectorsEnabled=true}]<br/>
Session ID: 1ead2465-1af0-7b4e-bfc2-1db154c3185b</b></a><br />
    <div class="stackTrace" id="exception-9">
              sun.reflect.NativeConstructorAccessorImpl.newInstance0(Native Method)<br />
              sun.reflect.NativeConstructorAccessorImpl.newInstance(NativeConstructorAccessorImpl.java:62)<br />
              sun.reflect.DelegatingConstructorAccessorImpl.newInstance(DelegatingConstructorAccessorImpl.java:45)<br />
              java.lang.reflect.Constructor.newInstance(Constructor.java:408)<br />
              org.openqa.selenium.remote.ErrorHandler.createThrowable(ErrorHandler.java:204)<br />
              org.openqa.selenium.remote.ErrorHandler.throwIfResponseFailed(ErrorHandler.java:156)<br />
              org.openqa.selenium.remote.RemoteWebDriver.execute(RemoteWebDriver.java:599)<br />
              org.openqa.selenium.remote.RemoteWebDriver.execute(RemoteWebDriver.java:622)<br />
              org.openqa.selenium.remote.RemoteWebDriver$RemoteAlert.getText(RemoteWebDriver.java:926)<br />
              main.TestBase.getAlertConfirmation(TestBase.java:74)<br />
              pageObjects.Yahoo.test(Yahoo.java:57)<br />
              test.java.TestSearchEngines.Yahoo(TestSearchEngines.java:45)<br />
              sun.reflect.NativeMethodAccessorImpl.invoke0(Native Method)<br />
              sun.reflect.NativeMethodAccessorImpl.invoke(NativeMethodAccessorImpl.java:62)<br />
              sun.reflect.DelegatingMethodAccessorImpl.invoke(DelegatingMethodAccessorImpl.java:43)<br />
              java.lang.reflect.Method.invoke(Method.java:483)<br />
              org.testng.internal.MethodInvocationHelper.invokeMethod(MethodInvocationHelper.java:84)<br />
              org.testng.internal.Invoker.invokeMethod(Invoker.java:714)<br />
              org.testng.internal.Invoker.invokeTestMethod(Invoker.java:901)<br />
              org.testng.internal.Invoker.invokeTestMethods(Invoker.java:1231)<br />
              org.testng.internal.TestMethodWorker.invokeTestMethods(TestMethodWorker.java:127)<br />
              org.testng.internal.TestMethodWorker.run(TestMethodWorker.java:111)<br />
              org.testng.TestRunner.privateRun(TestRunner.java:767)<br />
              org.testng.TestRunner.run(TestRunner.java:617)<br />
              org.testng.SuiteRunner.runTest(SuiteRunner.java:334)<br />
              org.testng.SuiteRunner.runSequentially(SuiteRunner.java:329)<br />
              org.testng.SuiteRunner.privateRun(SuiteRunner.java:291)<br />
              org.testng.SuiteRunner.run(SuiteRunner.java:240)<br />
              org.testng.SuiteRunnerWorker.runSuite(SuiteRunnerWorker.java:52)<br />
              org.testng.SuiteRunnerWorker.run(SuiteRunnerWorker.java:86)<br />
              org.testng.TestNG.runSuitesSequentially(TestNG.java:1224)<br />
              org.testng.TestNG.runSuitesLocally(TestNG.java:1149)<br />
              org.testng.TestNG.run(TestNG.java:1057)<br />
              org.testng.remote.RemoteTestNG.run(RemoteTestNG.java:111)<br />
              org.testng.remote.RemoteTestNG.initAndRun(RemoteTestNG.java:204)<br />
              org.testng.remote.RemoteTestNG.main(RemoteTestNG.java:175)<br />
                </div>
      </td>
</tr>
<tr>
  <td class="method">
                  Yahoo
      </td>
  <td class="duration">
    14,897s
  </td>
  <td class="result">
        
          <i>Method arguments: </i><span class="arguments">"aqua"</span><br />
    
            <div class="testOutput">
                        Found element:By.name: p
                                Found element:By.name: p
                                Found element:By.name: p
                                Found element:By.name: p
                                Found element:By.id: main
                                Found element:By.id: hd
                                <a href="/Users/georgegaspar/Documents/Tests/Firefox-2015-2-3-8-37-7-625.png"><p align="left"Element screenshot at Tue Mar 03 08:37:10 CET 2015</p>
                                <p><img width="50%" src="/Users/georgegaspar/Documents/Tests/Firefox-2015-2-3-8-37-7-625.png" alt="screenshot at Tue Mar 03 08:37:10 CET 2015"/></p></a><br />
                                Completed executing following method : TestSearchEngines.Yahoo
                                Completed executing following method : TestSearchEngines.Yahoo
                                Completed executing following method : TestSearchEngines.Yahoo
                                Completed executing following method : TestSearchEngines.Yahoo
                                Completed executing following method : TestSearchEngines.Yahoo
                                Completed executing following method : TestSearchEngines.Yahoo
                                Test Method resides in test.java.TestSearchEngines
                                Test Method had the following parameters : nullaqua,
                                Test Status: Failed
                                Fuck<br>
                                <a href="/Users/georgegaspar/Documents/Tests/Firefox-Yahoo(test.java.TestSearchEngines)-2015-2-3-8-37-13-697.png"><p align="left">Error screenshot at Tue Mar 03 08:37:15 CET 2015</p>
                                <p><img width="50%" src="/Users/georgegaspar/Documents/Tests/Firefox-Yahoo(test.java.TestSearchEngines)-2015-2-3-8-37-13-697.png" alt="screenshot at Tue Mar 03 08:37:15 CET 2015"/></p></a><br />
                  </div>
    

        <a href="javascript:toggleElement('exception-10', 'block')" title="Click to expand/collapse"><b>org.openqa.selenium.NoAlertPresentException: No alert is present (WARNING: The server did not provide any stacktrace information)<br/>
Command duration or timeout: 2.30 seconds<br/>
Build info: version: &apos;2.45.0&apos;, revision: &apos;5017cb8e7ca8e37638dc3091b2440b90a1d8686f&apos;, time: &apos;2015-02-27 09:10:26&apos;<br/>
System info: host: &apos;igeorge.local&apos;, ip: &apos;192.168.1.101&apos;, os.name: &apos;Mac OS X&apos;, os.arch: &apos;x86_64&apos;, os.version: &apos;10.7.5&apos;, java.version: &apos;1.8.0_25&apos;<br/>
Driver info: org.openqa.selenium.firefox.FirefoxDriver<br/>
Capabilities [{applicationCacheEnabled=true, rotatable=false, handlesAlerts=true, databaseEnabled=true, version=35.0.1, platform=MAC, nativeEvents=false, acceptSslCerts=true, webStorageEnabled=true, locationContextEnabled=true, browserName=firefox, takesScreenshot=true, javascriptEnabled=true, cssSelectorsEnabled=true}]<br/>
Session ID: 1ead2465-1af0-7b4e-bfc2-1db154c3185b</b></a><br />
    <div class="stackTrace" id="exception-10">
              sun.reflect.NativeConstructorAccessorImpl.newInstance0(Native Method)<br />
              sun.reflect.NativeConstructorAccessorImpl.newInstance(NativeConstructorAccessorImpl.java:62)<br />
              sun.reflect.DelegatingConstructorAccessorImpl.newInstance(DelegatingConstructorAccessorImpl.java:45)<br />
              java.lang.reflect.Constructor.newInstance(Constructor.java:408)<br />
              org.openqa.selenium.remote.ErrorHandler.createThrowable(ErrorHandler.java:204)<br />
              org.openqa.selenium.remote.ErrorHandler.throwIfResponseFailed(ErrorHandler.java:156)<br />
              org.openqa.selenium.remote.RemoteWebDriver.execute(RemoteWebDriver.java:599)<br />
              org.openqa.selenium.remote.RemoteWebDriver.execute(RemoteWebDriver.java:622)<br />
              org.openqa.selenium.remote.RemoteWebDriver$RemoteAlert.getText(RemoteWebDriver.java:926)<br />
              main.TestBase.getAlertConfirmation(TestBase.java:74)<br />
              pageObjects.Yahoo.test(Yahoo.java:57)<br />
              test.java.TestSearchEngines.Yahoo(TestSearchEngines.java:45)<br />
              sun.reflect.NativeMethodAccessorImpl.invoke0(Native Method)<br />
              sun.reflect.NativeMethodAccessorImpl.invoke(NativeMethodAccessorImpl.java:62)<br />
              sun.reflect.DelegatingMethodAccessorImpl.invoke(DelegatingMethodAccessorImpl.java:43)<br />
              java.lang.reflect.Method.invoke(Method.java:483)<br />
              org.testng.internal.MethodInvocationHelper.invokeMethod(MethodInvocationHelper.java:84)<br />
              org.testng.internal.Invoker.invokeMethod(Invoker.java:714)<br />
              org.testng.internal.Invoker.invokeTestMethod(Invoker.java:901)<br />
              org.testng.internal.Invoker.invokeTestMethods(Invoker.java:1231)<br />
              org.testng.internal.TestMethodWorker.invokeTestMethods(TestMethodWorker.java:127)<br />
              org.testng.internal.TestMethodWorker.run(TestMethodWorker.java:111)<br />
              org.testng.TestRunner.privateRun(TestRunner.java:767)<br />
              org.testng.TestRunner.run(TestRunner.java:617)<br />
              org.testng.SuiteRunner.runTest(SuiteRunner.java:334)<br />
              org.testng.SuiteRunner.runSequentially(SuiteRunner.java:329)<br />
              org.testng.SuiteRunner.privateRun(SuiteRunner.java:291)<br />
              org.testng.SuiteRunner.run(SuiteRunner.java:240)<br />
              org.testng.SuiteRunnerWorker.runSuite(SuiteRunnerWorker.java:52)<br />
              org.testng.SuiteRunnerWorker.run(SuiteRunnerWorker.java:86)<br />
              org.testng.TestNG.runSuitesSequentially(TestNG.java:1224)<br />
              org.testng.TestNG.runSuitesLocally(TestNG.java:1149)<br />
              org.testng.TestNG.run(TestNG.java:1057)<br />
              org.testng.remote.RemoteTestNG.run(RemoteTestNG.java:111)<br />
              org.testng.remote.RemoteTestNG.initAndRun(RemoteTestNG.java:204)<br />
              org.testng.remote.RemoteTestNG.main(RemoteTestNG.java:175)<br />
                </div>
      </td>
</tr>
<tr>
  <td class="method">
                  Yahoo
      </td>
  <td class="duration">
    11,153s
  </td>
  <td class="result">
        
          <i>Method arguments: </i><span class="arguments">"fuchsia"</span><br />
    
            <div class="testOutput">
                        Found element:By.name: p
                                Found element:By.name: p
                                Found element:By.name: p
                                Found element:By.name: p
                                Found element:By.id: main
                                Found element:By.id: hd
                                <a href="/Users/georgegaspar/Documents/Tests/Firefox-2015-2-3-8-37-21-553.png"><p align="left"Element screenshot at Tue Mar 03 08:37:23 CET 2015</p>
                                <p><img width="50%" src="/Users/georgegaspar/Documents/Tests/Firefox-2015-2-3-8-37-21-553.png" alt="screenshot at Tue Mar 03 08:37:23 CET 2015"/></p></a><br />
                                Completed executing following method : TestSearchEngines.Yahoo
                                Completed executing following method : TestSearchEngines.Yahoo
                                Completed executing following method : TestSearchEngines.Yahoo
                                Completed executing following method : TestSearchEngines.Yahoo
                                Completed executing following method : TestSearchEngines.Yahoo
                                Completed executing following method : TestSearchEngines.Yahoo
                                Test Method resides in test.java.TestSearchEngines
                                Test Method had the following parameters : nullfuchsia,
                                Test Status: Failed
                                Fuck<br>
                                <a href="/Users/georgegaspar/Documents/Tests/Firefox-Yahoo(test.java.TestSearchEngines)-2015-2-3-8-37-26-425.png"><p align="left">Error screenshot at Tue Mar 03 08:37:27 CET 2015</p>
                                <p><img width="50%" src="/Users/georgegaspar/Documents/Tests/Firefox-Yahoo(test.java.TestSearchEngines)-2015-2-3-8-37-26-425.png" alt="screenshot at Tue Mar 03 08:37:27 CET 2015"/></p></a><br />
                  </div>
    

        <a href="javascript:toggleElement('exception-11', 'block')" title="Click to expand/collapse"><b>org.openqa.selenium.NoAlertPresentException: No alert is present (WARNING: The server did not provide any stacktrace information)<br/>
Command duration or timeout: 2.24 seconds<br/>
Build info: version: &apos;2.45.0&apos;, revision: &apos;5017cb8e7ca8e37638dc3091b2440b90a1d8686f&apos;, time: &apos;2015-02-27 09:10:26&apos;<br/>
System info: host: &apos;igeorge.local&apos;, ip: &apos;192.168.1.101&apos;, os.name: &apos;Mac OS X&apos;, os.arch: &apos;x86_64&apos;, os.version: &apos;10.7.5&apos;, java.version: &apos;1.8.0_25&apos;<br/>
Driver info: org.openqa.selenium.firefox.FirefoxDriver<br/>
Capabilities [{applicationCacheEnabled=true, rotatable=false, handlesAlerts=true, databaseEnabled=true, version=35.0.1, platform=MAC, nativeEvents=false, acceptSslCerts=true, webStorageEnabled=true, locationContextEnabled=true, browserName=firefox, takesScreenshot=true, javascriptEnabled=true, cssSelectorsEnabled=true}]<br/>
Session ID: 1ead2465-1af0-7b4e-bfc2-1db154c3185b</b></a><br />
    <div class="stackTrace" id="exception-11">
              sun.reflect.NativeConstructorAccessorImpl.newInstance0(Native Method)<br />
              sun.reflect.NativeConstructorAccessorImpl.newInstance(NativeConstructorAccessorImpl.java:62)<br />
              sun.reflect.DelegatingConstructorAccessorImpl.newInstance(DelegatingConstructorAccessorImpl.java:45)<br />
              java.lang.reflect.Constructor.newInstance(Constructor.java:408)<br />
              org.openqa.selenium.remote.ErrorHandler.createThrowable(ErrorHandler.java:204)<br />
              org.openqa.selenium.remote.ErrorHandler.throwIfResponseFailed(ErrorHandler.java:156)<br />
              org.openqa.selenium.remote.RemoteWebDriver.execute(RemoteWebDriver.java:599)<br />
              org.openqa.selenium.remote.RemoteWebDriver.execute(RemoteWebDriver.java:622)<br />
              org.openqa.selenium.remote.RemoteWebDriver$RemoteAlert.getText(RemoteWebDriver.java:926)<br />
              main.TestBase.getAlertConfirmation(TestBase.java:74)<br />
              pageObjects.Yahoo.test(Yahoo.java:57)<br />
              test.java.TestSearchEngines.Yahoo(TestSearchEngines.java:45)<br />
              sun.reflect.NativeMethodAccessorImpl.invoke0(Native Method)<br />
              sun.reflect.NativeMethodAccessorImpl.invoke(NativeMethodAccessorImpl.java:62)<br />
              sun.reflect.DelegatingMethodAccessorImpl.invoke(DelegatingMethodAccessorImpl.java:43)<br />
              java.lang.reflect.Method.invoke(Method.java:483)<br />
              org.testng.internal.MethodInvocationHelper.invokeMethod(MethodInvocationHelper.java:84)<br />
              org.testng.internal.Invoker.invokeMethod(Invoker.java:714)<br />
              org.testng.internal.Invoker.invokeTestMethod(Invoker.java:901)<br />
              org.testng.internal.Invoker.invokeTestMethods(Invoker.java:1231)<br />
              org.testng.internal.TestMethodWorker.invokeTestMethods(TestMethodWorker.java:127)<br />
              org.testng.internal.TestMethodWorker.run(TestMethodWorker.java:111)<br />
              org.testng.TestRunner.privateRun(TestRunner.java:767)<br />
              org.testng.TestRunner.run(TestRunner.java:617)<br />
              org.testng.SuiteRunner.runTest(SuiteRunner.java:334)<br />
              org.testng.SuiteRunner.runSequentially(SuiteRunner.java:329)<br />
              org.testng.SuiteRunner.privateRun(SuiteRunner.java:291)<br />
              org.testng.SuiteRunner.run(SuiteRunner.java:240)<br />
              org.testng.SuiteRunnerWorker.runSuite(SuiteRunnerWorker.java:52)<br />
              org.testng.SuiteRunnerWorker.run(SuiteRunnerWorker.java:86)<br />
              org.testng.TestNG.runSuitesSequentially(TestNG.java:1224)<br />
              org.testng.TestNG.runSuitesLocally(TestNG.java:1149)<br />
              org.testng.TestNG.run(TestNG.java:1057)<br />
              org.testng.remote.RemoteTestNG.run(RemoteTestNG.java:111)<br />
              org.testng.remote.RemoteTestNG.initAndRun(RemoteTestNG.java:204)<br />
              org.testng.remote.RemoteTestNG.main(RemoteTestNG.java:175)<br />
                </div>
      </td>
</tr>
<tr>
  <td class="method">
                  Yahoo
      </td>
  <td class="duration">
    13,357s
  </td>
  <td class="result">
        
          <i>Method arguments: </i><span class="arguments">"lime"</span><br />
    
            <div class="testOutput">
                        Found element:By.name: p
                                Found element:By.name: p
                                Found element:By.name: p
                                Found element:By.name: p
                                Found element:By.id: main
                                Found element:By.id: hd
                                <a href="/Users/georgegaspar/Documents/Tests/Firefox-2015-2-3-8-38-17-25.png"><p align="left"Element screenshot at Tue Mar 03 08:38:19 CET 2015</p>
                                <p><img width="50%" src="/Users/georgegaspar/Documents/Tests/Firefox-2015-2-3-8-38-17-25.png" alt="screenshot at Tue Mar 03 08:38:19 CET 2015"/></p></a><br />
                                Completed executing following method : TestSearchEngines.Yahoo
                                Completed executing following method : TestSearchEngines.Yahoo
                                Completed executing following method : TestSearchEngines.Yahoo
                                Completed executing following method : TestSearchEngines.Yahoo
                                Completed executing following method : TestSearchEngines.Yahoo
                                Completed executing following method : TestSearchEngines.Yahoo
                                Test Method resides in test.java.TestSearchEngines
                                Test Method had the following parameters : nulllime,
                                Test Status: Failed
                                Fuck<br>
                                <a href="/Users/georgegaspar/Documents/Tests/Firefox-Yahoo(test.java.TestSearchEngines)-2015-2-3-8-38-22-209.png"><p align="left">Error screenshot at Tue Mar 03 08:38:23 CET 2015</p>
                                <p><img width="50%" src="/Users/georgegaspar/Documents/Tests/Firefox-Yahoo(test.java.TestSearchEngines)-2015-2-3-8-38-22-209.png" alt="screenshot at Tue Mar 03 08:38:23 CET 2015"/></p></a><br />
                  </div>
    

        <a href="javascript:toggleElement('exception-12', 'block')" title="Click to expand/collapse"><b>org.openqa.selenium.NoAlertPresentException: No alert is present (WARNING: The server did not provide any stacktrace information)<br/>
Command duration or timeout: 2.24 seconds<br/>
Build info: version: &apos;2.45.0&apos;, revision: &apos;5017cb8e7ca8e37638dc3091b2440b90a1d8686f&apos;, time: &apos;2015-02-27 09:10:26&apos;<br/>
System info: host: &apos;igeorge.local&apos;, ip: &apos;192.168.1.101&apos;, os.name: &apos;Mac OS X&apos;, os.arch: &apos;x86_64&apos;, os.version: &apos;10.7.5&apos;, java.version: &apos;1.8.0_25&apos;<br/>
Driver info: org.openqa.selenium.firefox.FirefoxDriver<br/>
Capabilities [{applicationCacheEnabled=true, rotatable=false, handlesAlerts=true, databaseEnabled=true, version=35.0.1, platform=MAC, nativeEvents=false, acceptSslCerts=true, webStorageEnabled=true, locationContextEnabled=true, browserName=firefox, takesScreenshot=true, javascriptEnabled=true, cssSelectorsEnabled=true}]<br/>
Session ID: 1ead2465-1af0-7b4e-bfc2-1db154c3185b</b></a><br />
    <div class="stackTrace" id="exception-12">
              sun.reflect.NativeConstructorAccessorImpl.newInstance0(Native Method)<br />
              sun.reflect.NativeConstructorAccessorImpl.newInstance(NativeConstructorAccessorImpl.java:62)<br />
              sun.reflect.DelegatingConstructorAccessorImpl.newInstance(DelegatingConstructorAccessorImpl.java:45)<br />
              java.lang.reflect.Constructor.newInstance(Constructor.java:408)<br />
              org.openqa.selenium.remote.ErrorHandler.createThrowable(ErrorHandler.java:204)<br />
              org.openqa.selenium.remote.ErrorHandler.throwIfResponseFailed(ErrorHandler.java:156)<br />
              org.openqa.selenium.remote.RemoteWebDriver.execute(RemoteWebDriver.java:599)<br />
              org.openqa.selenium.remote.RemoteWebDriver.execute(RemoteWebDriver.java:622)<br />
              org.openqa.selenium.remote.RemoteWebDriver$RemoteAlert.getText(RemoteWebDriver.java:926)<br />
              main.TestBase.getAlertConfirmation(TestBase.java:74)<br />
              pageObjects.Yahoo.test(Yahoo.java:57)<br />
              test.java.TestSearchEngines.Yahoo(TestSearchEngines.java:45)<br />
              sun.reflect.NativeMethodAccessorImpl.invoke0(Native Method)<br />
              sun.reflect.NativeMethodAccessorImpl.invoke(NativeMethodAccessorImpl.java:62)<br />
              sun.reflect.DelegatingMethodAccessorImpl.invoke(DelegatingMethodAccessorImpl.java:43)<br />
              java.lang.reflect.Method.invoke(Method.java:483)<br />
              org.testng.internal.MethodInvocationHelper.invokeMethod(MethodInvocationHelper.java:84)<br />
              org.testng.internal.Invoker.invokeMethod(Invoker.java:714)<br />
              org.testng.internal.Invoker.invokeTestMethod(Invoker.java:901)<br />
              org.testng.internal.Invoker.invokeTestMethods(Invoker.java:1231)<br />
              org.testng.internal.TestMethodWorker.invokeTestMethods(TestMethodWorker.java:127)<br />
              org.testng.internal.TestMethodWorker.run(TestMethodWorker.java:111)<br />
              org.testng.TestRunner.privateRun(TestRunner.java:767)<br />
              org.testng.TestRunner.run(TestRunner.java:617)<br />
              org.testng.SuiteRunner.runTest(SuiteRunner.java:334)<br />
              org.testng.SuiteRunner.runSequentially(SuiteRunner.java:329)<br />
              org.testng.SuiteRunner.privateRun(SuiteRunner.java:291)<br />
              org.testng.SuiteRunner.run(SuiteRunner.java:240)<br />
              org.testng.SuiteRunnerWorker.runSuite(SuiteRunnerWorker.java:52)<br />
              org.testng.SuiteRunnerWorker.run(SuiteRunnerWorker.java:86)<br />
              org.testng.TestNG.runSuitesSequentially(TestNG.java:1224)<br />
              org.testng.TestNG.runSuitesLocally(TestNG.java:1149)<br />
              org.testng.TestNG.run(TestNG.java:1057)<br />
              org.testng.remote.RemoteTestNG.run(RemoteTestNG.java:111)<br />
              org.testng.remote.RemoteTestNG.initAndRun(RemoteTestNG.java:204)<br />
              org.testng.remote.RemoteTestNG.main(RemoteTestNG.java:175)<br />
                </div>
      </td>
</tr>
<tr>
  <td class="method">
                  Yahoo
      </td>
  <td class="duration">
    11,359s
  </td>
  <td class="result">
        
          <i>Method arguments: </i><span class="arguments">"maroon"</span><br />
    
            <div class="testOutput">
                        Found element:By.name: p
                                Found element:By.name: p
                                Found element:By.name: p
                                Found element:By.name: p
                                Found element:By.id: main
                                Found element:By.id: hd
                                <a href="/Users/georgegaspar/Documents/Tests/Firefox-2015-2-3-8-37-34-127.png"><p align="left"Element screenshot at Tue Mar 03 08:37:35 CET 2015</p>
                                <p><img width="50%" src="/Users/georgegaspar/Documents/Tests/Firefox-2015-2-3-8-37-34-127.png" alt="screenshot at Tue Mar 03 08:37:35 CET 2015"/></p></a><br />
                                Completed executing following method : TestSearchEngines.Yahoo
                                Completed executing following method : TestSearchEngines.Yahoo
                                Completed executing following method : TestSearchEngines.Yahoo
                                Completed executing following method : TestSearchEngines.Yahoo
                                Completed executing following method : TestSearchEngines.Yahoo
                                Completed executing following method : TestSearchEngines.Yahoo
                                Test Method resides in test.java.TestSearchEngines
                                Test Method had the following parameters : nullmaroon,
                                Test Status: Failed
                                Fuck<br>
                                <a href="/Users/georgegaspar/Documents/Tests/Firefox-Yahoo(test.java.TestSearchEngines)-2015-2-3-8-37-38-744.png"><p align="left">Error screenshot at Tue Mar 03 08:37:39 CET 2015</p>
                                <p><img width="50%" src="/Users/georgegaspar/Documents/Tests/Firefox-Yahoo(test.java.TestSearchEngines)-2015-2-3-8-37-38-744.png" alt="screenshot at Tue Mar 03 08:37:39 CET 2015"/></p></a><br />
                  </div>
    

        <a href="javascript:toggleElement('exception-13', 'block')" title="Click to expand/collapse"><b>org.openqa.selenium.NoAlertPresentException: No alert is present (WARNING: The server did not provide any stacktrace information)<br/>
Command duration or timeout: 2.25 seconds<br/>
Build info: version: &apos;2.45.0&apos;, revision: &apos;5017cb8e7ca8e37638dc3091b2440b90a1d8686f&apos;, time: &apos;2015-02-27 09:10:26&apos;<br/>
System info: host: &apos;igeorge.local&apos;, ip: &apos;192.168.1.101&apos;, os.name: &apos;Mac OS X&apos;, os.arch: &apos;x86_64&apos;, os.version: &apos;10.7.5&apos;, java.version: &apos;1.8.0_25&apos;<br/>
Driver info: org.openqa.selenium.firefox.FirefoxDriver<br/>
Capabilities [{applicationCacheEnabled=true, rotatable=false, handlesAlerts=true, databaseEnabled=true, version=35.0.1, platform=MAC, nativeEvents=false, acceptSslCerts=true, webStorageEnabled=true, locationContextEnabled=true, browserName=firefox, takesScreenshot=true, javascriptEnabled=true, cssSelectorsEnabled=true}]<br/>
Session ID: 1ead2465-1af0-7b4e-bfc2-1db154c3185b</b></a><br />
    <div class="stackTrace" id="exception-13">
              sun.reflect.NativeConstructorAccessorImpl.newInstance0(Native Method)<br />
              sun.reflect.NativeConstructorAccessorImpl.newInstance(NativeConstructorAccessorImpl.java:62)<br />
              sun.reflect.DelegatingConstructorAccessorImpl.newInstance(DelegatingConstructorAccessorImpl.java:45)<br />
              java.lang.reflect.Constructor.newInstance(Constructor.java:408)<br />
              org.openqa.selenium.remote.ErrorHandler.createThrowable(ErrorHandler.java:204)<br />
              org.openqa.selenium.remote.ErrorHandler.throwIfResponseFailed(ErrorHandler.java:156)<br />
              org.openqa.selenium.remote.RemoteWebDriver.execute(RemoteWebDriver.java:599)<br />
              org.openqa.selenium.remote.RemoteWebDriver.execute(RemoteWebDriver.java:622)<br />
              org.openqa.selenium.remote.RemoteWebDriver$RemoteAlert.getText(RemoteWebDriver.java:926)<br />
              main.TestBase.getAlertConfirmation(TestBase.java:74)<br />
              pageObjects.Yahoo.test(Yahoo.java:57)<br />
              test.java.TestSearchEngines.Yahoo(TestSearchEngines.java:45)<br />
              sun.reflect.NativeMethodAccessorImpl.invoke0(Native Method)<br />
              sun.reflect.NativeMethodAccessorImpl.invoke(NativeMethodAccessorImpl.java:62)<br />
              sun.reflect.DelegatingMethodAccessorImpl.invoke(DelegatingMethodAccessorImpl.java:43)<br />
              java.lang.reflect.Method.invoke(Method.java:483)<br />
              org.testng.internal.MethodInvocationHelper.invokeMethod(MethodInvocationHelper.java:84)<br />
              org.testng.internal.Invoker.invokeMethod(Invoker.java:714)<br />
              org.testng.internal.Invoker.invokeTestMethod(Invoker.java:901)<br />
              org.testng.internal.Invoker.invokeTestMethods(Invoker.java:1231)<br />
              org.testng.internal.TestMethodWorker.invokeTestMethods(TestMethodWorker.java:127)<br />
              org.testng.internal.TestMethodWorker.run(TestMethodWorker.java:111)<br />
              org.testng.TestRunner.privateRun(TestRunner.java:767)<br />
              org.testng.TestRunner.run(TestRunner.java:617)<br />
              org.testng.SuiteRunner.runTest(SuiteRunner.java:334)<br />
              org.testng.SuiteRunner.runSequentially(SuiteRunner.java:329)<br />
              org.testng.SuiteRunner.privateRun(SuiteRunner.java:291)<br />
              org.testng.SuiteRunner.run(SuiteRunner.java:240)<br />
              org.testng.SuiteRunnerWorker.runSuite(SuiteRunnerWorker.java:52)<br />
              org.testng.SuiteRunnerWorker.run(SuiteRunnerWorker.java:86)<br />
              org.testng.TestNG.runSuitesSequentially(TestNG.java:1224)<br />
              org.testng.TestNG.runSuitesLocally(TestNG.java:1149)<br />
              org.testng.TestNG.run(TestNG.java:1057)<br />
              org.testng.remote.RemoteTestNG.run(RemoteTestNG.java:111)<br />
              org.testng.remote.RemoteTestNG.initAndRun(RemoteTestNG.java:204)<br />
              org.testng.remote.RemoteTestNG.main(RemoteTestNG.java:175)<br />
                </div>
      </td>
</tr>
<tr>
  <td class="method">
                  Yahoo
      </td>
  <td class="duration">
    12,242s
  </td>
  <td class="result">
        
          <i>Method arguments: </i><span class="arguments">"silver"</span><br />
    
            <div class="testOutput">
                        Found element:By.name: p
                                Found element:By.name: p
                                Found element:By.name: p
                                Found element:By.name: p
                                Found element:By.id: main
                                Found element:By.id: hd
                                <a href="/Users/georgegaspar/Documents/Tests/Firefox-2015-2-3-8-40-3-136.png"><p align="left"Element screenshot at Tue Mar 03 08:40:05 CET 2015</p>
                                <p><img width="50%" src="/Users/georgegaspar/Documents/Tests/Firefox-2015-2-3-8-40-3-136.png" alt="screenshot at Tue Mar 03 08:40:05 CET 2015"/></p></a><br />
                                Completed executing following method : TestSearchEngines.Yahoo
                                Completed executing following method : TestSearchEngines.Yahoo
                                Completed executing following method : TestSearchEngines.Yahoo
                                Completed executing following method : TestSearchEngines.Yahoo
                                Completed executing following method : TestSearchEngines.Yahoo
                                Completed executing following method : TestSearchEngines.Yahoo
                                Test Method resides in test.java.TestSearchEngines
                                Test Method had the following parameters : nullsilver,
                                Test Status: Failed
                                Fuck<br>
                                <a href="/Users/georgegaspar/Documents/Tests/Firefox-Yahoo(test.java.TestSearchEngines)-2015-2-3-8-40-8-336.png"><p align="left">Error screenshot at Tue Mar 03 08:40:09 CET 2015</p>
                                <p><img width="50%" src="/Users/georgegaspar/Documents/Tests/Firefox-Yahoo(test.java.TestSearchEngines)-2015-2-3-8-40-8-336.png" alt="screenshot at Tue Mar 03 08:40:09 CET 2015"/></p></a><br />
                  </div>
    

        <a href="javascript:toggleElement('exception-14', 'block')" title="Click to expand/collapse"><b>org.openqa.selenium.NoAlertPresentException: No alert is present (WARNING: The server did not provide any stacktrace information)<br/>
Command duration or timeout: 2.25 seconds<br/>
Build info: version: &apos;2.45.0&apos;, revision: &apos;5017cb8e7ca8e37638dc3091b2440b90a1d8686f&apos;, time: &apos;2015-02-27 09:10:26&apos;<br/>
System info: host: &apos;igeorge.local&apos;, ip: &apos;192.168.1.101&apos;, os.name: &apos;Mac OS X&apos;, os.arch: &apos;x86_64&apos;, os.version: &apos;10.7.5&apos;, java.version: &apos;1.8.0_25&apos;<br/>
Driver info: org.openqa.selenium.firefox.FirefoxDriver<br/>
Capabilities [{applicationCacheEnabled=true, rotatable=false, handlesAlerts=true, databaseEnabled=true, version=35.0.1, platform=MAC, nativeEvents=false, acceptSslCerts=true, webStorageEnabled=true, locationContextEnabled=true, browserName=firefox, takesScreenshot=true, javascriptEnabled=true, cssSelectorsEnabled=true}]<br/>
Session ID: 1ead2465-1af0-7b4e-bfc2-1db154c3185b</b></a><br />
    <div class="stackTrace" id="exception-14">
              sun.reflect.NativeConstructorAccessorImpl.newInstance0(Native Method)<br />
              sun.reflect.NativeConstructorAccessorImpl.newInstance(NativeConstructorAccessorImpl.java:62)<br />
              sun.reflect.DelegatingConstructorAccessorImpl.newInstance(DelegatingConstructorAccessorImpl.java:45)<br />
              java.lang.reflect.Constructor.newInstance(Constructor.java:408)<br />
              org.openqa.selenium.remote.ErrorHandler.createThrowable(ErrorHandler.java:204)<br />
              org.openqa.selenium.remote.ErrorHandler.throwIfResponseFailed(ErrorHandler.java:156)<br />
              org.openqa.selenium.remote.RemoteWebDriver.execute(RemoteWebDriver.java:599)<br />
              org.openqa.selenium.remote.RemoteWebDriver.execute(RemoteWebDriver.java:622)<br />
              org.openqa.selenium.remote.RemoteWebDriver$RemoteAlert.getText(RemoteWebDriver.java:926)<br />
              main.TestBase.getAlertConfirmation(TestBase.java:74)<br />
              pageObjects.Yahoo.test(Yahoo.java:57)<br />
              test.java.TestSearchEngines.Yahoo(TestSearchEngines.java:45)<br />
              sun.reflect.NativeMethodAccessorImpl.invoke0(Native Method)<br />
              sun.reflect.NativeMethodAccessorImpl.invoke(NativeMethodAccessorImpl.java:62)<br />
              sun.reflect.DelegatingMethodAccessorImpl.invoke(DelegatingMethodAccessorImpl.java:43)<br />
              java.lang.reflect.Method.invoke(Method.java:483)<br />
              org.testng.internal.MethodInvocationHelper.invokeMethod(MethodInvocationHelper.java:84)<br />
              org.testng.internal.Invoker.invokeMethod(Invoker.java:714)<br />
              org.testng.internal.Invoker.invokeTestMethod(Invoker.java:901)<br />
              org.testng.internal.Invoker.invokeTestMethods(Invoker.java:1231)<br />
              org.testng.internal.TestMethodWorker.invokeTestMethods(TestMethodWorker.java:127)<br />
              org.testng.internal.TestMethodWorker.run(TestMethodWorker.java:111)<br />
              org.testng.TestRunner.privateRun(TestRunner.java:767)<br />
              org.testng.TestRunner.run(TestRunner.java:617)<br />
              org.testng.SuiteRunner.runTest(SuiteRunner.java:334)<br />
              org.testng.SuiteRunner.runSequentially(SuiteRunner.java:329)<br />
              org.testng.SuiteRunner.privateRun(SuiteRunner.java:291)<br />
              org.testng.SuiteRunner.run(SuiteRunner.java:240)<br />
              org.testng.SuiteRunnerWorker.runSuite(SuiteRunnerWorker.java:52)<br />
              org.testng.SuiteRunnerWorker.run(SuiteRunnerWorker.java:86)<br />
              org.testng.TestNG.runSuitesSequentially(TestNG.java:1224)<br />
              org.testng.TestNG.runSuitesLocally(TestNG.java:1149)<br />
              org.testng.TestNG.run(TestNG.java:1057)<br />
              org.testng.remote.RemoteTestNG.run(RemoteTestNG.java:111)<br />
              org.testng.remote.RemoteTestNG.initAndRun(RemoteTestNG.java:204)<br />
              org.testng.remote.RemoteTestNG.main(RemoteTestNG.java:175)<br />
                </div>
      </td>
</tr>
<tr>
  <td class="method">
                  Yahoo
      </td>
  <td class="duration">
    11,762s
  </td>
  <td class="result">
        
          <i>Method arguments: </i><span class="arguments">"blue"</span><br />
    
            <div class="testOutput">
                        Found element:By.name: p
                                Found element:By.name: p
                                Found element:By.name: p
                                Found element:By.name: p
                                Found element:By.id: main
                                Found element:By.id: hd
                                <a href="/Users/georgegaspar/Documents/Tests/Firefox-2015-2-3-8-38-55-714.png"><p align="left"Element screenshot at Tue Mar 03 08:38:57 CET 2015</p>
                                <p><img width="50%" src="/Users/georgegaspar/Documents/Tests/Firefox-2015-2-3-8-38-55-714.png" alt="screenshot at Tue Mar 03 08:38:57 CET 2015"/></p></a><br />
                                Completed executing following method : TestSearchEngines.Yahoo
                                Completed executing following method : TestSearchEngines.Yahoo
                                Completed executing following method : TestSearchEngines.Yahoo
                                Completed executing following method : TestSearchEngines.Yahoo
                                Completed executing following method : TestSearchEngines.Yahoo
                                Completed executing following method : TestSearchEngines.Yahoo
                                Test Method resides in test.java.TestSearchEngines
                                Test Method had the following parameters : nullblue,
                                Test Status: Failed
                                Fuck<br>
                                <a href="/Users/georgegaspar/Documents/Tests/Firefox-Yahoo(test.java.TestSearchEngines)-2015-2-3-8-39-0-777.png"><p align="left">Error screenshot at Tue Mar 03 08:39:02 CET 2015</p>
                                <p><img width="50%" src="/Users/georgegaspar/Documents/Tests/Firefox-Yahoo(test.java.TestSearchEngines)-2015-2-3-8-39-0-777.png" alt="screenshot at Tue Mar 03 08:39:02 CET 2015"/></p></a><br />
                  </div>
    

        <a href="javascript:toggleElement('exception-15', 'block')" title="Click to expand/collapse"><b>org.openqa.selenium.NoAlertPresentException: No alert is present (WARNING: The server did not provide any stacktrace information)<br/>
Command duration or timeout: 2.24 seconds<br/>
Build info: version: &apos;2.45.0&apos;, revision: &apos;5017cb8e7ca8e37638dc3091b2440b90a1d8686f&apos;, time: &apos;2015-02-27 09:10:26&apos;<br/>
System info: host: &apos;igeorge.local&apos;, ip: &apos;192.168.1.101&apos;, os.name: &apos;Mac OS X&apos;, os.arch: &apos;x86_64&apos;, os.version: &apos;10.7.5&apos;, java.version: &apos;1.8.0_25&apos;<br/>
Driver info: org.openqa.selenium.firefox.FirefoxDriver<br/>
Capabilities [{applicationCacheEnabled=true, rotatable=false, handlesAlerts=true, databaseEnabled=true, version=35.0.1, platform=MAC, nativeEvents=false, acceptSslCerts=true, webStorageEnabled=true, locationContextEnabled=true, browserName=firefox, takesScreenshot=true, javascriptEnabled=true, cssSelectorsEnabled=true}]<br/>
Session ID: 1ead2465-1af0-7b4e-bfc2-1db154c3185b</b></a><br />
    <div class="stackTrace" id="exception-15">
              sun.reflect.NativeConstructorAccessorImpl.newInstance0(Native Method)<br />
              sun.reflect.NativeConstructorAccessorImpl.newInstance(NativeConstructorAccessorImpl.java:62)<br />
              sun.reflect.DelegatingConstructorAccessorImpl.newInstance(DelegatingConstructorAccessorImpl.java:45)<br />
              java.lang.reflect.Constructor.newInstance(Constructor.java:408)<br />
              org.openqa.selenium.remote.ErrorHandler.createThrowable(ErrorHandler.java:204)<br />
              org.openqa.selenium.remote.ErrorHandler.throwIfResponseFailed(ErrorHandler.java:156)<br />
              org.openqa.selenium.remote.RemoteWebDriver.execute(RemoteWebDriver.java:599)<br />
              org.openqa.selenium.remote.RemoteWebDriver.execute(RemoteWebDriver.java:622)<br />
              org.openqa.selenium.remote.RemoteWebDriver$RemoteAlert.getText(RemoteWebDriver.java:926)<br />
              main.TestBase.getAlertConfirmation(TestBase.java:74)<br />
              pageObjects.Yahoo.test(Yahoo.java:57)<br />
              test.java.TestSearchEngines.Yahoo(TestSearchEngines.java:45)<br />
              sun.reflect.NativeMethodAccessorImpl.invoke0(Native Method)<br />
              sun.reflect.NativeMethodAccessorImpl.invoke(NativeMethodAccessorImpl.java:62)<br />
              sun.reflect.DelegatingMethodAccessorImpl.invoke(DelegatingMethodAccessorImpl.java:43)<br />
              java.lang.reflect.Method.invoke(Method.java:483)<br />
              org.testng.internal.MethodInvocationHelper.invokeMethod(MethodInvocationHelper.java:84)<br />
              org.testng.internal.Invoker.invokeMethod(Invoker.java:714)<br />
              org.testng.internal.Invoker.invokeTestMethod(Invoker.java:901)<br />
              org.testng.internal.Invoker.invokeTestMethods(Invoker.java:1231)<br />
              org.testng.internal.TestMethodWorker.invokeTestMethods(TestMethodWorker.java:127)<br />
              org.testng.internal.TestMethodWorker.run(TestMethodWorker.java:111)<br />
              org.testng.TestRunner.privateRun(TestRunner.java:767)<br />
              org.testng.TestRunner.run(TestRunner.java:617)<br />
              org.testng.SuiteRunner.runTest(SuiteRunner.java:334)<br />
              org.testng.SuiteRunner.runSequentially(SuiteRunner.java:329)<br />
              org.testng.SuiteRunner.privateRun(SuiteRunner.java:291)<br />
              org.testng.SuiteRunner.run(SuiteRunner.java:240)<br />
              org.testng.SuiteRunnerWorker.runSuite(SuiteRunnerWorker.java:52)<br />
              org.testng.SuiteRunnerWorker.run(SuiteRunnerWorker.java:86)<br />
              org.testng.TestNG.runSuitesSequentially(TestNG.java:1224)<br />
              org.testng.TestNG.runSuitesLocally(TestNG.java:1149)<br />
              org.testng.TestNG.run(TestNG.java:1057)<br />
              org.testng.remote.RemoteTestNG.run(RemoteTestNG.java:111)<br />
              org.testng.remote.RemoteTestNG.initAndRun(RemoteTestNG.java:204)<br />
              org.testng.remote.RemoteTestNG.main(RemoteTestNG.java:175)<br />
                </div>
      </td>
</tr>
      </table>


  
</body>
</html>
