<?xml version="1.0" encoding="utf-8" ?>
<!DOCTYPE html PUBLIC "-//W3C//DTD XHTML 1.0 Strict//EN"
        "http://www.w3.org/TR/xhtml1/DTD/xhtml1-strict.dtd">
<html xmlns="http://www.w3.org/1999/xhtml" xml:lang="" lang="">
<head>
  <title>Test Results Report - Test on Firefox</title>
  <meta http-equiv="Content-Type" content="text/html;charset=utf-8" />
  <meta name="description" content="TestNG unit test results." />
  <link href="reportng.css" rel="stylesheet" type="text/css" />
    <script type="text/javascript" src="reportng.js"></script>
</head>
<body>
<h1>Test on Firefox</h1>
<p>
  Test duration: 152,272s
</p>



  <table class="resultsTable">
    <tr><th colspan="3" class="header failed">Failed Tests</th></tr>
          <tr>
        <td colspan="3" class="group">test.java.TestPlayer</td>
      </tr>
            
<tr>
  <td class="method">
                  <span class="description" title="Selecting contents for playback tests.">testSelectContentsPlay</span>
      </td>
  <td class="duration">
    65,692s
  </td>
  <td class="result">
        
    
            <div class="testOutput">
                        Found element:By.id: headerButtonMenu
                                Found element:By.id: headerButtonMenu
                                Clicked on:[[FirefoxDriver: firefox on MAC (c2582537-8be0-894d-9008-cb6832d8e916)] -> id: headerButtonMenu]
                                Found element:By.id: categories_group_b84a7a5f-ff13-4854-956b-9bc1070457f1
                                Found element:By.linkText: Akció, Kaland
                                Script run: arguments[0].scrollIntoView(true);
                                Script run: javascript:window.scrollBy(250,350)
                                Found element:By.id: categories_group_b84a7a5f-ff13-4854-956b-9bc1070457f1
                                Found element:By.linkText: Akció, Kaland
                                Clicked on:[[FirefoxDriver: firefox on MAC (c2582537-8be0-894d-9008-cb6832d8e916)] -> link text: Akció, Kaland]
                                Completed executing following method : TestPlayer.testSelectContentsPlay
                                Completed executing following method : TestPlayer.testSelectContentsPlay
                                Completed executing following method : TestPlayer.testSelectContentsPlay
                                Completed executing following method : TestPlayer.testSelectContentsPlay
                                Completed executing following method : TestPlayer.testSelectContentsPlay
                                Completed executing following method : TestPlayer.testSelectContentsPlay
                                Completed executing following method : TestPlayer.testSelectContentsPlay
                                Completed executing following method : TestPlayer.testSelectContentsPlay
                                Completed executing following method : TestPlayer.testSelectContentsPlay
                                Completed executing following method : TestPlayer.testSelectContentsPlay
                                Test Method resides in test.java.TestPlayer
                                Test Status: Failed
                                Fuck<br>
                                <a href="/Users/georgegaspar/Documents/Tests/Firefox-testSelectContentsPlay(test.java.TestPlayer)-2015-2-28-16-48-36-832.png"><p align="left">Error screenshot at Sat Mar 28 16:48:37 CET 2015</p>
                                <p><img width="50%" src="/Users/georgegaspar/Documents/Tests/Firefox-testSelectContentsPlay(test.java.TestPlayer)-2015-2-28-16-48-36-832.png" alt="screenshot at Sat Mar 28 16:48:37 CET 2015"/></p></a><br />
                  </div>
    

        <a href="javascript:toggleElement('exception-0', 'block')" title="Click to expand/collapse"><b>org.openqa.selenium.NoSuchElementException: Unable to locate element: {&quot;method&quot;:&quot;id&quot;,&quot;selector&quot;:&quot;normalView&quot;}<br/>
Command duration or timeout: 121 milliseconds<br/>
For documentation on this error, please visit: http://seleniumhq.org/exceptions/no_such_element.html<br/>
Build info: version: &apos;2.45.0&apos;, revision: &apos;5017cb8e7ca8e37638dc3091b2440b90a1d8686f&apos;, time: &apos;2015-02-27 09:10:26&apos;<br/>
System info: host: &apos;igeorge.local&apos;, ip: &apos;192.168.1.101&apos;, os.name: &apos;Mac OS X&apos;, os.arch: &apos;x86_64&apos;, os.version: &apos;10.7.5&apos;, java.version: &apos;1.8.0_25&apos;<br/>
Driver info: org.openqa.selenium.firefox.FirefoxDriver<br/>
Capabilities [{applicationCacheEnabled=true, rotatable=false, handlesAlerts=true, databaseEnabled=true, version=36.0.4, platform=MAC, nativeEvents=false, acceptSslCerts=true, webStorageEnabled=true, locationContextEnabled=true, browserName=firefox, takesScreenshot=true, javascriptEnabled=true, cssSelectorsEnabled=true}]<br/>
Session ID: c2582537-8be0-894d-9008-cb6832d8e916<br/>
*** Element info: {Using=id, value=normalView}</b></a><br />
    <div class="stackTrace" id="exception-0">
              sun.reflect.GeneratedConstructorAccessor16.newInstance(Unknown Source)<br />
              sun.reflect.DelegatingConstructorAccessorImpl.newInstance(DelegatingConstructorAccessorImpl.java:45)<br />
              java.lang.reflect.Constructor.newInstance(Constructor.java:408)<br />
              org.openqa.selenium.remote.ErrorHandler.createThrowable(ErrorHandler.java:204)<br />
              org.openqa.selenium.remote.ErrorHandler.throwIfResponseFailed(ErrorHandler.java:156)<br />
              org.openqa.selenium.remote.RemoteWebDriver.execute(RemoteWebDriver.java:599)<br />
              org.openqa.selenium.remote.RemoteWebDriver.findElement(RemoteWebDriver.java:352)<br />
              org.openqa.selenium.remote.RemoteWebDriver.findElementById(RemoteWebDriver.java:393)<br />
              org.openqa.selenium.By$ById.findElement(By.java:214)<br />
              org.openqa.selenium.remote.RemoteWebDriver.findElement(RemoteWebDriver.java:344)<br />
              sun.reflect.GeneratedMethodAccessor5.invoke(Unknown Source)<br />
              sun.reflect.DelegatingMethodAccessorImpl.invoke(DelegatingMethodAccessorImpl.java:43)<br />
              java.lang.reflect.Method.invoke(Method.java:483)<br />
              org.openqa.selenium.support.events.EventFiringWebDriver$2.invoke(EventFiringWebDriver.java:101)<br />
              com.sun.proxy.$Proxy10.findElement(Unknown Source)<br />
              org.openqa.selenium.support.events.EventFiringWebDriver.findElement(EventFiringWebDriver.java:184)<br />
              sun.reflect.GeneratedMethodAccessor5.invoke(Unknown Source)<br />
              sun.reflect.DelegatingMethodAccessorImpl.invoke(DelegatingMethodAccessorImpl.java:43)<br />
              java.lang.reflect.Method.invoke(Method.java:483)<br />
              org.openqa.selenium.support.events.EventFiringWebDriver$2.invoke(EventFiringWebDriver.java:101)<br />
              com.sun.proxy.$Proxy11.findElement(Unknown Source)<br />
              org.openqa.selenium.support.events.EventFiringWebDriver.findElement(EventFiringWebDriver.java:184)<br />
              main.TestBase.contents_(TestBase.java:776)<br />
              pageObjects.SelectMovieGroups.actionGroups(SelectMovieGroups.java:86)<br />
              test.java.TestPlayer.testSelectContentsPlay(TestPlayer.java:90)<br />
              sun.reflect.NativeMethodAccessorImpl.invoke0(Native Method)<br />
              sun.reflect.NativeMethodAccessorImpl.invoke(NativeMethodAccessorImpl.java:62)<br />
              sun.reflect.DelegatingMethodAccessorImpl.invoke(DelegatingMethodAccessorImpl.java:43)<br />
              java.lang.reflect.Method.invoke(Method.java:483)<br />
              org.testng.internal.MethodInvocationHelper.invokeMethod(MethodInvocationHelper.java:84)<br />
              org.testng.internal.Invoker.invokeMethod(Invoker.java:714)<br />
              org.testng.internal.Invoker.invokeTestMethod(Invoker.java:901)<br />
              org.testng.internal.Invoker.invokeTestMethods(Invoker.java:1231)<br />
              org.testng.internal.TestMethodWorker.invokeTestMethods(TestMethodWorker.java:127)<br />
              org.testng.internal.TestMethodWorker.run(TestMethodWorker.java:111)<br />
              org.testng.TestRunner.privateRun(TestRunner.java:767)<br />
              org.testng.TestRunner.run(TestRunner.java:617)<br />
              org.testng.SuiteRunner.runTest(SuiteRunner.java:334)<br />
              org.testng.SuiteRunner.runSequentially(SuiteRunner.java:329)<br />
              org.testng.SuiteRunner.privateRun(SuiteRunner.java:291)<br />
              org.testng.SuiteRunner.run(SuiteRunner.java:240)<br />
              org.testng.SuiteRunnerWorker.runSuite(SuiteRunnerWorker.java:52)<br />
              org.testng.SuiteRunnerWorker.run(SuiteRunnerWorker.java:86)<br />
              org.testng.TestNG.runSuitesSequentially(TestNG.java:1224)<br />
              org.testng.TestNG.runSuitesLocally(TestNG.java:1149)<br />
              org.testng.TestNG.run(TestNG.java:1057)<br />
              org.testng.remote.RemoteTestNG.run(RemoteTestNG.java:111)<br />
              org.testng.remote.RemoteTestNG.initAndRun(RemoteTestNG.java:204)<br />
              org.testng.remote.RemoteTestNG.main(RemoteTestNG.java:175)<br />
                    <b>Caused by: </b> <a href="javascript:toggleElement('exception-1', 'block')" title="Click to expand/collapse">org.openqa.selenium.NoSuchElementException: Unable to locate element: {&quot;method&quot;:&quot;id&quot;,&quot;selector&quot;:&quot;normalView&quot;}<br/>
For documentation on this error, please visit: http://seleniumhq.org/exceptions/no_such_element.html<br/>
Build info: version: &apos;2.45.0&apos;, revision: &apos;5017cb8e7ca8e37638dc3091b2440b90a1d8686f&apos;, time: &apos;2015-02-27 09:10:26&apos;<br/>
System info: host: &apos;igeorge.local&apos;, ip: &apos;192.168.1.101&apos;, os.name: &apos;Mac OS X&apos;, os.arch: &apos;x86_64&apos;, os.version: &apos;10.7.5&apos;, java.version: &apos;1.8.0_25&apos;<br/>
Driver info: driver.version: unknown</a><br />
        <div class="stackTrace" id="exception-1">
                      &lt;anonymous class&gt;.FirefoxDriver.prototype.findElementInternal_(file:///var/folders/_v/64sw74mj5pjb91nb05vftygh0000gn/T/anonymous59902340113840011webdriver-profile/extensions/fxdriver@googlecode.com/components/driver-component.js:10271)<br />
                      &lt;anonymous class&gt;.FirefoxDriver.prototype.findElement(file:///var/folders/_v/64sw74mj5pjb91nb05vftygh0000gn/T/anonymous59902340113840011webdriver-profile/extensions/fxdriver@googlecode.com/components/driver-component.js:10280)<br />
                      &lt;anonymous class&gt;.DelayedCommand.prototype.executeInternal_/h(file:///var/folders/_v/64sw74mj5pjb91nb05vftygh0000gn/T/anonymous59902340113840011webdriver-profile/extensions/fxdriver@googlecode.com/components/command-processor.js:12274)<br />
                      &lt;anonymous class&gt;.DelayedCommand.prototype.executeInternal_(file:///var/folders/_v/64sw74mj5pjb91nb05vftygh0000gn/T/anonymous59902340113840011webdriver-profile/extensions/fxdriver@googlecode.com/components/command-processor.js:12279)<br />
                      &lt;anonymous class&gt;.DelayedCommand.prototype.execute/&lt;(file:///var/folders/_v/64sw74mj5pjb91nb05vftygh0000gn/T/anonymous59902340113840011webdriver-profile/extensions/fxdriver@googlecode.com/components/command-processor.js:12221)<br />
                  </div>
          </div>
      </td>
</tr>
      </table>


  
</body>
</html>
