<!DOCTYPE html PUBLIC "-//W3C//DTD XHTML 1.1//EN" "http://www.w3.org/TR/xhtml11/DTD/xhtml11.dtd">
<html xmlns="http://www.w3.org/1999/xhtml">
<head>
<title>BANC Selenium RC Execution Report</title>
<style type="text/css">
table {margin-bottom:10px;border-collapse:collapse;empty-cells:show}
td,th {border:1px solid #009;padding:.25em .5em}
.result th {vertical-align:bottom}
.param th {padding-left:1em;padding-right:1em}
.param td {padding-left:.5em;padding-right:2em}
.stripe td,.stripe th {background-color: #E6EBF9}
.numi,.numi_attn {text-align:right}
.total td {font-weight:bold}
.passedodd td {background-color: #0A0}
.passedeven td {background-color: #3F3}
.skippedodd td {background-color: #CCC}
.skippedodd td {background-color: #DDD}
.failedodd td,.numi_attn {background-color: #F33}
.failedeven td,.stripe .numi_attn {background-color: #D00}
.stacktrace {white-space:pre;font-family:monospace}
.totop {font-size:85%;text-align:center;border-bottom:2px solid #000}
</style>
</head>
<body>
<b>Execution Parameters</b>
<table cellspacing="0" cellpadding="0" class="testOverview">
<tr><th>baseUrl</th><th>hubUrl</th><th>osType</th><th>browser</th><th>browserVersion</th><th>resolution</th><th>variable</th></tr>
<td class="numi">baseUrl</td><td class="numi">hubUrl</td><td class="numi">osType</td><td class="numi">browser</td><td class="numi">browserVersion</td><td class="numi">resolution</td><td class="numi">variable</td></table>
<p></p>
<b align="center">Execution Summary</b>
<table cellspacing="0" cellpadding="0" class="testOverview">
<tr><th>Test</th><th>Methods<br>Passed</th><th>Scenarios<br>Passed</th><th># skipped</th><th># failed</th><th>Total<br>Time</th><th>Included<br>Groups</th><th>Excluded<br>Groups</th></tr>
<tr><th colspan="8">Test Demo Run</th></tr>
<tr><td style="text-align:left;padding-right:2em"><a href="#t1">Test Groups</a></td><td class="numi">0</td><td class="numi">0</td><td class="numi">0</td><td class="numi">0</td><td class="numi">0h:0m:0s</td><td class="numi"></td><td class="numi">checkintest functest </td></tr>
<tr class="stripe"><td style="text-align:left;padding-right:2em"><a href="#t2">Test on Safari</a></td><td class="numi">0</td><td class="numi">0</td><td class="numi">0</td><td class="numi">0</td><td class="numi">0h:0m:0s</td><td class="numi"></td><td class="numi"></td></tr>
<tr><td style="text-align:left;padding-right:2em"><a href="#t3">Test on Firefox</a></td><td class="numi">0</td><td class="numi">0</td><td class="numi">0</td><td class="numi_attn">2</td><td class="numi">0h:1m:20s</td><td class="numi"></td><td class="numi"></td></tr>
<tr class="stripe"><td style="text-align:left;padding-right:2em"><a href="#t4">Test on Internet Explorer</a></td><td class="numi">0</td><td class="numi">0</td><td class="numi">0</td><td class="numi">0</td><td class="numi">0h:0m:0s</td><td class="numi"></td><td class="numi"></td></tr>
<tr><td style="text-align:left;padding-right:2em"><a href="#t5">Test on Chrome</a></td><td class="numi">0</td><td class="numi">0</td><td class="numi">0</td><td class="numi_attn">2</td><td class="numi">0h:1m:40s</td><td class="numi"></td><td class="numi"></td></tr>
<tr class="total"><td>Total</td>
<td class="numi">0</td><td class="numi">0</td><td class="numi">0</td><td class="numi_attn">4</td><td class="numi">9999</td><td colspan="2">&nbsp;</td></tr>
</table>
<p></p>
<table cellspacing="0" cellpadding="0" class="methodOverview" id="summary">
<b align="center">Result Summary Table</b>
<tr><th>Class</th><th>Method</th><th># of<br>Scenarios</th><th>Start</th><th>Time<br>elapsed</th><th>Custom</th></tr>
<tr id="t3"><th colspan="6">Test on Firefox — failed</th></tr>
<tr class="failedodd"><td rowspan="2">test.java.TestMouseHover</td><td><a href="#m1"><b>testSignInSuccess</b> (signin) ("HBO login")</a></td><td class="numi">1</td><td> ápr. 1 at 02:17 DE</td><td class="numi">0h:0m:24s</td><td><a href='emailable-report.html'>Test</a></td></tr><tr class="failedodd"><td><a href="#m2"><b>testMouseHover</b>  </a></td><td class="numi">1</td><td> ápr. 1 at 02:18 DE</td><td class="numi">0h:0m:32s</td><td><a href='emailable-report.html'>Test</a></td></tr>
<tr id="t5"><th colspan="6">Test on Chrome — failed</th></tr>
<tr class="failedodd"><td rowspan="2">test.java.TestMouseHover</td><td><a href="#m3"><b>testSignInSuccess</b> (signin) ("HBO login")</a></td><td class="numi">1</td><td> ápr. 1 at 02:19 DE</td><td class="numi">0h:0m:42s</td><td><a href='emailable-report.html'>Test</a></td></tr><tr class="failedodd"><td><a href="#m4"><b>testMouseHover</b>  </a></td><td class="numi">1</td><td> ápr. 1 at 02:19 DE</td><td class="numi">0h:0m:39s</td><td><a href='emailable-report.html'>Test</a></td></tr>
</table>
<br/><b align="center">Method Summaries</b><br/>
<h1>Test Demo Run</h1>
<h3>Test Groups</h3>
<h3>Test on Safari</h3>
<h3>Test on Firefox</h3>
<h2 id="m1">test.java.TestMouseHover : testSignInSuccess</h2>
<table cellspacing="0" cellpadding="0" class="result">
<tr class="param"><th>Param.1</th></tr>
<tr class="param stripe"><td>&quot;OperatorId_f320aa2c-e40e-49c2-8cdd-1ebef2ac6f26&quot;</td>
</tr>
<tr><td>
<h3>Test Messages</h3>
Found element:By.id: headerButtonLogin<br>
Found element:By.id: headerButtonLogin<br>
Clicked on:[[FirefoxDriver: firefox on MAC (ac56163b-bd86-4141-a201-3c58178f9c50)] -> id: headerButtonLogin]<br>
Found element:By.id: OperatorId<br>
Found element:By.id: OperatorId<br>
Clicked on:[[FirefoxDriver: firefox on MAC (ac56163b-bd86-4141-a201-3c58178f9c50)] -> id: OperatorId]<br>
Found element:By.id: OperatorId_f320aa2c-e40e-49c2-8cdd-1ebef2ac6f26<br>
Found element:By.id: OperatorId_f320aa2c-e40e-49c2-8cdd-1ebef2ac6f26<br>
Clicked on:[[FirefoxDriver: firefox on MAC (ac56163b-bd86-4141-a201-3c58178f9c50)] -> id: OperatorId_f320aa2c-e40e-49c2-8cdd-1ebef2ac6f26]<br>
Found element:By.name: EmailAddress<br>
Found element:By.name: EmailAddress<br>
Found element:By.name: EmailAddress<br>
Found element:By.name: Password<br>
Found element:By.name: Password<br>
Found element:By.name: Password<br>
<p>selectOperator test is done<br></p><br>
Found element:By.cssSelector: #sign-in-buttons > button.button_submit<br>
Found element:By.cssSelector: #sign-in-buttons > button.button_submit<br>
Clicked on:[[FirefoxDriver: firefox on MAC (ac56163b-bd86-4141-a201-3c58178f9c50)] -> css selector: #sign-in-buttons > button.button_submit]<br>
Completed executing following method : TestMouseHover.testSignInSuccess<br>
Completed executing following method : TestMouseHover.testSignInSuccess<br>
Completed executing following method : TestMouseHover.testSignInSuccess<br>
Completed executing following method : TestMouseHover.testSignInSuccess<br>
Completed executing following method : TestMouseHover.testSignInSuccess<br>
Completed executing following method : TestMouseHover.testSignInSuccess<br>
Completed executing following method : TestMouseHover.testSignInSuccess<br>
Completed executing following method : TestMouseHover.testSignInSuccess<br>
Completed executing following method : TestMouseHover.testSignInSuccess<br>
Completed executing following method : TestMouseHover.testSignInSuccess<br>
<a href="/Users/georgegaspar/Documents/Tests/Firefox-testSignInSuccess(test.java.TestMouseHover)-2015-3-1-2-18-19-429.png"><p align="left">Error screenshot at Wed Apr 01 02:18:20 CEST 2015</p><br>
<p><img width="50%" src="/Users/georgegaspar/Documents/Tests/Firefox-testSignInSuccess(test.java.TestMouseHover)-2015-3-1-2-18-19-429.png" alt="screenshot at Wed Apr 01 02:18:20 CEST 2015"/></p></a><br /><br>
Fuck<br><br>
Test Method resides in test.java.TestMouseHover<br>
Test Method had the following parameters : nullOperatorId_f320aa2c-e40e-49c2-8cdd-1ebef2ac6f26,<br>
Test Status: Failed<br>
<h3>Failure</h3>
<div class="stacktrace">java.lang.AssertionError: expected [true] but found [false]
	at org.testng.Assert.fail(Assert.java:94)
	at org.testng.Assert.failNotEquals(Assert.java:494)
	at org.testng.Assert.assertTrue(Assert.java:42)
	at org.testng.Assert.assertTrue(Assert.java:52)
	at main.TestBase.assertTrue(TestBase.java:139)
	at test.java.TestMouseHover.testSignInSuccess(TestMouseHover.java:29)
	at sun.reflect.NativeMethodAccessorImpl.invoke0(Native Method)
	at sun.reflect.NativeMethodAccessorImpl.invoke(NativeMethodAccessorImpl.java:62)
	at sun.reflect.DelegatingMethodAccessorImpl.invoke(DelegatingMethodAccessorImpl.java:43)
	at java.lang.reflect.Method.invoke(Method.java:483)
	at org.testng.internal.MethodInvocationHelper.invokeMethod(MethodInvocationHelper.java:84)
	at org.testng.internal.Invoker.invokeMethod(Invoker.java:714)
	at org.testng.internal.Invoker.invokeTestMethod(Invoker.java:901)
	at org.testng.internal.Invoker.invokeTestMethods(Invoker.java:1231)
	at org.testng.internal.TestMethodWorker.invokeTestMethods(TestMethodWorker.java:127)
	at org.testng.internal.TestMethodWorker.run(TestMethodWorker.java:111)
	at org.testng.TestRunner.privateRun(TestRunner.java:767)
	at org.testng.TestRunner.run(TestRunner.java:617)
	at org.testng.SuiteRunner.runTest(SuiteRunner.java:334)
	at org.testng.SuiteRunner.runSequentially(SuiteRunner.java:329)
	at org.testng.SuiteRunner.privateRun(SuiteRunner.java:291)
	at org.testng.SuiteRunner.run(SuiteRunner.java:240)
	at org.testng.SuiteRunnerWorker.runSuite(SuiteRunnerWorker.java:52)
	at org.testng.SuiteRunnerWorker.run(SuiteRunnerWorker.java:86)
	at org.testng.TestNG.runSuitesSequentially(TestNG.java:1224)
	at org.testng.TestNG.runSuitesLocally(TestNG.java:1149)
	at org.testng.TestNG.run(TestNG.java:1057)
	at org.testng.remote.RemoteTestNG.run(RemoteTestNG.java:111)
	at org.testng.remote.RemoteTestNG.initAndRun(RemoteTestNG.java:204)
	at org.testng.remote.RemoteTestNG.main(RemoteTestNG.java:175)
</div>
</td></tr>
</table>
<p class="totop"><a href="#summary">back to summary</a></p>
<h2 id="m2">test.java.TestMouseHover : testMouseHover</h2>
<table cellspacing="0" cellpadding="0" class="result">
<tr><td><i>Test did not have parameters.</i></td></tr> 
<div>
<h3>Test Messages</h3>
Found element:By.xpath: .//*[@id='content-inner']/div[1]/div[1]/div[2]<br>
Found element:By.xpath: .//*[@id='content-inner']/div[1]/div[1]/div[2]<br>
Found element:By.id: play_dropdown<br>
Found element:By.linkText: Epizód megtekintése<br>
Clicked on:[[FirefoxDriver: firefox on MAC (ac56163b-bd86-4141-a201-3c58178f9c50)] -> link text: Epizód megtekintése]<br>
Found element:By.id: play_dropdown<br>
Found element:By.tagName: a<br>
Script run: PlayerManager.handlePlay('PlayFreeInteractive', '5cb82268-2275-4df2-9c15-b8bfa88a6341'); 
                                                 GoogleHelper.track('VideoPlay','PlayFreeInteractive','Game of Thrones (1): Winter Is Coming'); 
                                                 return false;<br>
Found element:By.id: playbackElapsedTime<br>
Script run: return jQuery(arguments[0]).text();<br>
Found element:By.id: playbackElapsedTime<br>
Script run: return jQuery(arguments[0]).text();<br>
Completed executing following method : TestMouseHover.testMouseHover<br>
Completed executing following method : TestMouseHover.testMouseHover<br>
Completed executing following method : TestMouseHover.testMouseHover<br>
Completed executing following method : TestMouseHover.testMouseHover<br>
Completed executing following method : TestMouseHover.testMouseHover<br>
Completed executing following method : TestMouseHover.testMouseHover<br>
Completed executing following method : TestMouseHover.testMouseHover<br>
Completed executing following method : TestMouseHover.testMouseHover<br>
Completed executing following method : TestMouseHover.testMouseHover<br>
Completed executing following method : TestMouseHover.testMouseHover<br>
<a href="/Users/georgegaspar/Documents/Tests/Firefox-testMouseHover(test.java.TestMouseHover)-2015-3-1-2-18-53-141.png"><p align="left">Error screenshot at Wed Apr 01 02:18:54 CEST 2015</p><br>
<p><img width="50%" src="/Users/georgegaspar/Documents/Tests/Firefox-testMouseHover(test.java.TestMouseHover)-2015-3-1-2-18-53-141.png" alt="screenshot at Wed Apr 01 02:18:54 CEST 2015"/></p></a><br /><br>
Fuck<br><br>
Test Method resides in test.java.TestMouseHover<br>
Test Status: Failed<br>
<h3>Failure</h3>
<div class="stacktrace">java.lang.AssertionError: Playback stopped after 10000 seconds! expected [true] but found [false]
	at org.testng.Assert.fail(Assert.java:94)
	at org.testng.Assert.failNotEquals(Assert.java:494)
	at org.testng.Assert.assertTrue(Assert.java:42)
	at main.TestBase.assertTrue(TestBase.java:143)
	at main.TestBase.isPlayBackRunning(TestBase.java:705)
	at pageObjects.MouseHover.mouseHover(MouseHover.java:48)
	at test.java.TestMouseHover.testMouseHover(TestMouseHover.java:46)
	at sun.reflect.NativeMethodAccessorImpl.invoke0(Native Method)
	at sun.reflect.NativeMethodAccessorImpl.invoke(NativeMethodAccessorImpl.java:62)
	at sun.reflect.DelegatingMethodAccessorImpl.invoke(DelegatingMethodAccessorImpl.java:43)
	at java.lang.reflect.Method.invoke(Method.java:483)
	at org.testng.internal.MethodInvocationHelper.invokeMethod(MethodInvocationHelper.java:84)
	at org.testng.internal.Invoker.invokeMethod(Invoker.java:714)
	at org.testng.internal.Invoker.invokeTestMethod(Invoker.java:901)
	at org.testng.internal.Invoker.invokeTestMethods(Invoker.java:1231)
	at org.testng.internal.TestMethodWorker.invokeTestMethods(TestMethodWorker.java:127)
	at org.testng.internal.TestMethodWorker.run(TestMethodWorker.java:111)
	at org.testng.TestRunner.privateRun(TestRunner.java:767)
	at org.testng.TestRunner.run(TestRunner.java:617)
	at org.testng.SuiteRunner.runTest(SuiteRunner.java:334)
	at org.testng.SuiteRunner.runSequentially(SuiteRunner.java:329)
	at org.testng.SuiteRunner.privateRun(SuiteRunner.java:291)
	at org.testng.SuiteRunner.run(SuiteRunner.java:240)
	at org.testng.SuiteRunnerWorker.runSuite(SuiteRunnerWorker.java:52)
	at org.testng.SuiteRunnerWorker.run(SuiteRunnerWorker.java:86)
	at org.testng.TestNG.runSuitesSequentially(TestNG.java:1224)
	at org.testng.TestNG.runSuitesLocally(TestNG.java:1149)
	at org.testng.TestNG.run(TestNG.java:1057)
	at org.testng.remote.RemoteTestNG.run(RemoteTestNG.java:111)
	at org.testng.remote.RemoteTestNG.initAndRun(RemoteTestNG.java:204)
	at org.testng.remote.RemoteTestNG.main(RemoteTestNG.java:175)
</div>
</div>
</table>
<p class="totop"><a href="#summary">back to summary</a></p>
<h3>Test on Internet Explorer</h3>
<h3>Test on Chrome</h3>
<h2 id="m3">test.java.TestMouseHover : testMouseHover</h2>
<table cellspacing="0" cellpadding="0" class="result">
<tr><td><i>Test did not have parameters.</i></td></tr> 
<div>
<h3>Test Messages</h3>
Found element:By.xpath: .//*[@id='content-inner']/div[1]/div[1]/div[2]<br>
Found element:By.xpath: .//*[@id='content-inner']/div[1]/div[1]/div[2]<br>
Found element:By.id: play_dropdown<br>
Found element:By.linkText: Epizód megtekintése<br>
Clicked on:[[ChromeDriver: chrome on MAC (ecacf9fe0d34f55bbdb077a3741daae0)] -> link text: Epizód megtekintése]<br>
Found element:By.id: play_dropdown<br>
Found element:By.tagName: a<br>
Script run: PlayerManager.handlePlay('PlayFreeInteractive', '5cb82268-2275-4df2-9c15-b8bfa88a6341'); 
                                                 GoogleHelper.track('VideoPlay','PlayFreeInteractive','Game of Thrones (1): Winter Is Coming'); 
                                                 return false;<br>
Found element:By.id: playbackElapsedTime<br>
Script run: return jQuery(arguments[0]).text();<br>
Found element:By.id: playbackElapsedTime<br>
Script run: return jQuery(arguments[0]).text();<br>
Completed executing following method : TestMouseHover.testMouseHover<br>
Completed executing following method : TestMouseHover.testMouseHover<br>
Completed executing following method : TestMouseHover.testMouseHover<br>
Completed executing following method : TestMouseHover.testMouseHover<br>
Completed executing following method : TestMouseHover.testMouseHover<br>
Completed executing following method : TestMouseHover.testMouseHover<br>
Completed executing following method : TestMouseHover.testMouseHover<br>
Completed executing following method : TestMouseHover.testMouseHover<br>
Completed executing following method : TestMouseHover.testMouseHover<br>
Completed executing following method : TestMouseHover.testMouseHover<br>
<a href="/Users/georgegaspar/Documents/Tests/CHROME-testMouseHover(test.java.TestMouseHover)-2015-3-1-2-20-34-672.png"><p align="left">Error screenshot at Wed Apr 01 02:20:35 CEST 2015</p><br>
<p><img width="50%" src="/Users/georgegaspar/Documents/Tests/CHROME-testMouseHover(test.java.TestMouseHover)-2015-3-1-2-20-34-672.png" alt="screenshot at Wed Apr 01 02:20:35 CEST 2015"/></p></a><br /><br>
Fuck<br><br>
Test Method resides in test.java.TestMouseHover<br>
Test Status: Failed<br>
<h3>Failure</h3>
<div class="stacktrace">java.lang.AssertionError: Playback stopped after 10000 seconds! expected [true] but found [false]
	at org.testng.Assert.fail(Assert.java:94)
	at org.testng.Assert.failNotEquals(Assert.java:494)
	at org.testng.Assert.assertTrue(Assert.java:42)
	at main.TestBase.assertTrue(TestBase.java:143)
	at main.TestBase.isPlayBackRunning(TestBase.java:705)
	at pageObjects.MouseHover.mouseHover(MouseHover.java:48)
	at test.java.TestMouseHover.testMouseHover(TestMouseHover.java:46)
	at sun.reflect.NativeMethodAccessorImpl.invoke0(Native Method)
	at sun.reflect.NativeMethodAccessorImpl.invoke(NativeMethodAccessorImpl.java:62)
	at sun.reflect.DelegatingMethodAccessorImpl.invoke(DelegatingMethodAccessorImpl.java:43)
	at java.lang.reflect.Method.invoke(Method.java:483)
	at org.testng.internal.MethodInvocationHelper.invokeMethod(MethodInvocationHelper.java:84)
	at org.testng.internal.Invoker.invokeMethod(Invoker.java:714)
	at org.testng.internal.Invoker.invokeTestMethod(Invoker.java:901)
	at org.testng.internal.Invoker.invokeTestMethods(Invoker.java:1231)
	at org.testng.internal.TestMethodWorker.invokeTestMethods(TestMethodWorker.java:127)
	at org.testng.internal.TestMethodWorker.run(TestMethodWorker.java:111)
	at org.testng.TestRunner.privateRun(TestRunner.java:767)
	at org.testng.TestRunner.run(TestRunner.java:617)
	at org.testng.SuiteRunner.runTest(SuiteRunner.java:334)
	at org.testng.SuiteRunner.runSequentially(SuiteRunner.java:329)
	at org.testng.SuiteRunner.privateRun(SuiteRunner.java:291)
	at org.testng.SuiteRunner.run(SuiteRunner.java:240)
	at org.testng.SuiteRunnerWorker.runSuite(SuiteRunnerWorker.java:52)
	at org.testng.SuiteRunnerWorker.run(SuiteRunnerWorker.java:86)
	at org.testng.TestNG.runSuitesSequentially(TestNG.java:1224)
	at org.testng.TestNG.runSuitesLocally(TestNG.java:1149)
	at org.testng.TestNG.run(TestNG.java:1057)
	at org.testng.remote.RemoteTestNG.run(RemoteTestNG.java:111)
	at org.testng.remote.RemoteTestNG.initAndRun(RemoteTestNG.java:204)
	at org.testng.remote.RemoteTestNG.main(RemoteTestNG.java:175)
</div>
</div>
</table>
<p class="totop"><a href="#summary">back to summary</a></p>
<h2 id="m4">test.java.TestMouseHover : testSignInSuccess</h2>
<table cellspacing="0" cellpadding="0" class="result">
<tr class="param"><th>Param.1</th></tr>
<tr class="param stripe"><td>&quot;OperatorId_f320aa2c-e40e-49c2-8cdd-1ebef2ac6f26&quot;</td>
</tr>
<tr><td>
<h3>Test Messages</h3>
Found element:By.id: headerButtonLogin<br>
Found element:By.id: headerButtonLogin<br>
Clicked on:[[ChromeDriver: chrome on MAC (ecacf9fe0d34f55bbdb077a3741daae0)] -> id: headerButtonLogin]<br>
Found element:By.id: OperatorId<br>
Found element:By.id: OperatorId<br>
Clicked on:[[ChromeDriver: chrome on MAC (ecacf9fe0d34f55bbdb077a3741daae0)] -> id: OperatorId]<br>
Found element:By.id: OperatorId_f320aa2c-e40e-49c2-8cdd-1ebef2ac6f26<br>
Found element:By.id: OperatorId_f320aa2c-e40e-49c2-8cdd-1ebef2ac6f26<br>
Clicked on:[[ChromeDriver: chrome on MAC (ecacf9fe0d34f55bbdb077a3741daae0)] -> id: OperatorId_f320aa2c-e40e-49c2-8cdd-1ebef2ac6f26]<br>
Found element:By.name: EmailAddress<br>
Found element:By.name: EmailAddress<br>
Found element:By.name: EmailAddress<br>
Found element:By.name: Password<br>
Found element:By.name: Password<br>
Found element:By.name: Password<br>
<p>selectOperator test is done<br></p><br>
Found element:By.cssSelector: #sign-in-buttons > button.button_submit<br>
Found element:By.cssSelector: #sign-in-buttons > button.button_submit<br>
Clicked on:[[ChromeDriver: chrome on MAC (ecacf9fe0d34f55bbdb077a3741daae0)] -> css selector: #sign-in-buttons > button.button_submit]<br>
Completed executing following method : TestMouseHover.testSignInSuccess<br>
Completed executing following method : TestMouseHover.testSignInSuccess<br>
Completed executing following method : TestMouseHover.testSignInSuccess<br>
Completed executing following method : TestMouseHover.testSignInSuccess<br>
Completed executing following method : TestMouseHover.testSignInSuccess<br>
Completed executing following method : TestMouseHover.testSignInSuccess<br>
Completed executing following method : TestMouseHover.testSignInSuccess<br>
Completed executing following method : TestMouseHover.testSignInSuccess<br>
Completed executing following method : TestMouseHover.testSignInSuccess<br>
Completed executing following method : TestMouseHover.testSignInSuccess<br>
<a href="/Users/georgegaspar/Documents/Tests/CHROME-testSignInSuccess(test.java.TestMouseHover)-2015-3-1-2-19-54-808.png"><p align="left">Error screenshot at Wed Apr 01 02:19:55 CEST 2015</p><br>
<p><img width="50%" src="/Users/georgegaspar/Documents/Tests/CHROME-testSignInSuccess(test.java.TestMouseHover)-2015-3-1-2-19-54-808.png" alt="screenshot at Wed Apr 01 02:19:55 CEST 2015"/></p></a><br /><br>
Fuck<br><br>
Test Method resides in test.java.TestMouseHover<br>
Test Method had the following parameters : nullOperatorId_f320aa2c-e40e-49c2-8cdd-1ebef2ac6f26,<br>
Test Status: Failed<br>
<h3>Failure</h3>
<div class="stacktrace">java.lang.AssertionError: expected [true] but found [false]
	at org.testng.Assert.fail(Assert.java:94)
	at org.testng.Assert.failNotEquals(Assert.java:494)
	at org.testng.Assert.assertTrue(Assert.java:42)
	at org.testng.Assert.assertTrue(Assert.java:52)
	at main.TestBase.assertTrue(TestBase.java:139)
	at test.java.TestMouseHover.testSignInSuccess(TestMouseHover.java:29)
	at sun.reflect.NativeMethodAccessorImpl.invoke0(Native Method)
	at sun.reflect.NativeMethodAccessorImpl.invoke(NativeMethodAccessorImpl.java:62)
	at sun.reflect.DelegatingMethodAccessorImpl.invoke(DelegatingMethodAccessorImpl.java:43)
	at java.lang.reflect.Method.invoke(Method.java:483)
	at org.testng.internal.MethodInvocationHelper.invokeMethod(MethodInvocationHelper.java:84)
	at org.testng.internal.Invoker.invokeMethod(Invoker.java:714)
	at org.testng.internal.Invoker.invokeTestMethod(Invoker.java:901)
	at org.testng.internal.Invoker.invokeTestMethods(Invoker.java:1231)
	at org.testng.internal.TestMethodWorker.invokeTestMethods(TestMethodWorker.java:127)
	at org.testng.internal.TestMethodWorker.run(TestMethodWorker.java:111)
	at org.testng.TestRunner.privateRun(TestRunner.java:767)
	at org.testng.TestRunner.run(TestRunner.java:617)
	at org.testng.SuiteRunner.runTest(SuiteRunner.java:334)
	at org.testng.SuiteRunner.runSequentially(SuiteRunner.java:329)
	at org.testng.SuiteRunner.privateRun(SuiteRunner.java:291)
	at org.testng.SuiteRunner.run(SuiteRunner.java:240)
	at org.testng.SuiteRunnerWorker.runSuite(SuiteRunnerWorker.java:52)
	at org.testng.SuiteRunnerWorker.run(SuiteRunnerWorker.java:86)
	at org.testng.TestNG.runSuitesSequentially(TestNG.java:1224)
	at org.testng.TestNG.runSuitesLocally(TestNG.java:1149)
	at org.testng.TestNG.run(TestNG.java:1057)
	at org.testng.remote.RemoteTestNG.run(RemoteTestNG.java:111)
	at org.testng.remote.RemoteTestNG.initAndRun(RemoteTestNG.java:204)
	at org.testng.remote.RemoteTestNG.main(RemoteTestNG.java:175)
</div>
</td></tr>
</table>
<p class="totop"><a href="#summary">back to summary</a></p>
<center><h4>Customized TestNG Report</h4></center>
</body></html>
