<?xml version="1.0" encoding="UTF-8"?>
<testng-results skipped="0" failed="10" total="10" passed="0">
  <reporter-output>
    <line>
      <![CDATA[About to begin executing Suite Test Demo Run]]>
    </line>
    <line>
      <![CDATA[About to begin executing Suite Test Demo Run]]>
    </line>
    <line>
      <![CDATA[About to begin executing Test Default test]]>
    </line>
    <line>
      <![CDATA[About to begin executing following method : TestTest.setUp]]>
    </line>
    <line>
      <![CDATA[About to begin executing following method : TestTest.setUp]]>
    </line>
    <line>
      <![CDATA[
Completed executing following method : TestTest.setUp]]>
    </line>
    <line>
      <![CDATA[
Completed executing following method : TestTest.setUp]]>
    </line>
    <line>
      <![CDATA[About to begin executing following method : TestTest.testHbogoWebdriverTest1]]>
    </line>
    <line>
      <![CDATA[About to begin executing following method : TestTest.testHbogoWebdriverTest1]]>
    </line>
    <line>
      <![CDATA[
Title Is Present On The Page | ]]>
    </line>
    <line>
      <![CDATA[
Completed executing following method : TestTest.testHbogoWebdriverTest1]]>
    </line>
    <line>
      <![CDATA[
Completed executing following method : TestTest.testHbogoWebdriverTest1]]>
    </line>
    <line>
      <![CDATA[
Test Method resides in test.java.TestTest]]>
    </line>
    <line>
      <![CDATA[Test Status: Failed]]>
    </line>
    <line>
      <![CDATA[About to begin executing following method : TestTest.tearDown]]>
    </line>
    <line>
      <![CDATA[About to begin executing following method : TestTest.tearDown]]>
    </line>
    <line>
      <![CDATA[
Completed executing following method : TestTest.tearDown]]>
    </line>
    <line>
      <![CDATA[
Completed executing following method : TestTest.tearDown]]>
    </line>
    <line>
      <![CDATA[About to begin executing following method : TestTest.setUp]]>
    </line>
    <line>
      <![CDATA[About to begin executing following method : TestTest.setUp]]>
    </line>
    <line>
      <![CDATA[
Completed executing following method : TestTest.setUp]]>
    </line>
    <line>
      <![CDATA[
Completed executing following method : TestTest.setUp]]>
    </line>
    <line>
      <![CDATA[About to begin executing following method : TestTest.testHbogoWebdriverTest1]]>
    </line>
    <line>
      <![CDATA[About to begin executing following method : TestTest.testHbogoWebdriverTest1]]>
    </line>
    <line>
      <![CDATA[
Title Is Present On The Page | ]]>
    </line>
    <line>
      <![CDATA[
Completed executing following method : TestTest.testHbogoWebdriverTest1]]>
    </line>
    <line>
      <![CDATA[
Completed executing following method : TestTest.testHbogoWebdriverTest1]]>
    </line>
    <line>
      <![CDATA[
Test Method resides in test.java.TestTest]]>
    </line>
    <line>
      <![CDATA[Test Status: Failed]]>
    </line>
    <line>
      <![CDATA[About to begin executing following method : TestTest.tearDown]]>
    </line>
    <line>
      <![CDATA[About to begin executing following method : TestTest.tearDown]]>
    </line>
    <line>
      <![CDATA[
Completed executing following method : TestTest.tearDown]]>
    </line>
    <line>
      <![CDATA[
Completed executing following method : TestTest.tearDown]]>
    </line>
    <line>
      <![CDATA[About to begin executing following method : TestTest.setUp]]>
    </line>
    <line>
      <![CDATA[About to begin executing following method : TestTest.setUp]]>
    </line>
    <line>
      <![CDATA[
Completed executing following method : TestTest.setUp]]>
    </line>
    <line>
      <![CDATA[
Completed executing following method : TestTest.setUp]]>
    </line>
    <line>
      <![CDATA[About to begin executing following method : TestTest.testHbogoWebdriverTest1]]>
    </line>
    <line>
      <![CDATA[About to begin executing following method : TestTest.testHbogoWebdriverTest1]]>
    </line>
    <line>
      <![CDATA[
Title Is Present On The Page | ]]>
    </line>
    <line>
      <![CDATA[
Completed executing following method : TestTest.testHbogoWebdriverTest1]]>
    </line>
    <line>
      <![CDATA[
Completed executing following method : TestTest.testHbogoWebdriverTest1]]>
    </line>
    <line>
      <![CDATA[
Test Method resides in test.java.TestTest]]>
    </line>
    <line>
      <![CDATA[Test Status: Failed]]>
    </line>
    <line>
      <![CDATA[About to begin executing following method : TestTest.tearDown]]>
    </line>
    <line>
      <![CDATA[About to begin executing following method : TestTest.tearDown]]>
    </line>
    <line>
      <![CDATA[
Completed executing following method : TestTest.tearDown]]>
    </line>
    <line>
      <![CDATA[
Completed executing following method : TestTest.tearDown]]>
    </line>
    <line>
      <![CDATA[About to begin executing following method : TestTest.setUp]]>
    </line>
    <line>
      <![CDATA[About to begin executing following method : TestTest.setUp]]>
    </line>
    <line>
      <![CDATA[
Completed executing following method : TestTest.setUp]]>
    </line>
    <line>
      <![CDATA[
Completed executing following method : TestTest.setUp]]>
    </line>
    <line>
      <![CDATA[About to begin executing following method : TestTest.testHbogoWebdriverTest1]]>
    </line>
    <line>
      <![CDATA[About to begin executing following method : TestTest.testHbogoWebdriverTest1]]>
    </line>
    <line>
      <![CDATA[
Title Is Present On The Page | ]]>
    </line>
    <line>
      <![CDATA[
Completed executing following method : TestTest.testHbogoWebdriverTest1]]>
    </line>
    <line>
      <![CDATA[
Completed executing following method : TestTest.testHbogoWebdriverTest1]]>
    </line>
    <line>
      <![CDATA[
Test Method resides in test.java.TestTest]]>
    </line>
    <line>
      <![CDATA[Test Status: Failed]]>
    </line>
    <line>
      <![CDATA[About to begin executing following method : TestTest.tearDown]]>
    </line>
    <line>
      <![CDATA[About to begin executing following method : TestTest.tearDown]]>
    </line>
    <line>
      <![CDATA[
Completed executing following method : TestTest.tearDown]]>
    </line>
    <line>
      <![CDATA[
Completed executing following method : TestTest.tearDown]]>
    </line>
    <line>
      <![CDATA[About to begin executing following method : TestTest.setUp]]>
    </line>
    <line>
      <![CDATA[About to begin executing following method : TestTest.setUp]]>
    </line>
    <line>
      <![CDATA[
Completed executing following method : TestTest.setUp]]>
    </line>
    <line>
      <![CDATA[
Completed executing following method : TestTest.setUp]]>
    </line>
    <line>
      <![CDATA[About to begin executing following method : TestTest.testHbogoWebdriverTest1]]>
    </line>
    <line>
      <![CDATA[About to begin executing following method : TestTest.testHbogoWebdriverTest1]]>
    </line>
    <line>
      <![CDATA[
Title Is Present On The Page | ]]>
    </line>
    <line>
      <![CDATA[
Completed executing following method : TestTest.testHbogoWebdriverTest1]]>
    </line>
    <line>
      <![CDATA[
Completed executing following method : TestTest.testHbogoWebdriverTest1]]>
    </line>
    <line>
      <![CDATA[
Test Method resides in test.java.TestTest]]>
    </line>
    <line>
      <![CDATA[Test Status: Failed]]>
    </line>
    <line>
      <![CDATA[About to begin executing following method : TestTest.tearDown]]>
    </line>
    <line>
      <![CDATA[About to begin executing following method : TestTest.tearDown]]>
    </line>
    <line>
      <![CDATA[
Completed executing following method : TestTest.tearDown]]>
    </line>
    <line>
      <![CDATA[
Completed executing following method : TestTest.tearDown]]>
    </line>
    <line>
      <![CDATA[About to begin executing following method : TestTest.setUp]]>
    </line>
    <line>
      <![CDATA[About to begin executing following method : TestTest.setUp]]>
    </line>
    <line>
      <![CDATA[
Completed executing following method : TestTest.setUp]]>
    </line>
    <line>
      <![CDATA[
Completed executing following method : TestTest.setUp]]>
    </line>
    <line>
      <![CDATA[About to begin executing following method : TestTest.testHbogoWebdriverTest1]]>
    </line>
    <line>
      <![CDATA[About to begin executing following method : TestTest.testHbogoWebdriverTest1]]>
    </line>
    <line>
      <![CDATA[
Title Is Present On The Page | ]]>
    </line>
    <line>
      <![CDATA[
Completed executing following method : TestTest.testHbogoWebdriverTest1]]>
    </line>
    <line>
      <![CDATA[
Completed executing following method : TestTest.testHbogoWebdriverTest1]]>
    </line>
    <line>
      <![CDATA[
Test Method resides in test.java.TestTest]]>
    </line>
    <line>
      <![CDATA[Test Status: Failed]]>
    </line>
    <line>
      <![CDATA[About to begin executing following method : TestTest.tearDown]]>
    </line>
    <line>
      <![CDATA[About to begin executing following method : TestTest.tearDown]]>
    </line>
    <line>
      <![CDATA[
Completed executing following method : TestTest.tearDown]]>
    </line>
    <line>
      <![CDATA[
Completed executing following method : TestTest.tearDown]]>
    </line>
    <line>
      <![CDATA[About to begin executing following method : TestTest.setUp]]>
    </line>
    <line>
      <![CDATA[About to begin executing following method : TestTest.setUp]]>
    </line>
    <line>
      <![CDATA[
Completed executing following method : TestTest.setUp]]>
    </line>
    <line>
      <![CDATA[
Completed executing following method : TestTest.setUp]]>
    </line>
    <line>
      <![CDATA[About to begin executing following method : TestTest.testHbogoWebdriverTest1]]>
    </line>
    <line>
      <![CDATA[About to begin executing following method : TestTest.testHbogoWebdriverTest1]]>
    </line>
    <line>
      <![CDATA[
Title Is Present On The Page | ]]>
    </line>
    <line>
      <![CDATA[
Completed executing following method : TestTest.testHbogoWebdriverTest1]]>
    </line>
    <line>
      <![CDATA[
Completed executing following method : TestTest.testHbogoWebdriverTest1]]>
    </line>
    <line>
      <![CDATA[
Test Method resides in test.java.TestTest]]>
    </line>
    <line>
      <![CDATA[Test Status: Failed]]>
    </line>
    <line>
      <![CDATA[About to begin executing following method : TestTest.tearDown]]>
    </line>
    <line>
      <![CDATA[About to begin executing following method : TestTest.tearDown]]>
    </line>
    <line>
      <![CDATA[
Completed executing following method : TestTest.tearDown]]>
    </line>
    <line>
      <![CDATA[
Completed executing following method : TestTest.tearDown]]>
    </line>
    <line>
      <![CDATA[About to begin executing following method : TestTest.setUp]]>
    </line>
    <line>
      <![CDATA[About to begin executing following method : TestTest.setUp]]>
    </line>
    <line>
      <![CDATA[
Completed executing following method : TestTest.setUp]]>
    </line>
    <line>
      <![CDATA[
Completed executing following method : TestTest.setUp]]>
    </line>
    <line>
      <![CDATA[About to begin executing following method : TestTest.testHbogoWebdriverTest1]]>
    </line>
    <line>
      <![CDATA[About to begin executing following method : TestTest.testHbogoWebdriverTest1]]>
    </line>
    <line>
      <![CDATA[
Title Is Present On The Page | ]]>
    </line>
    <line>
      <![CDATA[
Completed executing following method : TestTest.testHbogoWebdriverTest1]]>
    </line>
    <line>
      <![CDATA[
Completed executing following method : TestTest.testHbogoWebdriverTest1]]>
    </line>
    <line>
      <![CDATA[
Test Method resides in test.java.TestTest]]>
    </line>
    <line>
      <![CDATA[Test Status: Failed]]>
    </line>
    <line>
      <![CDATA[About to begin executing following method : TestTest.tearDown]]>
    </line>
    <line>
      <![CDATA[About to begin executing following method : TestTest.tearDown]]>
    </line>
    <line>
      <![CDATA[
Completed executing following method : TestTest.tearDown]]>
    </line>
    <line>
      <![CDATA[
Completed executing following method : TestTest.tearDown]]>
    </line>
    <line>
      <![CDATA[About to begin executing following method : TestTest.setUp]]>
    </line>
    <line>
      <![CDATA[About to begin executing following method : TestTest.setUp]]>
    </line>
    <line>
      <![CDATA[
Completed executing following method : TestTest.setUp]]>
    </line>
    <line>
      <![CDATA[
Completed executing following method : TestTest.setUp]]>
    </line>
    <line>
      <![CDATA[About to begin executing following method : TestTest.testHbogoWebdriverTest1]]>
    </line>
    <line>
      <![CDATA[About to begin executing following method : TestTest.testHbogoWebdriverTest1]]>
    </line>
    <line>
      <![CDATA[
Title Is Present On The Page | ]]>
    </line>
    <line>
      <![CDATA[
Completed executing following method : TestTest.testHbogoWebdriverTest1]]>
    </line>
    <line>
      <![CDATA[
Completed executing following method : TestTest.testHbogoWebdriverTest1]]>
    </line>
    <line>
      <![CDATA[
Test Method resides in test.java.TestTest]]>
    </line>
    <line>
      <![CDATA[Test Status: Failed]]>
    </line>
    <line>
      <![CDATA[About to begin executing following method : TestTest.tearDown]]>
    </line>
    <line>
      <![CDATA[About to begin executing following method : TestTest.tearDown]]>
    </line>
    <line>
      <![CDATA[
Completed executing following method : TestTest.tearDown]]>
    </line>
    <line>
      <![CDATA[
Completed executing following method : TestTest.tearDown]]>
    </line>
    <line>
      <![CDATA[About to begin executing following method : TestTest.setUp]]>
    </line>
    <line>
      <![CDATA[About to begin executing following method : TestTest.setUp]]>
    </line>
    <line>
      <![CDATA[
Completed executing following method : TestTest.setUp]]>
    </line>
    <line>
      <![CDATA[
Completed executing following method : TestTest.setUp]]>
    </line>
    <line>
      <![CDATA[About to begin executing following method : TestTest.testHbogoWebdriverTest1]]>
    </line>
    <line>
      <![CDATA[About to begin executing following method : TestTest.testHbogoWebdriverTest1]]>
    </line>
    <line>
      <![CDATA[
Title Is Present On The Page | ]]>
    </line>
    <line>
      <![CDATA[
Completed executing following method : TestTest.testHbogoWebdriverTest1]]>
    </line>
    <line>
      <![CDATA[
Completed executing following method : TestTest.testHbogoWebdriverTest1]]>
    </line>
    <line>
      <![CDATA[
Test Method resides in test.java.TestTest]]>
    </line>
    <line>
      <![CDATA[Test Status: Failed]]>
    </line>
    <line>
      <![CDATA[About to begin executing following method : TestTest.tearDown]]>
    </line>
    <line>
      <![CDATA[About to begin executing following method : TestTest.tearDown]]>
    </line>
    <line>
      <![CDATA[
Completed executing following method : TestTest.tearDown]]>
    </line>
    <line>
      <![CDATA[
Completed executing following method : TestTest.tearDown]]>
    </line>
    <line>
      <![CDATA[
Completed executing test Default test]]>
    </line>
    <line>
      <![CDATA[About to end executing Suite Test Demo Run]]>
    </line>
    <line>
      <![CDATA[About to end executing Suite Test Demo Run]]>
    </line>
  </reporter-output>
  <suite name="Test Demo Run" duration-ms="342853" started-at="2015-01-22T01:48:44Z" finished-at="2015-01-22T01:54:27Z">
    <groups>
    </groups>
    <test name="Default test" duration-ms="342853" started-at="2015-01-22T01:48:44Z" finished-at="2015-01-22T01:54:27Z">
      <class name="test.java.TestTest">
        <test-method status="PASS" signature="setUp(org.testng.ITestContext)[pri:0, instance:test.java.TestTest@1efbd816]" name="setUp" is-config="true" duration-ms="6874" started-at="2015-01-22T02:48:44Z" finished-at="2015-01-22T02:48:51Z">
          <params>
            <param index="0">
              <value>
                <![CDATA[org.testng.TestRunner@737a135b]]>
              </value>
            </param>
          </params>
          <reporter-output>
            <line>
              <![CDATA[
Completed executing following method : TestTest.setUp]]>
            </line>
            <line>
              <![CDATA[
Completed executing following method : TestTest.setUp]]>
            </line>
          </reporter-output>
        </test-method> <!-- setUp -->
        <test-method status="FAIL" signature="testHbogoWebdriverTest1()[pri:0, instance:test.java.TestTest@174d20a]" name="testHbogoWebdriverTest1" duration-ms="18230" started-at="2015-01-22T02:48:51Z" finished-at="2015-01-22T02:49:09Z">
          <exception class="org.openqa.selenium.WebDriverException">
            <message>
              <![CDATA[CustomerManager.customer is null
Command duration or timeout: 20 milliseconds
Build info: version: '2.44.0', revision: '76d78cf323ce037c5f92db6c1bba601c2ac43ad8', time: '2014-10-23 13:11:40'
System info: host: 'igeorge.local', ip: '192.168.1.100', os.name: 'Mac OS X', os.arch: 'x86_64', os.version: '10.7.5', java.version: '1.8.0_25'
Driver info: org.openqa.selenium.firefox.FirefoxDriver
Capabilities [{applicationCacheEnabled=true, rotatable=false, handlesAlerts=true, databaseEnabled=true, version=35.0, platform=MAC, nativeEvents=false, acceptSslCerts=true, webStorageEnabled=true, locationContextEnabled=true, browserName=firefox, takesScreenshot=true, javascriptEnabled=true, cssSelectorsEnabled=true}]
Session ID: 71d77e9c-9fc0-2649-9ff9-eecacc15cda7]]>
            </message>
            <full-stacktrace>
              <![CDATA[org.openqa.selenium.WebDriverException: CustomerManager.customer is null
Command duration or timeout: 20 milliseconds
Build info: version: '2.44.0', revision: '76d78cf323ce037c5f92db6c1bba601c2ac43ad8', time: '2014-10-23 13:11:40'
System info: host: 'igeorge.local', ip: '192.168.1.100', os.name: 'Mac OS X', os.arch: 'x86_64', os.version: '10.7.5', java.version: '1.8.0_25'
Driver info: org.openqa.selenium.firefox.FirefoxDriver
Capabilities [{applicationCacheEnabled=true, rotatable=false, handlesAlerts=true, databaseEnabled=true, version=35.0, platform=MAC, nativeEvents=false, acceptSslCerts=true, webStorageEnabled=true, locationContextEnabled=true, browserName=firefox, takesScreenshot=true, javascriptEnabled=true, cssSelectorsEnabled=true}]
Session ID: 71d77e9c-9fc0-2649-9ff9-eecacc15cda7
	at sun.reflect.NativeConstructorAccessorImpl.newInstance0(Native Method)
	at sun.reflect.NativeConstructorAccessorImpl.newInstance(NativeConstructorAccessorImpl.java:62)
	at sun.reflect.DelegatingConstructorAccessorImpl.newInstance(DelegatingConstructorAccessorImpl.java:45)
	at java.lang.reflect.Constructor.newInstance(Constructor.java:408)
	at org.openqa.selenium.remote.ErrorHandler.createThrowable(ErrorHandler.java:204)
	at org.openqa.selenium.remote.ErrorHandler.throwIfResponseFailed(ErrorHandler.java:156)
	at org.openqa.selenium.remote.RemoteWebDriver.execute(RemoteWebDriver.java:599)
	at org.openqa.selenium.remote.RemoteWebDriver.executeScript(RemoteWebDriver.java:508)
	at test.java.TestTest.testHbogoWebdriverTest1(TestTest.java:274)
	at sun.reflect.NativeMethodAccessorImpl.invoke0(Native Method)
	at sun.reflect.NativeMethodAccessorImpl.invoke(NativeMethodAccessorImpl.java:62)
	at sun.reflect.DelegatingMethodAccessorImpl.invoke(DelegatingMethodAccessorImpl.java:43)
	at java.lang.reflect.Method.invoke(Method.java:483)
	at org.testng.internal.MethodInvocationHelper.invokeMethod(MethodInvocationHelper.java:84)
	at org.testng.internal.Invoker.invokeMethod(Invoker.java:714)
	at org.testng.internal.Invoker.invokeTestMethod(Invoker.java:901)
	at org.testng.internal.Invoker.invokeTestMethods(Invoker.java:1231)
	at org.testng.internal.TestMethodWorker.invokeTestMethods(TestMethodWorker.java:127)
	at org.testng.internal.TestMethodWorker.run(TestMethodWorker.java:111)
	at org.testng.TestRunner.privateRun(TestRunner.java:767)
	at org.testng.TestRunner.run(TestRunner.java:617)
	at org.testng.SuiteRunner.runTest(SuiteRunner.java:334)
	at org.testng.SuiteRunner.runSequentially(SuiteRunner.java:329)
	at org.testng.SuiteRunner.privateRun(SuiteRunner.java:291)
	at org.testng.SuiteRunner.run(SuiteRunner.java:240)
	at org.testng.SuiteRunnerWorker.runSuite(SuiteRunnerWorker.java:52)
	at org.testng.SuiteRunnerWorker.run(SuiteRunnerWorker.java:86)
	at org.testng.TestNG.runSuitesSequentially(TestNG.java:1224)
	at org.testng.TestNG.runSuitesLocally(TestNG.java:1149)
	at org.testng.TestNG.run(TestNG.java:1057)
	at org.testng.remote.RemoteTestNG.run(RemoteTestNG.java:111)
	at org.testng.remote.RemoteTestNG.initAndRun(RemoteTestNG.java:204)
	at org.testng.remote.RemoteTestNG.main(RemoteTestNG.java:175)
Caused by: org.openqa.selenium.WebDriverException: CustomerManager.customer is null
Build info: version: '2.44.0', revision: '76d78cf323ce037c5f92db6c1bba601c2ac43ad8', time: '2014-10-23 13:11:40'
System info: host: 'igeorge.local', ip: '192.168.1.100', os.name: 'Mac OS X', os.arch: 'x86_64', os.version: '10.7.5', java.version: '1.8.0_25'
Driver info: driver.version: unknown
	at <anonymous class>.PlayerManager.checkAllowedContents(http://www.hbogo.hu/media/scripts/HBO.min.js?2041239828%3E:287:87781)
	at <anonymous class>.PlayerManager.handlePlay(http://www.hbogo.hu/media/scripts/HBO.min.js?2041239828%3E:287:88159)
	at <anonymous class>.anonymous(http://www.hbogo.hu/content/game-of-thrones-iv.-1-two-swords-255061514 line 68 > Function:1:1)
	at <anonymous class>.handleEvaluateEvent(http://www.hbogo.hu/content/game-of-thrones-iv.-1-two-swords-255061514:68:20)
]]>
            </full-stacktrace>
          </exception> <!-- org.openqa.selenium.WebDriverException -->
          <reporter-output>
            <line>
              <![CDATA[
Title Is Present On The Page | ]]>
            </line>
            <line>
              <![CDATA[
Completed executing following method : TestTest.testHbogoWebdriverTest1]]>
            </line>
            <line>
              <![CDATA[
Completed executing following method : TestTest.testHbogoWebdriverTest1]]>
            </line>
            <line>
              <![CDATA[
Test Method resides in test.java.TestTest]]>
            </line>
            <line>
              <![CDATA[Test Status: Failed]]>
            </line>
            <line>
              <![CDATA[About to begin executing following method : TestTest.tearDown]]>
            </line>
            <line>
              <![CDATA[About to begin executing following method : TestTest.tearDown]]>
            </line>
          </reporter-output>
        </test-method> <!-- testHbogoWebdriverTest1 -->
        <test-method status="PASS" signature="tearDown()[pri:0, instance:test.java.TestTest@1efbd816]" name="tearDown" is-config="true" duration-ms="415" started-at="2015-01-22T02:49:11Z" finished-at="2015-01-22T02:49:12Z">
          <reporter-output>
            <line>
              <![CDATA[
Completed executing following method : TestTest.tearDown]]>
            </line>
            <line>
              <![CDATA[
Completed executing following method : TestTest.tearDown]]>
            </line>
          </reporter-output>
        </test-method> <!-- tearDown -->
        <test-method status="PASS" signature="setUp(org.testng.ITestContext)[pri:0, instance:test.java.TestTest@1efbd816]" name="setUp" is-config="true" duration-ms="4573" started-at="2015-01-22T02:49:12Z" finished-at="2015-01-22T02:49:16Z">
          <params>
            <param index="0">
              <value>
                <![CDATA[org.testng.TestRunner@737a135b]]>
              </value>
            </param>
          </params>
          <reporter-output>
            <line>
              <![CDATA[
Completed executing following method : TestTest.setUp]]>
            </line>
            <line>
              <![CDATA[
Completed executing following method : TestTest.setUp]]>
            </line>
          </reporter-output>
        </test-method> <!-- setUp -->
        <test-method status="FAIL" signature="testHbogoWebdriverTest1()[pri:0, instance:test.java.TestTest@1efbd816]" name="testHbogoWebdriverTest1" duration-ms="17161" started-at="2015-01-22T02:49:16Z" finished-at="2015-01-22T02:49:34Z">
          <exception class="org.openqa.selenium.WebDriverException">
            <message>
              <![CDATA[CustomerManager.customer is null
Command duration or timeout: 21 milliseconds
Build info: version: '2.44.0', revision: '76d78cf323ce037c5f92db6c1bba601c2ac43ad8', time: '2014-10-23 13:11:40'
System info: host: 'igeorge.local', ip: '192.168.1.100', os.name: 'Mac OS X', os.arch: 'x86_64', os.version: '10.7.5', java.version: '1.8.0_25'
Driver info: org.openqa.selenium.firefox.FirefoxDriver
Capabilities [{applicationCacheEnabled=true, rotatable=false, handlesAlerts=true, databaseEnabled=true, version=35.0, platform=MAC, nativeEvents=false, acceptSslCerts=true, webStorageEnabled=true, locationContextEnabled=true, browserName=firefox, takesScreenshot=true, javascriptEnabled=true, cssSelectorsEnabled=true}]
Session ID: a055a3e7-65cc-804d-89f0-d1d1758a0532]]>
            </message>
            <full-stacktrace>
              <![CDATA[org.openqa.selenium.WebDriverException: CustomerManager.customer is null
Command duration or timeout: 21 milliseconds
Build info: version: '2.44.0', revision: '76d78cf323ce037c5f92db6c1bba601c2ac43ad8', time: '2014-10-23 13:11:40'
System info: host: 'igeorge.local', ip: '192.168.1.100', os.name: 'Mac OS X', os.arch: 'x86_64', os.version: '10.7.5', java.version: '1.8.0_25'
Driver info: org.openqa.selenium.firefox.FirefoxDriver
Capabilities [{applicationCacheEnabled=true, rotatable=false, handlesAlerts=true, databaseEnabled=true, version=35.0, platform=MAC, nativeEvents=false, acceptSslCerts=true, webStorageEnabled=true, locationContextEnabled=true, browserName=firefox, takesScreenshot=true, javascriptEnabled=true, cssSelectorsEnabled=true}]
Session ID: a055a3e7-65cc-804d-89f0-d1d1758a0532
	at sun.reflect.NativeConstructorAccessorImpl.newInstance0(Native Method)
	at sun.reflect.NativeConstructorAccessorImpl.newInstance(NativeConstructorAccessorImpl.java:62)
	at sun.reflect.DelegatingConstructorAccessorImpl.newInstance(DelegatingConstructorAccessorImpl.java:45)
	at java.lang.reflect.Constructor.newInstance(Constructor.java:408)
	at org.openqa.selenium.remote.ErrorHandler.createThrowable(ErrorHandler.java:204)
	at org.openqa.selenium.remote.ErrorHandler.throwIfResponseFailed(ErrorHandler.java:156)
	at org.openqa.selenium.remote.RemoteWebDriver.execute(RemoteWebDriver.java:599)
	at org.openqa.selenium.remote.RemoteWebDriver.executeScript(RemoteWebDriver.java:508)
	at test.java.TestTest.testHbogoWebdriverTest1(TestTest.java:274)
	at sun.reflect.NativeMethodAccessorImpl.invoke0(Native Method)
	at sun.reflect.NativeMethodAccessorImpl.invoke(NativeMethodAccessorImpl.java:62)
	at sun.reflect.DelegatingMethodAccessorImpl.invoke(DelegatingMethodAccessorImpl.java:43)
	at java.lang.reflect.Method.invoke(Method.java:483)
	at org.testng.internal.MethodInvocationHelper.invokeMethod(MethodInvocationHelper.java:84)
	at org.testng.internal.Invoker.invokeMethod(Invoker.java:714)
	at org.testng.internal.Invoker.invokeTestMethod(Invoker.java:901)
	at org.testng.internal.Invoker.invokeTestMethods(Invoker.java:1231)
	at org.testng.internal.TestMethodWorker.invokeTestMethods(TestMethodWorker.java:127)
	at org.testng.internal.TestMethodWorker.run(TestMethodWorker.java:111)
	at org.testng.TestRunner.privateRun(TestRunner.java:767)
	at org.testng.TestRunner.run(TestRunner.java:617)
	at org.testng.SuiteRunner.runTest(SuiteRunner.java:334)
	at org.testng.SuiteRunner.runSequentially(SuiteRunner.java:329)
	at org.testng.SuiteRunner.privateRun(SuiteRunner.java:291)
	at org.testng.SuiteRunner.run(SuiteRunner.java:240)
	at org.testng.SuiteRunnerWorker.runSuite(SuiteRunnerWorker.java:52)
	at org.testng.SuiteRunnerWorker.run(SuiteRunnerWorker.java:86)
	at org.testng.TestNG.runSuitesSequentially(TestNG.java:1224)
	at org.testng.TestNG.runSuitesLocally(TestNG.java:1149)
	at org.testng.TestNG.run(TestNG.java:1057)
	at org.testng.remote.RemoteTestNG.run(RemoteTestNG.java:111)
	at org.testng.remote.RemoteTestNG.initAndRun(RemoteTestNG.java:204)
	at org.testng.remote.RemoteTestNG.main(RemoteTestNG.java:175)
Caused by: org.openqa.selenium.WebDriverException: CustomerManager.customer is null
Build info: version: '2.44.0', revision: '76d78cf323ce037c5f92db6c1bba601c2ac43ad8', time: '2014-10-23 13:11:40'
System info: host: 'igeorge.local', ip: '192.168.1.100', os.name: 'Mac OS X', os.arch: 'x86_64', os.version: '10.7.5', java.version: '1.8.0_25'
Driver info: driver.version: unknown
	at <anonymous class>.PlayerManager.checkAllowedContents(http://www.hbogo.hu/media/scripts/HBO.min.js?1040627285%3E:287:87781)
	at <anonymous class>.PlayerManager.handlePlay(http://www.hbogo.hu/media/scripts/HBO.min.js?1040627285%3E:287:88159)
	at <anonymous class>.anonymous(http://www.hbogo.hu/content/game-of-thrones-iv.-1-two-swords-255061514 line 68 > Function:1:1)
	at <anonymous class>.handleEvaluateEvent(http://www.hbogo.hu/content/game-of-thrones-iv.-1-two-swords-255061514:68:20)
]]>
            </full-stacktrace>
          </exception> <!-- org.openqa.selenium.WebDriverException -->
          <reporter-output>
            <line>
              <![CDATA[
Title Is Present On The Page | ]]>
            </line>
            <line>
              <![CDATA[
Completed executing following method : TestTest.testHbogoWebdriverTest1]]>
            </line>
            <line>
              <![CDATA[
Completed executing following method : TestTest.testHbogoWebdriverTest1]]>
            </line>
            <line>
              <![CDATA[
Test Method resides in test.java.TestTest]]>
            </line>
            <line>
              <![CDATA[Test Status: Failed]]>
            </line>
            <line>
              <![CDATA[About to begin executing following method : TestTest.tearDown]]>
            </line>
            <line>
              <![CDATA[About to begin executing following method : TestTest.tearDown]]>
            </line>
          </reporter-output>
        </test-method> <!-- testHbogoWebdriverTest1 -->
        <test-method status="PASS" signature="tearDown()[pri:0, instance:test.java.TestTest@1efbd816]" name="tearDown" is-config="true" duration-ms="339" started-at="2015-01-22T02:49:36Z" finished-at="2015-01-22T02:49:36Z">
          <reporter-output>
            <line>
              <![CDATA[
Completed executing following method : TestTest.tearDown]]>
            </line>
            <line>
              <![CDATA[
Completed executing following method : TestTest.tearDown]]>
            </line>
          </reporter-output>
        </test-method> <!-- tearDown -->
        <test-method status="PASS" signature="setUp(org.testng.ITestContext)[pri:0, instance:test.java.TestTest@1efbd816]" name="setUp" is-config="true" duration-ms="4889" started-at="2015-01-22T02:49:36Z" finished-at="2015-01-22T02:49:41Z">
          <params>
            <param index="0">
              <value>
                <![CDATA[org.testng.TestRunner@737a135b]]>
              </value>
            </param>
          </params>
          <reporter-output>
            <line>
              <![CDATA[
Completed executing following method : TestTest.setUp]]>
            </line>
            <line>
              <![CDATA[
Completed executing following method : TestTest.setUp]]>
            </line>
          </reporter-output>
        </test-method> <!-- setUp -->
        <test-method status="FAIL" signature="testHbogoWebdriverTest1()[pri:0, instance:test.java.TestTest@2344fc66]" name="testHbogoWebdriverTest1" duration-ms="87182" started-at="2015-01-22T02:49:41Z" finished-at="2015-01-22T02:51:08Z">
          <exception class="org.openqa.selenium.WebDriverException">
            <message>
              <![CDATA[CustomerManager.customer is null
Command duration or timeout: 15 milliseconds
Build info: version: '2.44.0', revision: '76d78cf323ce037c5f92db6c1bba601c2ac43ad8', time: '2014-10-23 13:11:40'
System info: host: 'igeorge.local', ip: '192.168.1.100', os.name: 'Mac OS X', os.arch: 'x86_64', os.version: '10.7.5', java.version: '1.8.0_25'
Driver info: org.openqa.selenium.firefox.FirefoxDriver
Capabilities [{applicationCacheEnabled=true, rotatable=false, handlesAlerts=true, databaseEnabled=true, version=35.0, platform=MAC, nativeEvents=false, acceptSslCerts=true, webStorageEnabled=true, locationContextEnabled=true, browserName=firefox, takesScreenshot=true, javascriptEnabled=true, cssSelectorsEnabled=true}]
Session ID: 3a40e926-fbe5-c24f-a213-6026838b0371]]>
            </message>
            <full-stacktrace>
              <![CDATA[org.openqa.selenium.WebDriverException: CustomerManager.customer is null
Command duration or timeout: 15 milliseconds
Build info: version: '2.44.0', revision: '76d78cf323ce037c5f92db6c1bba601c2ac43ad8', time: '2014-10-23 13:11:40'
System info: host: 'igeorge.local', ip: '192.168.1.100', os.name: 'Mac OS X', os.arch: 'x86_64', os.version: '10.7.5', java.version: '1.8.0_25'
Driver info: org.openqa.selenium.firefox.FirefoxDriver
Capabilities [{applicationCacheEnabled=true, rotatable=false, handlesAlerts=true, databaseEnabled=true, version=35.0, platform=MAC, nativeEvents=false, acceptSslCerts=true, webStorageEnabled=true, locationContextEnabled=true, browserName=firefox, takesScreenshot=true, javascriptEnabled=true, cssSelectorsEnabled=true}]
Session ID: 3a40e926-fbe5-c24f-a213-6026838b0371
	at sun.reflect.NativeConstructorAccessorImpl.newInstance0(Native Method)
	at sun.reflect.NativeConstructorAccessorImpl.newInstance(NativeConstructorAccessorImpl.java:62)
	at sun.reflect.DelegatingConstructorAccessorImpl.newInstance(DelegatingConstructorAccessorImpl.java:45)
	at java.lang.reflect.Constructor.newInstance(Constructor.java:408)
	at org.openqa.selenium.remote.ErrorHandler.createThrowable(ErrorHandler.java:204)
	at org.openqa.selenium.remote.ErrorHandler.throwIfResponseFailed(ErrorHandler.java:156)
	at org.openqa.selenium.remote.RemoteWebDriver.execute(RemoteWebDriver.java:599)
	at org.openqa.selenium.remote.RemoteWebDriver.executeScript(RemoteWebDriver.java:508)
	at test.java.TestTest.testHbogoWebdriverTest1(TestTest.java:274)
	at sun.reflect.NativeMethodAccessorImpl.invoke0(Native Method)
	at sun.reflect.NativeMethodAccessorImpl.invoke(NativeMethodAccessorImpl.java:62)
	at sun.reflect.DelegatingMethodAccessorImpl.invoke(DelegatingMethodAccessorImpl.java:43)
	at java.lang.reflect.Method.invoke(Method.java:483)
	at org.testng.internal.MethodInvocationHelper.invokeMethod(MethodInvocationHelper.java:84)
	at org.testng.internal.Invoker.invokeMethod(Invoker.java:714)
	at org.testng.internal.Invoker.invokeTestMethod(Invoker.java:901)
	at org.testng.internal.Invoker.invokeTestMethods(Invoker.java:1231)
	at org.testng.internal.TestMethodWorker.invokeTestMethods(TestMethodWorker.java:127)
	at org.testng.internal.TestMethodWorker.run(TestMethodWorker.java:111)
	at org.testng.TestRunner.privateRun(TestRunner.java:767)
	at org.testng.TestRunner.run(TestRunner.java:617)
	at org.testng.SuiteRunner.runTest(SuiteRunner.java:334)
	at org.testng.SuiteRunner.runSequentially(SuiteRunner.java:329)
	at org.testng.SuiteRunner.privateRun(SuiteRunner.java:291)
	at org.testng.SuiteRunner.run(SuiteRunner.java:240)
	at org.testng.SuiteRunnerWorker.runSuite(SuiteRunnerWorker.java:52)
	at org.testng.SuiteRunnerWorker.run(SuiteRunnerWorker.java:86)
	at org.testng.TestNG.runSuitesSequentially(TestNG.java:1224)
	at org.testng.TestNG.runSuitesLocally(TestNG.java:1149)
	at org.testng.TestNG.run(TestNG.java:1057)
	at org.testng.remote.RemoteTestNG.run(RemoteTestNG.java:111)
	at org.testng.remote.RemoteTestNG.initAndRun(RemoteTestNG.java:204)
	at org.testng.remote.RemoteTestNG.main(RemoteTestNG.java:175)
Caused by: org.openqa.selenium.WebDriverException: CustomerManager.customer is null
Build info: version: '2.44.0', revision: '76d78cf323ce037c5f92db6c1bba601c2ac43ad8', time: '2014-10-23 13:11:40'
System info: host: 'igeorge.local', ip: '192.168.1.100', os.name: 'Mac OS X', os.arch: 'x86_64', os.version: '10.7.5', java.version: '1.8.0_25'
Driver info: driver.version: unknown
	at <anonymous class>.PlayerManager.checkAllowedContents(http://www.hbogo.hu/media/scripts/HBO.min.js?838906402%3E:287:87781)
	at <anonymous class>.PlayerManager.handlePlay(http://www.hbogo.hu/media/scripts/HBO.min.js?838906402%3E:287:88159)
	at <anonymous class>.anonymous(http://www.hbogo.hu/content/game-of-thrones-iv.-1-two-swords-255061514 line 68 > Function:1:1)
	at <anonymous class>.handleEvaluateEvent(http://www.hbogo.hu/content/game-of-thrones-iv.-1-two-swords-255061514:68:20)
]]>
            </full-stacktrace>
          </exception> <!-- org.openqa.selenium.WebDriverException -->
          <reporter-output>
            <line>
              <![CDATA[
Title Is Present On The Page | ]]>
            </line>
            <line>
              <![CDATA[
Completed executing following method : TestTest.testHbogoWebdriverTest1]]>
            </line>
            <line>
              <![CDATA[
Completed executing following method : TestTest.testHbogoWebdriverTest1]]>
            </line>
            <line>
              <![CDATA[
Test Method resides in test.java.TestTest]]>
            </line>
            <line>
              <![CDATA[Test Status: Failed]]>
            </line>
            <line>
              <![CDATA[About to begin executing following method : TestTest.tearDown]]>
            </line>
            <line>
              <![CDATA[About to begin executing following method : TestTest.tearDown]]>
            </line>
          </reporter-output>
        </test-method> <!-- testHbogoWebdriverTest1 -->
        <test-method status="PASS" signature="tearDown()[pri:0, instance:test.java.TestTest@1efbd816]" name="tearDown" is-config="true" duration-ms="283" started-at="2015-01-22T02:51:10Z" finished-at="2015-01-22T02:51:10Z">
          <reporter-output>
            <line>
              <![CDATA[
Completed executing following method : TestTest.tearDown]]>
            </line>
            <line>
              <![CDATA[
Completed executing following method : TestTest.tearDown]]>
            </line>
          </reporter-output>
        </test-method> <!-- tearDown -->
        <test-method status="PASS" signature="setUp(org.testng.ITestContext)[pri:0, instance:test.java.TestTest@1efbd816]" name="setUp" is-config="true" duration-ms="4364" started-at="2015-01-22T02:51:10Z" finished-at="2015-01-22T02:51:14Z">
          <params>
            <param index="0">
              <value>
                <![CDATA[org.testng.TestRunner@737a135b]]>
              </value>
            </param>
          </params>
          <reporter-output>
            <line>
              <![CDATA[
Completed executing following method : TestTest.setUp]]>
            </line>
            <line>
              <![CDATA[
Completed executing following method : TestTest.setUp]]>
            </line>
          </reporter-output>
        </test-method> <!-- setUp -->
        <test-method status="FAIL" signature="testHbogoWebdriverTest1()[pri:0, instance:test.java.TestTest@2669b199]" name="testHbogoWebdriverTest1" duration-ms="15995" started-at="2015-01-22T02:51:14Z" finished-at="2015-01-22T02:51:30Z">
          <exception class="org.openqa.selenium.WebDriverException">
            <message>
              <![CDATA[CustomerManager.customer is null
Command duration or timeout: 16 milliseconds
Build info: version: '2.44.0', revision: '76d78cf323ce037c5f92db6c1bba601c2ac43ad8', time: '2014-10-23 13:11:40'
System info: host: 'igeorge.local', ip: '192.168.1.100', os.name: 'Mac OS X', os.arch: 'x86_64', os.version: '10.7.5', java.version: '1.8.0_25'
Driver info: org.openqa.selenium.firefox.FirefoxDriver
Capabilities [{applicationCacheEnabled=true, rotatable=false, handlesAlerts=true, databaseEnabled=true, version=35.0, platform=MAC, nativeEvents=false, acceptSslCerts=true, webStorageEnabled=true, locationContextEnabled=true, browserName=firefox, takesScreenshot=true, javascriptEnabled=true, cssSelectorsEnabled=true}]
Session ID: 32f62c7f-ebd2-a444-aac9-aa7181fe3537]]>
            </message>
            <full-stacktrace>
              <![CDATA[org.openqa.selenium.WebDriverException: CustomerManager.customer is null
Command duration or timeout: 16 milliseconds
Build info: version: '2.44.0', revision: '76d78cf323ce037c5f92db6c1bba601c2ac43ad8', time: '2014-10-23 13:11:40'
System info: host: 'igeorge.local', ip: '192.168.1.100', os.name: 'Mac OS X', os.arch: 'x86_64', os.version: '10.7.5', java.version: '1.8.0_25'
Driver info: org.openqa.selenium.firefox.FirefoxDriver
Capabilities [{applicationCacheEnabled=true, rotatable=false, handlesAlerts=true, databaseEnabled=true, version=35.0, platform=MAC, nativeEvents=false, acceptSslCerts=true, webStorageEnabled=true, locationContextEnabled=true, browserName=firefox, takesScreenshot=true, javascriptEnabled=true, cssSelectorsEnabled=true}]
Session ID: 32f62c7f-ebd2-a444-aac9-aa7181fe3537
	at sun.reflect.NativeConstructorAccessorImpl.newInstance0(Native Method)
	at sun.reflect.NativeConstructorAccessorImpl.newInstance(NativeConstructorAccessorImpl.java:62)
	at sun.reflect.DelegatingConstructorAccessorImpl.newInstance(DelegatingConstructorAccessorImpl.java:45)
	at java.lang.reflect.Constructor.newInstance(Constructor.java:408)
	at org.openqa.selenium.remote.ErrorHandler.createThrowable(ErrorHandler.java:204)
	at org.openqa.selenium.remote.ErrorHandler.throwIfResponseFailed(ErrorHandler.java:156)
	at org.openqa.selenium.remote.RemoteWebDriver.execute(RemoteWebDriver.java:599)
	at org.openqa.selenium.remote.RemoteWebDriver.executeScript(RemoteWebDriver.java:508)
	at test.java.TestTest.testHbogoWebdriverTest1(TestTest.java:274)
	at sun.reflect.NativeMethodAccessorImpl.invoke0(Native Method)
	at sun.reflect.NativeMethodAccessorImpl.invoke(NativeMethodAccessorImpl.java:62)
	at sun.reflect.DelegatingMethodAccessorImpl.invoke(DelegatingMethodAccessorImpl.java:43)
	at java.lang.reflect.Method.invoke(Method.java:483)
	at org.testng.internal.MethodInvocationHelper.invokeMethod(MethodInvocationHelper.java:84)
	at org.testng.internal.Invoker.invokeMethod(Invoker.java:714)
	at org.testng.internal.Invoker.invokeTestMethod(Invoker.java:901)
	at org.testng.internal.Invoker.invokeTestMethods(Invoker.java:1231)
	at org.testng.internal.TestMethodWorker.invokeTestMethods(TestMethodWorker.java:127)
	at org.testng.internal.TestMethodWorker.run(TestMethodWorker.java:111)
	at org.testng.TestRunner.privateRun(TestRunner.java:767)
	at org.testng.TestRunner.run(TestRunner.java:617)
	at org.testng.SuiteRunner.runTest(SuiteRunner.java:334)
	at org.testng.SuiteRunner.runSequentially(SuiteRunner.java:329)
	at org.testng.SuiteRunner.privateRun(SuiteRunner.java:291)
	at org.testng.SuiteRunner.run(SuiteRunner.java:240)
	at org.testng.SuiteRunnerWorker.runSuite(SuiteRunnerWorker.java:52)
	at org.testng.SuiteRunnerWorker.run(SuiteRunnerWorker.java:86)
	at org.testng.TestNG.runSuitesSequentially(TestNG.java:1224)
	at org.testng.TestNG.runSuitesLocally(TestNG.java:1149)
	at org.testng.TestNG.run(TestNG.java:1057)
	at org.testng.remote.RemoteTestNG.run(RemoteTestNG.java:111)
	at org.testng.remote.RemoteTestNG.initAndRun(RemoteTestNG.java:204)
	at org.testng.remote.RemoteTestNG.main(RemoteTestNG.java:175)
Caused by: org.openqa.selenium.WebDriverException: CustomerManager.customer is null
Build info: version: '2.44.0', revision: '76d78cf323ce037c5f92db6c1bba601c2ac43ad8', time: '2014-10-23 13:11:40'
System info: host: 'igeorge.local', ip: '192.168.1.100', os.name: 'Mac OS X', os.arch: 'x86_64', os.version: '10.7.5', java.version: '1.8.0_25'
Driver info: driver.version: unknown
	at <anonymous class>.PlayerManager.checkAllowedContents(http://www.hbogo.hu/media/scripts/HBO.min.js?1278266186%3E:287:87781)
	at <anonymous class>.PlayerManager.handlePlay(http://www.hbogo.hu/media/scripts/HBO.min.js?1278266186%3E:287:88159)
	at <anonymous class>.anonymous(http://www.hbogo.hu/content/game-of-thrones-iv.-1-two-swords-255061514 line 68 > Function:1:1)
	at <anonymous class>.handleEvaluateEvent(http://www.hbogo.hu/content/game-of-thrones-iv.-1-two-swords-255061514:68:20)
]]>
            </full-stacktrace>
          </exception> <!-- org.openqa.selenium.WebDriverException -->
          <reporter-output>
            <line>
              <![CDATA[
Title Is Present On The Page | ]]>
            </line>
            <line>
              <![CDATA[
Completed executing following method : TestTest.testHbogoWebdriverTest1]]>
            </line>
            <line>
              <![CDATA[
Completed executing following method : TestTest.testHbogoWebdriverTest1]]>
            </line>
            <line>
              <![CDATA[
Test Method resides in test.java.TestTest]]>
            </line>
            <line>
              <![CDATA[Test Status: Failed]]>
            </line>
            <line>
              <![CDATA[About to begin executing following method : TestTest.tearDown]]>
            </line>
            <line>
              <![CDATA[About to begin executing following method : TestTest.tearDown]]>
            </line>
          </reporter-output>
        </test-method> <!-- testHbogoWebdriverTest1 -->
        <test-method status="PASS" signature="tearDown()[pri:0, instance:test.java.TestTest@1efbd816]" name="tearDown" is-config="true" duration-ms="253" started-at="2015-01-22T02:51:32Z" finished-at="2015-01-22T02:51:32Z">
          <reporter-output>
            <line>
              <![CDATA[
Completed executing following method : TestTest.tearDown]]>
            </line>
            <line>
              <![CDATA[
Completed executing following method : TestTest.tearDown]]>
            </line>
          </reporter-output>
        </test-method> <!-- tearDown -->
        <test-method status="PASS" signature="setUp(org.testng.ITestContext)[pri:0, instance:test.java.TestTest@1efbd816]" name="setUp" is-config="true" duration-ms="5526" started-at="2015-01-22T02:51:32Z" finished-at="2015-01-22T02:51:38Z">
          <params>
            <param index="0">
              <value>
                <![CDATA[org.testng.TestRunner@737a135b]]>
              </value>
            </param>
          </params>
          <reporter-output>
            <line>
              <![CDATA[
Completed executing following method : TestTest.setUp]]>
            </line>
            <line>
              <![CDATA[
Completed executing following method : TestTest.setUp]]>
            </line>
          </reporter-output>
        </test-method> <!-- setUp -->
        <test-method status="FAIL" signature="testHbogoWebdriverTest1()[pri:0, instance:test.java.TestTest@458ad742]" name="testHbogoWebdriverTest1" duration-ms="16102" started-at="2015-01-22T02:51:38Z" finished-at="2015-01-22T02:51:54Z">
          <exception class="org.openqa.selenium.WebDriverException">
            <message>
              <![CDATA[CustomerManager.customer is null
Command duration or timeout: 29 milliseconds
Build info: version: '2.44.0', revision: '76d78cf323ce037c5f92db6c1bba601c2ac43ad8', time: '2014-10-23 13:11:40'
System info: host: 'igeorge.local', ip: '192.168.1.100', os.name: 'Mac OS X', os.arch: 'x86_64', os.version: '10.7.5', java.version: '1.8.0_25'
Driver info: org.openqa.selenium.firefox.FirefoxDriver
Capabilities [{applicationCacheEnabled=true, rotatable=false, handlesAlerts=true, databaseEnabled=true, version=35.0, platform=MAC, nativeEvents=false, acceptSslCerts=true, webStorageEnabled=true, locationContextEnabled=true, browserName=firefox, takesScreenshot=true, javascriptEnabled=true, cssSelectorsEnabled=true}]
Session ID: ab096320-cc06-1b44-a948-1e969c13e374]]>
            </message>
            <full-stacktrace>
              <![CDATA[org.openqa.selenium.WebDriverException: CustomerManager.customer is null
Command duration or timeout: 29 milliseconds
Build info: version: '2.44.0', revision: '76d78cf323ce037c5f92db6c1bba601c2ac43ad8', time: '2014-10-23 13:11:40'
System info: host: 'igeorge.local', ip: '192.168.1.100', os.name: 'Mac OS X', os.arch: 'x86_64', os.version: '10.7.5', java.version: '1.8.0_25'
Driver info: org.openqa.selenium.firefox.FirefoxDriver
Capabilities [{applicationCacheEnabled=true, rotatable=false, handlesAlerts=true, databaseEnabled=true, version=35.0, platform=MAC, nativeEvents=false, acceptSslCerts=true, webStorageEnabled=true, locationContextEnabled=true, browserName=firefox, takesScreenshot=true, javascriptEnabled=true, cssSelectorsEnabled=true}]
Session ID: ab096320-cc06-1b44-a948-1e969c13e374
	at sun.reflect.NativeConstructorAccessorImpl.newInstance0(Native Method)
	at sun.reflect.NativeConstructorAccessorImpl.newInstance(NativeConstructorAccessorImpl.java:62)
	at sun.reflect.DelegatingConstructorAccessorImpl.newInstance(DelegatingConstructorAccessorImpl.java:45)
	at java.lang.reflect.Constructor.newInstance(Constructor.java:408)
	at org.openqa.selenium.remote.ErrorHandler.createThrowable(ErrorHandler.java:204)
	at org.openqa.selenium.remote.ErrorHandler.throwIfResponseFailed(ErrorHandler.java:156)
	at org.openqa.selenium.remote.RemoteWebDriver.execute(RemoteWebDriver.java:599)
	at org.openqa.selenium.remote.RemoteWebDriver.executeScript(RemoteWebDriver.java:508)
	at test.java.TestTest.testHbogoWebdriverTest1(TestTest.java:274)
	at sun.reflect.NativeMethodAccessorImpl.invoke0(Native Method)
	at sun.reflect.NativeMethodAccessorImpl.invoke(NativeMethodAccessorImpl.java:62)
	at sun.reflect.DelegatingMethodAccessorImpl.invoke(DelegatingMethodAccessorImpl.java:43)
	at java.lang.reflect.Method.invoke(Method.java:483)
	at org.testng.internal.MethodInvocationHelper.invokeMethod(MethodInvocationHelper.java:84)
	at org.testng.internal.Invoker.invokeMethod(Invoker.java:714)
	at org.testng.internal.Invoker.invokeTestMethod(Invoker.java:901)
	at org.testng.internal.Invoker.invokeTestMethods(Invoker.java:1231)
	at org.testng.internal.TestMethodWorker.invokeTestMethods(TestMethodWorker.java:127)
	at org.testng.internal.TestMethodWorker.run(TestMethodWorker.java:111)
	at org.testng.TestRunner.privateRun(TestRunner.java:767)
	at org.testng.TestRunner.run(TestRunner.java:617)
	at org.testng.SuiteRunner.runTest(SuiteRunner.java:334)
	at org.testng.SuiteRunner.runSequentially(SuiteRunner.java:329)
	at org.testng.SuiteRunner.privateRun(SuiteRunner.java:291)
	at org.testng.SuiteRunner.run(SuiteRunner.java:240)
	at org.testng.SuiteRunnerWorker.runSuite(SuiteRunnerWorker.java:52)
	at org.testng.SuiteRunnerWorker.run(SuiteRunnerWorker.java:86)
	at org.testng.TestNG.runSuitesSequentially(TestNG.java:1224)
	at org.testng.TestNG.runSuitesLocally(TestNG.java:1149)
	at org.testng.TestNG.run(TestNG.java:1057)
	at org.testng.remote.RemoteTestNG.run(RemoteTestNG.java:111)
	at org.testng.remote.RemoteTestNG.initAndRun(RemoteTestNG.java:204)
	at org.testng.remote.RemoteTestNG.main(RemoteTestNG.java:175)
Caused by: org.openqa.selenium.WebDriverException: CustomerManager.customer is null
Build info: version: '2.44.0', revision: '76d78cf323ce037c5f92db6c1bba601c2ac43ad8', time: '2014-10-23 13:11:40'
System info: host: 'igeorge.local', ip: '192.168.1.100', os.name: 'Mac OS X', os.arch: 'x86_64', os.version: '10.7.5', java.version: '1.8.0_25'
Driver info: driver.version: unknown
	at <anonymous class>.PlayerManager.checkAllowedContents(http://www.hbogo.hu/media/scripts/HBO.min.js?791058740%3E:287:87781)
	at <anonymous class>.PlayerManager.handlePlay(http://www.hbogo.hu/media/scripts/HBO.min.js?791058740%3E:287:88159)
	at <anonymous class>.anonymous(http://www.hbogo.hu/content/game-of-thrones-iv.-1-two-swords-255061514 line 68 > Function:1:1)
	at <anonymous class>.handleEvaluateEvent(http://www.hbogo.hu/content/game-of-thrones-iv.-1-two-swords-255061514:68:20)
]]>
            </full-stacktrace>
          </exception> <!-- org.openqa.selenium.WebDriverException -->
          <reporter-output>
            <line>
              <![CDATA[
Title Is Present On The Page | ]]>
            </line>
            <line>
              <![CDATA[
Completed executing following method : TestTest.testHbogoWebdriverTest1]]>
            </line>
            <line>
              <![CDATA[
Completed executing following method : TestTest.testHbogoWebdriverTest1]]>
            </line>
            <line>
              <![CDATA[
Test Method resides in test.java.TestTest]]>
            </line>
            <line>
              <![CDATA[Test Status: Failed]]>
            </line>
            <line>
              <![CDATA[About to begin executing following method : TestTest.tearDown]]>
            </line>
            <line>
              <![CDATA[About to begin executing following method : TestTest.tearDown]]>
            </line>
          </reporter-output>
        </test-method> <!-- testHbogoWebdriverTest1 -->
        <test-method status="PASS" signature="tearDown()[pri:0, instance:test.java.TestTest@1efbd816]" name="tearDown" is-config="true" duration-ms="240" started-at="2015-01-22T02:51:56Z" finished-at="2015-01-22T02:51:56Z">
          <reporter-output>
            <line>
              <![CDATA[
Completed executing following method : TestTest.tearDown]]>
            </line>
            <line>
              <![CDATA[
Completed executing following method : TestTest.tearDown]]>
            </line>
          </reporter-output>
        </test-method> <!-- tearDown -->
        <test-method status="PASS" signature="setUp(org.testng.ITestContext)[pri:0, instance:test.java.TestTest@1efbd816]" name="setUp" is-config="true" duration-ms="5206" started-at="2015-01-22T02:51:56Z" finished-at="2015-01-22T02:52:02Z">
          <params>
            <param index="0">
              <value>
                <![CDATA[org.testng.TestRunner@737a135b]]>
              </value>
            </param>
          </params>
          <reporter-output>
            <line>
              <![CDATA[
Completed executing following method : TestTest.setUp]]>
            </line>
            <line>
              <![CDATA[
Completed executing following method : TestTest.setUp]]>
            </line>
          </reporter-output>
        </test-method> <!-- setUp -->
        <test-method status="FAIL" signature="testHbogoWebdriverTest1()[pri:0, instance:test.java.TestTest@5afa04c]" name="testHbogoWebdriverTest1" duration-ms="26162" started-at="2015-01-22T02:52:02Z" finished-at="2015-01-22T02:52:28Z">
          <exception class="org.openqa.selenium.WebDriverException">
            <message>
              <![CDATA[CustomerManager.customer is null
Command duration or timeout: 70 milliseconds
Build info: version: '2.44.0', revision: '76d78cf323ce037c5f92db6c1bba601c2ac43ad8', time: '2014-10-23 13:11:40'
System info: host: 'igeorge.local', ip: '192.168.1.100', os.name: 'Mac OS X', os.arch: 'x86_64', os.version: '10.7.5', java.version: '1.8.0_25'
Driver info: org.openqa.selenium.firefox.FirefoxDriver
Capabilities [{applicationCacheEnabled=true, rotatable=false, handlesAlerts=true, databaseEnabled=true, version=35.0, platform=MAC, nativeEvents=false, acceptSslCerts=true, webStorageEnabled=true, locationContextEnabled=true, browserName=firefox, takesScreenshot=true, javascriptEnabled=true, cssSelectorsEnabled=true}]
Session ID: 4804b2b2-7a8e-9649-867e-7e70039eaf99]]>
            </message>
            <full-stacktrace>
              <![CDATA[org.openqa.selenium.WebDriverException: CustomerManager.customer is null
Command duration or timeout: 70 milliseconds
Build info: version: '2.44.0', revision: '76d78cf323ce037c5f92db6c1bba601c2ac43ad8', time: '2014-10-23 13:11:40'
System info: host: 'igeorge.local', ip: '192.168.1.100', os.name: 'Mac OS X', os.arch: 'x86_64', os.version: '10.7.5', java.version: '1.8.0_25'
Driver info: org.openqa.selenium.firefox.FirefoxDriver
Capabilities [{applicationCacheEnabled=true, rotatable=false, handlesAlerts=true, databaseEnabled=true, version=35.0, platform=MAC, nativeEvents=false, acceptSslCerts=true, webStorageEnabled=true, locationContextEnabled=true, browserName=firefox, takesScreenshot=true, javascriptEnabled=true, cssSelectorsEnabled=true}]
Session ID: 4804b2b2-7a8e-9649-867e-7e70039eaf99
	at sun.reflect.NativeConstructorAccessorImpl.newInstance0(Native Method)
	at sun.reflect.NativeConstructorAccessorImpl.newInstance(NativeConstructorAccessorImpl.java:62)
	at sun.reflect.DelegatingConstructorAccessorImpl.newInstance(DelegatingConstructorAccessorImpl.java:45)
	at java.lang.reflect.Constructor.newInstance(Constructor.java:408)
	at org.openqa.selenium.remote.ErrorHandler.createThrowable(ErrorHandler.java:204)
	at org.openqa.selenium.remote.ErrorHandler.throwIfResponseFailed(ErrorHandler.java:156)
	at org.openqa.selenium.remote.RemoteWebDriver.execute(RemoteWebDriver.java:599)
	at org.openqa.selenium.remote.RemoteWebDriver.executeScript(RemoteWebDriver.java:508)
	at test.java.TestTest.testHbogoWebdriverTest1(TestTest.java:274)
	at sun.reflect.NativeMethodAccessorImpl.invoke0(Native Method)
	at sun.reflect.NativeMethodAccessorImpl.invoke(NativeMethodAccessorImpl.java:62)
	at sun.reflect.DelegatingMethodAccessorImpl.invoke(DelegatingMethodAccessorImpl.java:43)
	at java.lang.reflect.Method.invoke(Method.java:483)
	at org.testng.internal.MethodInvocationHelper.invokeMethod(MethodInvocationHelper.java:84)
	at org.testng.internal.Invoker.invokeMethod(Invoker.java:714)
	at org.testng.internal.Invoker.invokeTestMethod(Invoker.java:901)
	at org.testng.internal.Invoker.invokeTestMethods(Invoker.java:1231)
	at org.testng.internal.TestMethodWorker.invokeTestMethods(TestMethodWorker.java:127)
	at org.testng.internal.TestMethodWorker.run(TestMethodWorker.java:111)
	at org.testng.TestRunner.privateRun(TestRunner.java:767)
	at org.testng.TestRunner.run(TestRunner.java:617)
	at org.testng.SuiteRunner.runTest(SuiteRunner.java:334)
	at org.testng.SuiteRunner.runSequentially(SuiteRunner.java:329)
	at org.testng.SuiteRunner.privateRun(SuiteRunner.java:291)
	at org.testng.SuiteRunner.run(SuiteRunner.java:240)
	at org.testng.SuiteRunnerWorker.runSuite(SuiteRunnerWorker.java:52)
	at org.testng.SuiteRunnerWorker.run(SuiteRunnerWorker.java:86)
	at org.testng.TestNG.runSuitesSequentially(TestNG.java:1224)
	at org.testng.TestNG.runSuitesLocally(TestNG.java:1149)
	at org.testng.TestNG.run(TestNG.java:1057)
	at org.testng.remote.RemoteTestNG.run(RemoteTestNG.java:111)
	at org.testng.remote.RemoteTestNG.initAndRun(RemoteTestNG.java:204)
	at org.testng.remote.RemoteTestNG.main(RemoteTestNG.java:175)
Caused by: org.openqa.selenium.WebDriverException: CustomerManager.customer is null
Build info: version: '2.44.0', revision: '76d78cf323ce037c5f92db6c1bba601c2ac43ad8', time: '2014-10-23 13:11:40'
System info: host: 'igeorge.local', ip: '192.168.1.100', os.name: 'Mac OS X', os.arch: 'x86_64', os.version: '10.7.5', java.version: '1.8.0_25'
Driver info: driver.version: unknown
	at <anonymous class>.PlayerManager.checkAllowedContents(http://www.hbogo.hu/media/scripts/HBO.min.js?439419586%3E:287:87781)
	at <anonymous class>.PlayerManager.handlePlay(http://www.hbogo.hu/media/scripts/HBO.min.js?439419586%3E:287:88159)
	at <anonymous class>.anonymous(http://www.hbogo.hu/content/game-of-thrones-iv.-1-two-swords-255061514 line 68 > Function:1:1)
	at <anonymous class>.handleEvaluateEvent(http://www.hbogo.hu/content/game-of-thrones-iv.-1-two-swords-255061514:68:20)
]]>
            </full-stacktrace>
          </exception> <!-- org.openqa.selenium.WebDriverException -->
          <reporter-output>
            <line>
              <![CDATA[
Title Is Present On The Page | ]]>
            </line>
            <line>
              <![CDATA[
Completed executing following method : TestTest.testHbogoWebdriverTest1]]>
            </line>
            <line>
              <![CDATA[
Completed executing following method : TestTest.testHbogoWebdriverTest1]]>
            </line>
            <line>
              <![CDATA[
Test Method resides in test.java.TestTest]]>
            </line>
            <line>
              <![CDATA[Test Status: Failed]]>
            </line>
            <line>
              <![CDATA[About to begin executing following method : TestTest.tearDown]]>
            </line>
            <line>
              <![CDATA[About to begin executing following method : TestTest.tearDown]]>
            </line>
          </reporter-output>
        </test-method> <!-- testHbogoWebdriverTest1 -->
        <test-method status="PASS" signature="tearDown()[pri:0, instance:test.java.TestTest@1efbd816]" name="tearDown" is-config="true" duration-ms="398" started-at="2015-01-22T02:52:30Z" finished-at="2015-01-22T02:52:31Z">
          <reporter-output>
            <line>
              <![CDATA[
Completed executing following method : TestTest.tearDown]]>
            </line>
            <line>
              <![CDATA[
Completed executing following method : TestTest.tearDown]]>
            </line>
          </reporter-output>
        </test-method> <!-- tearDown -->
        <test-method status="PASS" signature="setUp(org.testng.ITestContext)[pri:0, instance:test.java.TestTest@1efbd816]" name="setUp" is-config="true" duration-ms="12467" started-at="2015-01-22T02:52:31Z" finished-at="2015-01-22T02:52:43Z">
          <params>
            <param index="0">
              <value>
                <![CDATA[org.testng.TestRunner@737a135b]]>
              </value>
            </param>
          </params>
          <reporter-output>
            <line>
              <![CDATA[
Completed executing following method : TestTest.setUp]]>
            </line>
            <line>
              <![CDATA[
Completed executing following method : TestTest.setUp]]>
            </line>
          </reporter-output>
        </test-method> <!-- setUp -->
        <test-method status="FAIL" signature="testHbogoWebdriverTest1()[pri:0, instance:test.java.TestTest@66d2e7d9]" name="testHbogoWebdriverTest1" duration-ms="18496" started-at="2015-01-22T02:52:43Z" finished-at="2015-01-22T02:53:02Z">
          <exception class="org.openqa.selenium.WebDriverException">
            <message>
              <![CDATA[CustomerManager.customer is null
Command duration or timeout: 42 milliseconds
Build info: version: '2.44.0', revision: '76d78cf323ce037c5f92db6c1bba601c2ac43ad8', time: '2014-10-23 13:11:40'
System info: host: 'igeorge.local', ip: '192.168.1.100', os.name: 'Mac OS X', os.arch: 'x86_64', os.version: '10.7.5', java.version: '1.8.0_25'
Driver info: org.openqa.selenium.firefox.FirefoxDriver
Capabilities [{applicationCacheEnabled=true, rotatable=false, handlesAlerts=true, databaseEnabled=true, version=35.0, platform=MAC, nativeEvents=false, acceptSslCerts=true, webStorageEnabled=true, locationContextEnabled=true, browserName=firefox, takesScreenshot=true, javascriptEnabled=true, cssSelectorsEnabled=true}]
Session ID: f6f468fd-5035-ff4d-9cb2-325af92401be]]>
            </message>
            <full-stacktrace>
              <![CDATA[org.openqa.selenium.WebDriverException: CustomerManager.customer is null
Command duration or timeout: 42 milliseconds
Build info: version: '2.44.0', revision: '76d78cf323ce037c5f92db6c1bba601c2ac43ad8', time: '2014-10-23 13:11:40'
System info: host: 'igeorge.local', ip: '192.168.1.100', os.name: 'Mac OS X', os.arch: 'x86_64', os.version: '10.7.5', java.version: '1.8.0_25'
Driver info: org.openqa.selenium.firefox.FirefoxDriver
Capabilities [{applicationCacheEnabled=true, rotatable=false, handlesAlerts=true, databaseEnabled=true, version=35.0, platform=MAC, nativeEvents=false, acceptSslCerts=true, webStorageEnabled=true, locationContextEnabled=true, browserName=firefox, takesScreenshot=true, javascriptEnabled=true, cssSelectorsEnabled=true}]
Session ID: f6f468fd-5035-ff4d-9cb2-325af92401be
	at sun.reflect.NativeConstructorAccessorImpl.newInstance0(Native Method)
	at sun.reflect.NativeConstructorAccessorImpl.newInstance(NativeConstructorAccessorImpl.java:62)
	at sun.reflect.DelegatingConstructorAccessorImpl.newInstance(DelegatingConstructorAccessorImpl.java:45)
	at java.lang.reflect.Constructor.newInstance(Constructor.java:408)
	at org.openqa.selenium.remote.ErrorHandler.createThrowable(ErrorHandler.java:204)
	at org.openqa.selenium.remote.ErrorHandler.throwIfResponseFailed(ErrorHandler.java:156)
	at org.openqa.selenium.remote.RemoteWebDriver.execute(RemoteWebDriver.java:599)
	at org.openqa.selenium.remote.RemoteWebDriver.executeScript(RemoteWebDriver.java:508)
	at test.java.TestTest.testHbogoWebdriverTest1(TestTest.java:274)
	at sun.reflect.NativeMethodAccessorImpl.invoke0(Native Method)
	at sun.reflect.NativeMethodAccessorImpl.invoke(NativeMethodAccessorImpl.java:62)
	at sun.reflect.DelegatingMethodAccessorImpl.invoke(DelegatingMethodAccessorImpl.java:43)
	at java.lang.reflect.Method.invoke(Method.java:483)
	at org.testng.internal.MethodInvocationHelper.invokeMethod(MethodInvocationHelper.java:84)
	at org.testng.internal.Invoker.invokeMethod(Invoker.java:714)
	at org.testng.internal.Invoker.invokeTestMethod(Invoker.java:901)
	at org.testng.internal.Invoker.invokeTestMethods(Invoker.java:1231)
	at org.testng.internal.TestMethodWorker.invokeTestMethods(TestMethodWorker.java:127)
	at org.testng.internal.TestMethodWorker.run(TestMethodWorker.java:111)
	at org.testng.TestRunner.privateRun(TestRunner.java:767)
	at org.testng.TestRunner.run(TestRunner.java:617)
	at org.testng.SuiteRunner.runTest(SuiteRunner.java:334)
	at org.testng.SuiteRunner.runSequentially(SuiteRunner.java:329)
	at org.testng.SuiteRunner.privateRun(SuiteRunner.java:291)
	at org.testng.SuiteRunner.run(SuiteRunner.java:240)
	at org.testng.SuiteRunnerWorker.runSuite(SuiteRunnerWorker.java:52)
	at org.testng.SuiteRunnerWorker.run(SuiteRunnerWorker.java:86)
	at org.testng.TestNG.runSuitesSequentially(TestNG.java:1224)
	at org.testng.TestNG.runSuitesLocally(TestNG.java:1149)
	at org.testng.TestNG.run(TestNG.java:1057)
	at org.testng.remote.RemoteTestNG.run(RemoteTestNG.java:111)
	at org.testng.remote.RemoteTestNG.initAndRun(RemoteTestNG.java:204)
	at org.testng.remote.RemoteTestNG.main(RemoteTestNG.java:175)
Caused by: org.openqa.selenium.WebDriverException: CustomerManager.customer is null
Build info: version: '2.44.0', revision: '76d78cf323ce037c5f92db6c1bba601c2ac43ad8', time: '2014-10-23 13:11:40'
System info: host: 'igeorge.local', ip: '192.168.1.100', os.name: 'Mac OS X', os.arch: 'x86_64', os.version: '10.7.5', java.version: '1.8.0_25'
Driver info: driver.version: unknown
	at <anonymous class>.PlayerManager.checkAllowedContents(http://www.hbogo.hu/media/scripts/HBO.min.js?1576024998%3E:287:87781)
	at <anonymous class>.PlayerManager.handlePlay(http://www.hbogo.hu/media/scripts/HBO.min.js?1576024998%3E:287:88159)
	at <anonymous class>.anonymous(http://www.hbogo.hu/content/game-of-thrones-iv.-1-two-swords-255061514 line 68 > Function:1:1)
	at <anonymous class>.handleEvaluateEvent(http://www.hbogo.hu/content/game-of-thrones-iv.-1-two-swords-255061514:68:20)
]]>
            </full-stacktrace>
          </exception> <!-- org.openqa.selenium.WebDriverException -->
          <reporter-output>
            <line>
              <![CDATA[
Title Is Present On The Page | ]]>
            </line>
            <line>
              <![CDATA[
Completed executing following method : TestTest.testHbogoWebdriverTest1]]>
            </line>
            <line>
              <![CDATA[
Completed executing following method : TestTest.testHbogoWebdriverTest1]]>
            </line>
            <line>
              <![CDATA[
Test Method resides in test.java.TestTest]]>
            </line>
            <line>
              <![CDATA[Test Status: Failed]]>
            </line>
            <line>
              <![CDATA[About to begin executing following method : TestTest.tearDown]]>
            </line>
            <line>
              <![CDATA[About to begin executing following method : TestTest.tearDown]]>
            </line>
          </reporter-output>
        </test-method> <!-- testHbogoWebdriverTest1 -->
        <test-method status="PASS" signature="tearDown()[pri:0, instance:test.java.TestTest@1efbd816]" name="tearDown" is-config="true" duration-ms="982" started-at="2015-01-22T02:53:04Z" finished-at="2015-01-22T02:53:05Z">
          <reporter-output>
            <line>
              <![CDATA[
Completed executing following method : TestTest.tearDown]]>
            </line>
            <line>
              <![CDATA[
Completed executing following method : TestTest.tearDown]]>
            </line>
          </reporter-output>
        </test-method> <!-- tearDown -->
        <test-method status="PASS" signature="setUp(org.testng.ITestContext)[pri:0, instance:test.java.TestTest@1efbd816]" name="setUp" is-config="true" duration-ms="6227" started-at="2015-01-22T02:53:05Z" finished-at="2015-01-22T02:53:11Z">
          <params>
            <param index="0">
              <value>
                <![CDATA[org.testng.TestRunner@737a135b]]>
              </value>
            </param>
          </params>
          <reporter-output>
            <line>
              <![CDATA[
Completed executing following method : TestTest.setUp]]>
            </line>
            <line>
              <![CDATA[
Completed executing following method : TestTest.setUp]]>
            </line>
          </reporter-output>
        </test-method> <!-- setUp -->
        <test-method status="FAIL" signature="testHbogoWebdriverTest1()[pri:0, instance:test.java.TestTest@6a024a67]" name="testHbogoWebdriverTest1" duration-ms="17476" started-at="2015-01-22T02:53:11Z" finished-at="2015-01-22T02:53:28Z">
          <exception class="org.openqa.selenium.WebDriverException">
            <message>
              <![CDATA[CustomerManager.customer is null
Command duration or timeout: 216 milliseconds
Build info: version: '2.44.0', revision: '76d78cf323ce037c5f92db6c1bba601c2ac43ad8', time: '2014-10-23 13:11:40'
System info: host: 'igeorge.local', ip: '192.168.1.100', os.name: 'Mac OS X', os.arch: 'x86_64', os.version: '10.7.5', java.version: '1.8.0_25'
Driver info: org.openqa.selenium.firefox.FirefoxDriver
Capabilities [{applicationCacheEnabled=true, rotatable=false, handlesAlerts=true, databaseEnabled=true, version=35.0, platform=MAC, nativeEvents=false, acceptSslCerts=true, webStorageEnabled=true, locationContextEnabled=true, browserName=firefox, takesScreenshot=true, javascriptEnabled=true, cssSelectorsEnabled=true}]
Session ID: a9569369-61f6-b24a-a92f-aeddf3b6d931]]>
            </message>
            <full-stacktrace>
              <![CDATA[org.openqa.selenium.WebDriverException: CustomerManager.customer is null
Command duration or timeout: 216 milliseconds
Build info: version: '2.44.0', revision: '76d78cf323ce037c5f92db6c1bba601c2ac43ad8', time: '2014-10-23 13:11:40'
System info: host: 'igeorge.local', ip: '192.168.1.100', os.name: 'Mac OS X', os.arch: 'x86_64', os.version: '10.7.5', java.version: '1.8.0_25'
Driver info: org.openqa.selenium.firefox.FirefoxDriver
Capabilities [{applicationCacheEnabled=true, rotatable=false, handlesAlerts=true, databaseEnabled=true, version=35.0, platform=MAC, nativeEvents=false, acceptSslCerts=true, webStorageEnabled=true, locationContextEnabled=true, browserName=firefox, takesScreenshot=true, javascriptEnabled=true, cssSelectorsEnabled=true}]
Session ID: a9569369-61f6-b24a-a92f-aeddf3b6d931
	at sun.reflect.NativeConstructorAccessorImpl.newInstance0(Native Method)
	at sun.reflect.NativeConstructorAccessorImpl.newInstance(NativeConstructorAccessorImpl.java:62)
	at sun.reflect.DelegatingConstructorAccessorImpl.newInstance(DelegatingConstructorAccessorImpl.java:45)
	at java.lang.reflect.Constructor.newInstance(Constructor.java:408)
	at org.openqa.selenium.remote.ErrorHandler.createThrowable(ErrorHandler.java:204)
	at org.openqa.selenium.remote.ErrorHandler.throwIfResponseFailed(ErrorHandler.java:156)
	at org.openqa.selenium.remote.RemoteWebDriver.execute(RemoteWebDriver.java:599)
	at org.openqa.selenium.remote.RemoteWebDriver.executeScript(RemoteWebDriver.java:508)
	at test.java.TestTest.testHbogoWebdriverTest1(TestTest.java:274)
	at sun.reflect.NativeMethodAccessorImpl.invoke0(Native Method)
	at sun.reflect.NativeMethodAccessorImpl.invoke(NativeMethodAccessorImpl.java:62)
	at sun.reflect.DelegatingMethodAccessorImpl.invoke(DelegatingMethodAccessorImpl.java:43)
	at java.lang.reflect.Method.invoke(Method.java:483)
	at org.testng.internal.MethodInvocationHelper.invokeMethod(MethodInvocationHelper.java:84)
	at org.testng.internal.Invoker.invokeMethod(Invoker.java:714)
	at org.testng.internal.Invoker.invokeTestMethod(Invoker.java:901)
	at org.testng.internal.Invoker.invokeTestMethods(Invoker.java:1231)
	at org.testng.internal.TestMethodWorker.invokeTestMethods(TestMethodWorker.java:127)
	at org.testng.internal.TestMethodWorker.run(TestMethodWorker.java:111)
	at org.testng.TestRunner.privateRun(TestRunner.java:767)
	at org.testng.TestRunner.run(TestRunner.java:617)
	at org.testng.SuiteRunner.runTest(SuiteRunner.java:334)
	at org.testng.SuiteRunner.runSequentially(SuiteRunner.java:329)
	at org.testng.SuiteRunner.privateRun(SuiteRunner.java:291)
	at org.testng.SuiteRunner.run(SuiteRunner.java:240)
	at org.testng.SuiteRunnerWorker.runSuite(SuiteRunnerWorker.java:52)
	at org.testng.SuiteRunnerWorker.run(SuiteRunnerWorker.java:86)
	at org.testng.TestNG.runSuitesSequentially(TestNG.java:1224)
	at org.testng.TestNG.runSuitesLocally(TestNG.java:1149)
	at org.testng.TestNG.run(TestNG.java:1057)
	at org.testng.remote.RemoteTestNG.run(RemoteTestNG.java:111)
	at org.testng.remote.RemoteTestNG.initAndRun(RemoteTestNG.java:204)
	at org.testng.remote.RemoteTestNG.main(RemoteTestNG.java:175)
Caused by: org.openqa.selenium.WebDriverException: CustomerManager.customer is null
Build info: version: '2.44.0', revision: '76d78cf323ce037c5f92db6c1bba601c2ac43ad8', time: '2014-10-23 13:11:40'
System info: host: 'igeorge.local', ip: '192.168.1.100', os.name: 'Mac OS X', os.arch: 'x86_64', os.version: '10.7.5', java.version: '1.8.0_25'
Driver info: driver.version: unknown
	at <anonymous class>.PlayerManager.checkAllowedContents(http://www.hbogo.hu/media/scripts/HBO.min.js?106619887%3E:287:87781)
	at <anonymous class>.PlayerManager.handlePlay(http://www.hbogo.hu/media/scripts/HBO.min.js?106619887%3E:287:88159)
	at <anonymous class>.anonymous(http://www.hbogo.hu/content/game-of-thrones-iv.-1-two-swords-255061514 line 68 > Function:1:1)
	at <anonymous class>.handleEvaluateEvent(http://www.hbogo.hu/content/game-of-thrones-iv.-1-two-swords-255061514:68:20)
]]>
            </full-stacktrace>
          </exception> <!-- org.openqa.selenium.WebDriverException -->
          <reporter-output>
            <line>
              <![CDATA[
Title Is Present On The Page | ]]>
            </line>
            <line>
              <![CDATA[
Completed executing following method : TestTest.testHbogoWebdriverTest1]]>
            </line>
            <line>
              <![CDATA[
Completed executing following method : TestTest.testHbogoWebdriverTest1]]>
            </line>
            <line>
              <![CDATA[
Test Method resides in test.java.TestTest]]>
            </line>
            <line>
              <![CDATA[Test Status: Failed]]>
            </line>
            <line>
              <![CDATA[About to begin executing following method : TestTest.tearDown]]>
            </line>
            <line>
              <![CDATA[About to begin executing following method : TestTest.tearDown]]>
            </line>
          </reporter-output>
        </test-method> <!-- testHbogoWebdriverTest1 -->
        <test-method status="PASS" signature="tearDown()[pri:0, instance:test.java.TestTest@1efbd816]" name="tearDown" is-config="true" duration-ms="322" started-at="2015-01-22T02:53:30Z" finished-at="2015-01-22T02:53:30Z">
          <reporter-output>
            <line>
              <![CDATA[
Completed executing following method : TestTest.tearDown]]>
            </line>
            <line>
              <![CDATA[
Completed executing following method : TestTest.tearDown]]>
            </line>
          </reporter-output>
        </test-method> <!-- tearDown -->
        <test-method status="PASS" signature="setUp(org.testng.ITestContext)[pri:0, instance:test.java.TestTest@1efbd816]" name="setUp" is-config="true" duration-ms="5613" started-at="2015-01-22T02:53:30Z" finished-at="2015-01-22T02:53:36Z">
          <params>
            <param index="0">
              <value>
                <![CDATA[org.testng.TestRunner@737a135b]]>
              </value>
            </param>
          </params>
          <reporter-output>
            <line>
              <![CDATA[
Completed executing following method : TestTest.setUp]]>
            </line>
            <line>
              <![CDATA[
Completed executing following method : TestTest.setUp]]>
            </line>
          </reporter-output>
        </test-method> <!-- setUp -->
        <test-method status="FAIL" signature="testHbogoWebdriverTest1()[pri:0, instance:test.java.TestTest@6ea12c19]" name="testHbogoWebdriverTest1" duration-ms="17560" started-at="2015-01-22T02:53:36Z" finished-at="2015-01-22T02:53:54Z">
          <exception class="org.openqa.selenium.WebDriverException">
            <message>
              <![CDATA[CustomerManager.customer is null
Command duration or timeout: 48 milliseconds
Build info: version: '2.44.0', revision: '76d78cf323ce037c5f92db6c1bba601c2ac43ad8', time: '2014-10-23 13:11:40'
System info: host: 'igeorge.local', ip: '192.168.1.100', os.name: 'Mac OS X', os.arch: 'x86_64', os.version: '10.7.5', java.version: '1.8.0_25'
Driver info: org.openqa.selenium.firefox.FirefoxDriver
Capabilities [{applicationCacheEnabled=true, rotatable=false, handlesAlerts=true, databaseEnabled=true, version=35.0, platform=MAC, nativeEvents=false, acceptSslCerts=true, webStorageEnabled=true, locationContextEnabled=true, browserName=firefox, takesScreenshot=true, javascriptEnabled=true, cssSelectorsEnabled=true}]
Session ID: f2a9ebf1-9d23-d14d-a4ee-bdf21e933751]]>
            </message>
            <full-stacktrace>
              <![CDATA[org.openqa.selenium.WebDriverException: CustomerManager.customer is null
Command duration or timeout: 48 milliseconds
Build info: version: '2.44.0', revision: '76d78cf323ce037c5f92db6c1bba601c2ac43ad8', time: '2014-10-23 13:11:40'
System info: host: 'igeorge.local', ip: '192.168.1.100', os.name: 'Mac OS X', os.arch: 'x86_64', os.version: '10.7.5', java.version: '1.8.0_25'
Driver info: org.openqa.selenium.firefox.FirefoxDriver
Capabilities [{applicationCacheEnabled=true, rotatable=false, handlesAlerts=true, databaseEnabled=true, version=35.0, platform=MAC, nativeEvents=false, acceptSslCerts=true, webStorageEnabled=true, locationContextEnabled=true, browserName=firefox, takesScreenshot=true, javascriptEnabled=true, cssSelectorsEnabled=true}]
Session ID: f2a9ebf1-9d23-d14d-a4ee-bdf21e933751
	at sun.reflect.NativeConstructorAccessorImpl.newInstance0(Native Method)
	at sun.reflect.NativeConstructorAccessorImpl.newInstance(NativeConstructorAccessorImpl.java:62)
	at sun.reflect.DelegatingConstructorAccessorImpl.newInstance(DelegatingConstructorAccessorImpl.java:45)
	at java.lang.reflect.Constructor.newInstance(Constructor.java:408)
	at org.openqa.selenium.remote.ErrorHandler.createThrowable(ErrorHandler.java:204)
	at org.openqa.selenium.remote.ErrorHandler.throwIfResponseFailed(ErrorHandler.java:156)
	at org.openqa.selenium.remote.RemoteWebDriver.execute(RemoteWebDriver.java:599)
	at org.openqa.selenium.remote.RemoteWebDriver.executeScript(RemoteWebDriver.java:508)
	at test.java.TestTest.testHbogoWebdriverTest1(TestTest.java:274)
	at sun.reflect.NativeMethodAccessorImpl.invoke0(Native Method)
	at sun.reflect.NativeMethodAccessorImpl.invoke(NativeMethodAccessorImpl.java:62)
	at sun.reflect.DelegatingMethodAccessorImpl.invoke(DelegatingMethodAccessorImpl.java:43)
	at java.lang.reflect.Method.invoke(Method.java:483)
	at org.testng.internal.MethodInvocationHelper.invokeMethod(MethodInvocationHelper.java:84)
	at org.testng.internal.Invoker.invokeMethod(Invoker.java:714)
	at org.testng.internal.Invoker.invokeTestMethod(Invoker.java:901)
	at org.testng.internal.Invoker.invokeTestMethods(Invoker.java:1231)
	at org.testng.internal.TestMethodWorker.invokeTestMethods(TestMethodWorker.java:127)
	at org.testng.internal.TestMethodWorker.run(TestMethodWorker.java:111)
	at org.testng.TestRunner.privateRun(TestRunner.java:767)
	at org.testng.TestRunner.run(TestRunner.java:617)
	at org.testng.SuiteRunner.runTest(SuiteRunner.java:334)
	at org.testng.SuiteRunner.runSequentially(SuiteRunner.java:329)
	at org.testng.SuiteRunner.privateRun(SuiteRunner.java:291)
	at org.testng.SuiteRunner.run(SuiteRunner.java:240)
	at org.testng.SuiteRunnerWorker.runSuite(SuiteRunnerWorker.java:52)
	at org.testng.SuiteRunnerWorker.run(SuiteRunnerWorker.java:86)
	at org.testng.TestNG.runSuitesSequentially(TestNG.java:1224)
	at org.testng.TestNG.runSuitesLocally(TestNG.java:1149)
	at org.testng.TestNG.run(TestNG.java:1057)
	at org.testng.remote.RemoteTestNG.run(RemoteTestNG.java:111)
	at org.testng.remote.RemoteTestNG.initAndRun(RemoteTestNG.java:204)
	at org.testng.remote.RemoteTestNG.main(RemoteTestNG.java:175)
Caused by: org.openqa.selenium.WebDriverException: CustomerManager.customer is null
Build info: version: '2.44.0', revision: '76d78cf323ce037c5f92db6c1bba601c2ac43ad8', time: '2014-10-23 13:11:40'
System info: host: 'igeorge.local', ip: '192.168.1.100', os.name: 'Mac OS X', os.arch: 'x86_64', os.version: '10.7.5', java.version: '1.8.0_25'
Driver info: driver.version: unknown
	at <anonymous class>.PlayerManager.checkAllowedContents(http://www.hbogo.hu/media/scripts/HBO.min.js?1260581924%3E:287:87781)
	at <anonymous class>.PlayerManager.handlePlay(http://www.hbogo.hu/media/scripts/HBO.min.js?1260581924%3E:287:88159)
	at <anonymous class>.anonymous(http://www.hbogo.hu/content/game-of-thrones-iv.-1-two-swords-255061514 line 68 > Function:1:1)
	at <anonymous class>.handleEvaluateEvent(http://www.hbogo.hu/content/game-of-thrones-iv.-1-two-swords-255061514:68:20)
]]>
            </full-stacktrace>
          </exception> <!-- org.openqa.selenium.WebDriverException -->
          <reporter-output>
            <line>
              <![CDATA[
Title Is Present On The Page | ]]>
            </line>
            <line>
              <![CDATA[
Completed executing following method : TestTest.testHbogoWebdriverTest1]]>
            </line>
            <line>
              <![CDATA[
Completed executing following method : TestTest.testHbogoWebdriverTest1]]>
            </line>
            <line>
              <![CDATA[
Test Method resides in test.java.TestTest]]>
            </line>
            <line>
              <![CDATA[Test Status: Failed]]>
            </line>
            <line>
              <![CDATA[About to begin executing following method : TestTest.tearDown]]>
            </line>
            <line>
              <![CDATA[About to begin executing following method : TestTest.tearDown]]>
            </line>
          </reporter-output>
        </test-method> <!-- testHbogoWebdriverTest1 -->
        <test-method status="PASS" signature="tearDown()[pri:0, instance:test.java.TestTest@1efbd816]" name="tearDown" is-config="true" duration-ms="486" started-at="2015-01-22T02:53:56Z" finished-at="2015-01-22T02:53:56Z">
          <reporter-output>
            <line>
              <![CDATA[
Completed executing following method : TestTest.tearDown]]>
            </line>
            <line>
              <![CDATA[
Completed executing following method : TestTest.tearDown]]>
            </line>
          </reporter-output>
        </test-method> <!-- tearDown -->
        <test-method status="PASS" signature="setUp(org.testng.ITestContext)[pri:0, instance:test.java.TestTest@1efbd816]" name="setUp" is-config="true" duration-ms="6793" started-at="2015-01-22T02:53:56Z" finished-at="2015-01-22T02:54:03Z">
          <params>
            <param index="0">
              <value>
                <![CDATA[org.testng.TestRunner@737a135b]]>
              </value>
            </param>
          </params>
          <reporter-output>
            <line>
              <![CDATA[
Completed executing following method : TestTest.setUp]]>
            </line>
            <line>
              <![CDATA[
Completed executing following method : TestTest.setUp]]>
            </line>
          </reporter-output>
        </test-method> <!-- setUp -->
        <test-method status="FAIL" signature="testHbogoWebdriverTest1()[pri:0, instance:test.java.TestTest@7921b0a2]" name="testHbogoWebdriverTest1" duration-ms="21600" started-at="2015-01-22T02:54:03Z" finished-at="2015-01-22T02:54:25Z">
          <exception class="org.openqa.selenium.WebDriverException">
            <message>
              <![CDATA[CustomerManager.customer is null
Command duration or timeout: 18 milliseconds
Build info: version: '2.44.0', revision: '76d78cf323ce037c5f92db6c1bba601c2ac43ad8', time: '2014-10-23 13:11:40'
System info: host: 'igeorge.local', ip: '192.168.1.100', os.name: 'Mac OS X', os.arch: 'x86_64', os.version: '10.7.5', java.version: '1.8.0_25'
Driver info: org.openqa.selenium.firefox.FirefoxDriver
Capabilities [{applicationCacheEnabled=true, rotatable=false, handlesAlerts=true, databaseEnabled=true, version=35.0, platform=MAC, nativeEvents=false, acceptSslCerts=true, webStorageEnabled=true, locationContextEnabled=true, browserName=firefox, takesScreenshot=true, javascriptEnabled=true, cssSelectorsEnabled=true}]
Session ID: 2ed0332f-9333-b14e-b289-ea7293d9349f]]>
            </message>
            <full-stacktrace>
              <![CDATA[org.openqa.selenium.WebDriverException: CustomerManager.customer is null
Command duration or timeout: 18 milliseconds
Build info: version: '2.44.0', revision: '76d78cf323ce037c5f92db6c1bba601c2ac43ad8', time: '2014-10-23 13:11:40'
System info: host: 'igeorge.local', ip: '192.168.1.100', os.name: 'Mac OS X', os.arch: 'x86_64', os.version: '10.7.5', java.version: '1.8.0_25'
Driver info: org.openqa.selenium.firefox.FirefoxDriver
Capabilities [{applicationCacheEnabled=true, rotatable=false, handlesAlerts=true, databaseEnabled=true, version=35.0, platform=MAC, nativeEvents=false, acceptSslCerts=true, webStorageEnabled=true, locationContextEnabled=true, browserName=firefox, takesScreenshot=true, javascriptEnabled=true, cssSelectorsEnabled=true}]
Session ID: 2ed0332f-9333-b14e-b289-ea7293d9349f
	at sun.reflect.NativeConstructorAccessorImpl.newInstance0(Native Method)
	at sun.reflect.NativeConstructorAccessorImpl.newInstance(NativeConstructorAccessorImpl.java:62)
	at sun.reflect.DelegatingConstructorAccessorImpl.newInstance(DelegatingConstructorAccessorImpl.java:45)
	at java.lang.reflect.Constructor.newInstance(Constructor.java:408)
	at org.openqa.selenium.remote.ErrorHandler.createThrowable(ErrorHandler.java:204)
	at org.openqa.selenium.remote.ErrorHandler.throwIfResponseFailed(ErrorHandler.java:156)
	at org.openqa.selenium.remote.RemoteWebDriver.execute(RemoteWebDriver.java:599)
	at org.openqa.selenium.remote.RemoteWebDriver.executeScript(RemoteWebDriver.java:508)
	at test.java.TestTest.testHbogoWebdriverTest1(TestTest.java:274)
	at sun.reflect.NativeMethodAccessorImpl.invoke0(Native Method)
	at sun.reflect.NativeMethodAccessorImpl.invoke(NativeMethodAccessorImpl.java:62)
	at sun.reflect.DelegatingMethodAccessorImpl.invoke(DelegatingMethodAccessorImpl.java:43)
	at java.lang.reflect.Method.invoke(Method.java:483)
	at org.testng.internal.MethodInvocationHelper.invokeMethod(MethodInvocationHelper.java:84)
	at org.testng.internal.Invoker.invokeMethod(Invoker.java:714)
	at org.testng.internal.Invoker.invokeTestMethod(Invoker.java:901)
	at org.testng.internal.Invoker.invokeTestMethods(Invoker.java:1231)
	at org.testng.internal.TestMethodWorker.invokeTestMethods(TestMethodWorker.java:127)
	at org.testng.internal.TestMethodWorker.run(TestMethodWorker.java:111)
	at org.testng.TestRunner.privateRun(TestRunner.java:767)
	at org.testng.TestRunner.run(TestRunner.java:617)
	at org.testng.SuiteRunner.runTest(SuiteRunner.java:334)
	at org.testng.SuiteRunner.runSequentially(SuiteRunner.java:329)
	at org.testng.SuiteRunner.privateRun(SuiteRunner.java:291)
	at org.testng.SuiteRunner.run(SuiteRunner.java:240)
	at org.testng.SuiteRunnerWorker.runSuite(SuiteRunnerWorker.java:52)
	at org.testng.SuiteRunnerWorker.run(SuiteRunnerWorker.java:86)
	at org.testng.TestNG.runSuitesSequentially(TestNG.java:1224)
	at org.testng.TestNG.runSuitesLocally(TestNG.java:1149)
	at org.testng.TestNG.run(TestNG.java:1057)
	at org.testng.remote.RemoteTestNG.run(RemoteTestNG.java:111)
	at org.testng.remote.RemoteTestNG.initAndRun(RemoteTestNG.java:204)
	at org.testng.remote.RemoteTestNG.main(RemoteTestNG.java:175)
Caused by: org.openqa.selenium.WebDriverException: CustomerManager.customer is null
Build info: version: '2.44.0', revision: '76d78cf323ce037c5f92db6c1bba601c2ac43ad8', time: '2014-10-23 13:11:40'
System info: host: 'igeorge.local', ip: '192.168.1.100', os.name: 'Mac OS X', os.arch: 'x86_64', os.version: '10.7.5', java.version: '1.8.0_25'
Driver info: driver.version: unknown
	at <anonymous class>.PlayerManager.checkAllowedContents(http://www.hbogo.hu/media/scripts/HBO.min.js?411786470%3E:287:87781)
	at <anonymous class>.PlayerManager.handlePlay(http://www.hbogo.hu/media/scripts/HBO.min.js?411786470%3E:287:88159)
	at <anonymous class>.anonymous(http://www.hbogo.hu/content/game-of-thrones-iv.-1-two-swords-255061514 line 68 > Function:1:1)
	at <anonymous class>.handleEvaluateEvent(http://www.hbogo.hu/content/game-of-thrones-iv.-1-two-swords-255061514:68:20)
]]>
            </full-stacktrace>
          </exception> <!-- org.openqa.selenium.WebDriverException -->
          <reporter-output>
            <line>
              <![CDATA[
Title Is Present On The Page | ]]>
            </line>
            <line>
              <![CDATA[
Completed executing following method : TestTest.testHbogoWebdriverTest1]]>
            </line>
            <line>
              <![CDATA[
Completed executing following method : TestTest.testHbogoWebdriverTest1]]>
            </line>
            <line>
              <![CDATA[
Test Method resides in test.java.TestTest]]>
            </line>
            <line>
              <![CDATA[Test Status: Failed]]>
            </line>
            <line>
              <![CDATA[About to begin executing following method : TestTest.tearDown]]>
            </line>
            <line>
              <![CDATA[About to begin executing following method : TestTest.tearDown]]>
            </line>
          </reporter-output>
        </test-method> <!-- testHbogoWebdriverTest1 -->
        <test-method status="PASS" signature="tearDown()[pri:0, instance:test.java.TestTest@1efbd816]" name="tearDown" is-config="true" duration-ms="328" started-at="2015-01-22T02:54:27Z" finished-at="2015-01-22T02:54:27Z">
          <reporter-output>
            <line>
              <![CDATA[
Completed executing following method : TestTest.tearDown]]>
            </line>
            <line>
              <![CDATA[
Completed executing following method : TestTest.tearDown]]>
            </line>
          </reporter-output>
        </test-method> <!-- tearDown -->
      </class> <!-- test.java.TestTest -->
    </test> <!-- Default test -->
  </suite> <!-- Test Demo Run -->
</testng-results>
